

<!DOCTYPE html>
<html>
<head>
<meta charset="UTF-8">
<meta name="viewport" content="width=device-width, initial-scale=1, shrink-to-fit=no">
<title>Automation Framework - Test Report</title>
<link rel="apple-touch-icon" href="https://cdn.jsdelivr.net/gh/extent-framework/extent-github-cdn@b00a2d0486596e73dd7326beacf352c639623a0e/commons/img/logo.png">
<link rel="shortcut icon" href="https://cdn.jsdelivr.net/gh/extent-framework/extent-github-cdn@b00a2d0486596e73dd7326beacf352c639623a0e/commons/img/logo.png">
<link href="https://cdn.jsdelivr.net/gh/extent-framework/extent-github-cdn@ce8b10435bcbae260c334c0d0c6b61d2c19b6168/spark/css/spark-style.css" rel="stylesheet" />
<link href="https://stackpath.bootstrapcdn.com/font-awesome/4.7.0/css/font-awesome.min.css" rel="stylesheet">
<script src="https://cdn.jsdelivr.net/gh/extent-framework/extent-github-cdn@7cc78ce/spark/js/jsontree.js"></script>
<style type="text/css"></style></head><body class="spa -report standard">
  <div class="app">
    <div class="layout">
<div class="header navbar">
<div class="vheader">
<div class="nav-logo">
<a href="#">
<div class="logo" style="background-image: url('https://cdn.jsdelivr.net/gh/extent-framework/extent-github-cdn@b00a2d0486596e73dd7326beacf352c639623a0e/commons/img/logo.png')"></div>
</a>
</div>
<ul class="nav-left">
<li class="search-box">
<a class="search-toggle" href="#">
<i class="search-icon fa fa-search"></i>
<i class="search-icon-close fa fa-close"></i>
</a>
</li>
<li class="search-input"><input id="search-tests" class="form-control" type="text" placeholder="Search..."></li>
</ul>
<ul class="nav-right">
<li class="m-r-10">
<a href="#"><span class="badge badge-primary">Automation Framework Automation</span></a>
</li>
<li class="m-r-10">
<a href="#"><span class="badge badge-primary">Nov 8, 2025 05:21:04 pm</span></a>
</li>
</ul>
</div>
</div><div class="side-nav">
<div class="side-nav-inner">
<ul class="side-nav-menu">
<li class="nav-item dropdown" onclick="toggleView('test-view')">
<a id="nav-test" class="dropdown-toggle" href="#">
<span class="ico"><i class="fa fa-list"></i></span>
</a>
</li>
<li class="nav-item dropdown" onclick="toggleView('exception-view')">
<a id="nav-exception" class="dropdown-toggle" href="#">
<span class="ico"><i class="fa fa-bug"></i></span>
</a>
</li>
<li class="nav-item dropdown" onclick="toggleView('dashboard-view')">
<a id="nav-dashboard" class="dropdown-toggle" href="#">
<span class="ico"><i class="fa fa-bar-chart"></i></span>
</a>
</li>
</ul>
</div>
</div>      <div class="vcontainer">
        <div class="main-content">
<div class="test-wrapper row view test-view">
  <div class="test-list">
    <div class="test-list-tools">
<ul class="tools pull-left">
<li><a href="#"><span class="font-size-14">Tests</span></a></li>
</ul>
<ul class="tools text-right">
<li class="dropdown">
<a href="#" class="dropdown-toggle" data-toggle="dropdown"><i class="fa fa-exclamation-circle"></i></a>
<ul id="status-toggle" class="dropdown-menu dropdown-md p-v-0">
<a class="dropdown-item" status="pass" href="#"><span>Pass</span><span class="status success"></span></a>
<a class="dropdown-item" status="fail" href="#"><span>Fail</span><span class="status danger"></span></a>
<div class="dropdown-divider"></div>
<a status="clear" class="dropdown-item" href="#"><span>Clear</span><span class="pull-right"><i class="fa fa-close"></i></span></a>
</ul>
</li>
</ul>
</div>    <div class="test-list-wrapper scrollable">
      <ul class="test-list-item">
        <li class="test-item"  status="fail" test-id="1"
          author=""
          tag=""
          device="">
          <div class="test-detail">
            <p class="name">testSuperAdminValidLogin_13704</p>
            <p class="text-sm">
              <span>5:21:14‚ÄØpm</span> / <span>00:00:22:646</span>
              <span class="badge fail-bg log float-right">Fail</span>
            </p>
          </div>
          <div class="test-contents d-none">
<div class="detail-head">
<div class="p-v-10">
<div class="info">
<h5 class="test-status text-fail">testSuperAdminValidLogin_13704</h5>
<span class='badge badge-success'>11.08.2025 5:21:14‚ÄØpm</span>
<span class='badge badge-danger'>11.08.2025 5:21:37‚ÄØpm</span>
<span class='badge badge-default'>00:00:22:646</span>
&middot; <span class='uri-anchor badge badge-default'>#test-id=1</span>
<span title='Skip to the next failed step' class='badge badge-danger pointer float-right ne ml-1'><i class="fa fa-fast-forward"></i></span>
<span title='Collapse all nodes' class='badge badge-default pointer float-right ct ml-1'><i class="fa fa-compress"></i></span>
<span title='Expand all nodes' class='badge badge-default pointer float-right et'><i class="fa fa-expand"></i></span>
</div>
</div>
</div>    <div class="row mb-3"><div class="col-md-3">
    

<img data-featherlight='C:\Users\lenovo\eclipse-workspace\AutomationTestDemo\AutomationTestDemo/Reports/Failed Snap/testSuperAdminInvalidLoginMail_13706_2025-11-08_17-21-29.png' src="C:\Users\lenovo\eclipse-workspace\AutomationTestDemo\AutomationTestDemo/Reports/Failed Snap/testSuperAdminInvalidLoginMail_13706_2025-11-08_17-21-29.png">
  
    

    </div></div>
    <div class="row mb-3"><div class="col-md-3">
    

<img data-featherlight='C:\Users\lenovo\eclipse-workspace\AutomationTestDemo\AutomationTestDemo/Reports/Failed Snap/testSuperAdminInvalidLoginPass_13705_2025-11-08_17-21-30.png' src="C:\Users\lenovo\eclipse-workspace\AutomationTestDemo\AutomationTestDemo/Reports/Failed Snap/testSuperAdminInvalidLoginPass_13705_2025-11-08_17-21-30.png">
  
    

    </div></div>
    <div class="row mb-3"><div class="col-md-3">
    

<img data-featherlight='C:\Users\lenovo\eclipse-workspace\AutomationTestDemo\AutomationTestDemo/Reports/Failed Snap/testSuperAdminInvalidLoginPassMail_13707_2025-11-08_17-21-30.png' src="C:\Users\lenovo\eclipse-workspace\AutomationTestDemo\AutomationTestDemo/Reports/Failed Snap/testSuperAdminInvalidLoginPassMail_13707_2025-11-08_17-21-30.png">
  
    

    </div></div>
<div class="detail-body mt-4">
<table class="table table-sm">
  <thead><tr><th class="status-col">Status</th><th class="timestamp-col">Timestamp</th><th class="details-col">Details</th></tr></thead>
  <tbody>
      <tr class="event-row">
        <td><span class="badge log info-bg">Info</span></td>
        <td>5:21:14‚ÄØpm</td>
        <td>
          üöÄ Test started: testSuperAdminValidLogin_13704
        </td>
      </tr>
      <tr class="event-row">
        <td><span class="badge log info-bg">Info</span></td>
        <td>5:21:14‚ÄØpm</td>
        <td>
          üöÄ Starting valid login test...
        </td>
      </tr>
      <tr class="event-row">
        <td><span class="badge log info-bg">Info</span></td>
        <td>5:21:14‚ÄØpm</td>
        <td>
          ‚å®Ô∏è Sent keys: pravin.yadav@medivoxx.com
        </td>
      </tr>
      <tr class="event-row">
        <td><span class="badge log info-bg">Info</span></td>
        <td>5:21:14‚ÄØpm</td>
        <td>
          ‚å®Ô∏è Sent keys: Pass@2025
        </td>
      </tr>
      <tr class="event-row">
        <td><span class="badge log info-bg">Info</span></td>
        <td>5:21:28‚ÄØpm</td>
        <td>
          üñ±Ô∏è Clicked element: Proxy element for: DefaultElementLocator 'By.xpath: //input[@type='submit']'
        </td>
      </tr>
      <tr class="event-row">
        <td><span class="badge log info-bg">Info</span></td>
        <td>5:21:28‚ÄØpm</td>
        <td>
          ‚úÖ Valid login test completed.
        </td>
      </tr>
      <tr class="event-row">
        <td><span class="badge log pass-bg">Pass</span></td>
        <td>5:21:28‚ÄØpm</td>
        <td>
          ‚úÖ Test Passed: testSuperAdminValidLogin_13704
        </td>
      </tr>
      <tr class="event-row">
        <td><span class="badge log info-bg">Info</span></td>
        <td>5:21:28‚ÄØpm</td>
        <td>
          üßπ Browser closed successfully.
        </td>
      </tr>
      <tr class="event-row">
        <td><span class="badge log fail-bg">Fail</span></td>
        <td>5:21:28‚ÄØpm</td>
        <td>
          ‚ùå Test Failed: testSuperAdminInvalidLoginMail_13706
        </td>
      </tr>
      <tr class="event-row">
        <td><span class="badge log fail-bg">Fail</span></td>
        <td>5:21:28‚ÄØpm</td>
        <td>
          <textarea readonly class="code-block">org.testng.TestNGException: 
Method public void AutomationTestDemo.LoginTest.LoginTest.testSuperAdminInvalidLoginMail_13706(java.lang.String,java.lang.String,java.lang.String,java.lang.String) requires a @DataProvider named : LoginTestData
	at org.testng.internal.Parameters.findDataProvider(Parameters.java:532)
	at org.testng.internal.Parameters.handleParameters(Parameters.java:769)
	at org.testng.internal.Parameters.handleParameters(Parameters.java:734)
	at org.testng.internal.invokers.ParameterHandler.handleParameters(ParameterHandler.java:72)
	at org.testng.internal.invokers.ParameterHandler.createParameters(ParameterHandler.java:51)
	at org.testng.internal.invokers.TestInvoker$MethodInvocationAgent.invoke(TestInvoker.java:949)
	at org.testng.internal.invokers.TestInvoker.invokeTestMethods(TestInvoker.java:203)
	at org.testng.internal.invokers.TestMethodWorker.invokeTestMethods(TestMethodWorker.java:154)
	at org.testng.internal.invokers.TestMethodWorker.run(TestMethodWorker.java:134)
	at java.base/java.util.ArrayList.forEach(ArrayList.java:1596)
	at org.testng.TestRunner.privateRun(TestRunner.java:741)
	at org.testng.TestRunner.run(TestRunner.java:616)
	at org.testng.SuiteRunner.runTest(SuiteRunner.java:421)
	at org.testng.SuiteRunner.runSequentially(SuiteRunner.java:413)
	at org.testng.SuiteRunner.privateRun(SuiteRunner.java:373)
	at org.testng.SuiteRunner.run(SuiteRunner.java:312)
	at org.testng.SuiteRunnerWorker.runSuite(SuiteRunnerWorker.java:52)
	at org.testng.SuiteRunnerWorker.run(SuiteRunnerWorker.java:95)
	at org.testng.TestNG.runSuitesSequentially(TestNG.java:1274)
	at org.testng.TestNG.runSuitesLocally(TestNG.java:1208)
	at org.testng.TestNG.runSuites(TestNG.java:1112)
	at org.testng.TestNG.run(TestNG.java:1079)
	at org.testng.remote.AbstractRemoteTestNG.run(AbstractRemoteTestNG.java:115)
	at org.testng.remote.RemoteTestNG.initAndRun(RemoteTestNG.java:293)
	at org.testng.remote.RemoteTestNG.main(RemoteTestNG.java:91)
</textarea>
          
        </td>
      </tr>
      <tr class="event-row">
        <td><span class="badge log info-bg">Info</span></td>
        <td>5:21:28‚ÄØpm</td>
        <td>
          ‚úÖ Environment set from System property/TestNG: qa
        </td>
      </tr>
      <tr class="event-row">
        <td><span class="badge log info-bg">Info</span></td>
        <td>5:21:28‚ÄØpm</td>
        <td>
          üåç Loaded URL for qa: https://hcc.geesemed.com/admin/login/?next=/admin/
        </td>
      </tr>
      <tr class="event-row">
        <td><span class="badge log info-bg">Info</span></td>
        <td>5:21:29‚ÄØpm</td>
        <td>
          ‚è≥ Implicit wait set to 10 sec.
        </td>
      </tr>
      <tr class="event-row">
        <td><span class="badge log fail-bg">Fail</span></td>
        <td>5:21:30‚ÄØpm</td>
        <td>
          ‚ùå Test Failed: testSuperAdminInvalidLoginPass_13705
        </td>
      </tr>
      <tr class="event-row">
        <td><span class="badge log fail-bg">Fail</span></td>
        <td>5:21:30‚ÄØpm</td>
        <td>
          <textarea readonly class="code-block">org.testng.TestNGException: 
Method public void AutomationTestDemo.LoginTest.LoginTest.testSuperAdminInvalidLoginPass_13705(java.lang.String,java.lang.String,java.lang.String,java.lang.String) requires a @DataProvider named : LoginTestData
	at org.testng.internal.Parameters.findDataProvider(Parameters.java:532)
	at org.testng.internal.Parameters.handleParameters(Parameters.java:769)
	at org.testng.internal.Parameters.handleParameters(Parameters.java:734)
	at org.testng.internal.invokers.ParameterHandler.handleParameters(ParameterHandler.java:72)
	at org.testng.internal.invokers.ParameterHandler.createParameters(ParameterHandler.java:51)
	at org.testng.internal.invokers.TestInvoker$MethodInvocationAgent.invoke(TestInvoker.java:949)
	at org.testng.internal.invokers.TestInvoker.invokeTestMethods(TestInvoker.java:203)
	at org.testng.internal.invokers.TestMethodWorker.invokeTestMethods(TestMethodWorker.java:154)
	at org.testng.internal.invokers.TestMethodWorker.run(TestMethodWorker.java:134)
	at java.base/java.util.ArrayList.forEach(ArrayList.java:1596)
	at org.testng.TestRunner.privateRun(TestRunner.java:741)
	at org.testng.TestRunner.run(TestRunner.java:616)
	at org.testng.SuiteRunner.runTest(SuiteRunner.java:421)
	at org.testng.SuiteRunner.runSequentially(SuiteRunner.java:413)
	at org.testng.SuiteRunner.privateRun(SuiteRunner.java:373)
	at org.testng.SuiteRunner.run(SuiteRunner.java:312)
	at org.testng.SuiteRunnerWorker.runSuite(SuiteRunnerWorker.java:52)
	at org.testng.SuiteRunnerWorker.run(SuiteRunnerWorker.java:95)
	at org.testng.TestNG.runSuitesSequentially(TestNG.java:1274)
	at org.testng.TestNG.runSuitesLocally(TestNG.java:1208)
	at org.testng.TestNG.runSuites(TestNG.java:1112)
	at org.testng.TestNG.run(TestNG.java:1079)
	at org.testng.remote.AbstractRemoteTestNG.run(AbstractRemoteTestNG.java:115)
	at org.testng.remote.RemoteTestNG.initAndRun(RemoteTestNG.java:293)
	at org.testng.remote.RemoteTestNG.main(RemoteTestNG.java:91)
</textarea>
          
        </td>
      </tr>
      <tr class="event-row">
        <td><span class="badge log fail-bg">Fail</span></td>
        <td>5:21:30‚ÄØpm</td>
        <td>
          ‚ùå Test Failed: testSuperAdminInvalidLoginPassMail_13707
        </td>
      </tr>
      <tr class="event-row">
        <td><span class="badge log fail-bg">Fail</span></td>
        <td>5:21:30‚ÄØpm</td>
        <td>
          <textarea readonly class="code-block">org.testng.TestNGException: 
Method public void AutomationTestDemo.LoginTest.LoginTest.testSuperAdminInvalidLoginPassMail_13707(java.lang.String,java.lang.String,java.lang.String,java.lang.String) requires a @DataProvider named : LoginTestData
	at org.testng.internal.Parameters.findDataProvider(Parameters.java:532)
	at org.testng.internal.Parameters.handleParameters(Parameters.java:769)
	at org.testng.internal.Parameters.handleParameters(Parameters.java:734)
	at org.testng.internal.invokers.ParameterHandler.handleParameters(ParameterHandler.java:72)
	at org.testng.internal.invokers.ParameterHandler.createParameters(ParameterHandler.java:51)
	at org.testng.internal.invokers.TestInvoker$MethodInvocationAgent.invoke(TestInvoker.java:949)
	at org.testng.internal.invokers.TestInvoker.invokeTestMethods(TestInvoker.java:203)
	at org.testng.internal.invokers.TestMethodWorker.invokeTestMethods(TestMethodWorker.java:154)
	at org.testng.internal.invokers.TestMethodWorker.run(TestMethodWorker.java:134)
	at java.base/java.util.ArrayList.forEach(ArrayList.java:1596)
	at org.testng.TestRunner.privateRun(TestRunner.java:741)
	at org.testng.TestRunner.run(TestRunner.java:616)
	at org.testng.SuiteRunner.runTest(SuiteRunner.java:421)
	at org.testng.SuiteRunner.runSequentially(SuiteRunner.java:413)
	at org.testng.SuiteRunner.privateRun(SuiteRunner.java:373)
	at org.testng.SuiteRunner.run(SuiteRunner.java:312)
	at org.testng.SuiteRunnerWorker.runSuite(SuiteRunnerWorker.java:52)
	at org.testng.SuiteRunnerWorker.run(SuiteRunnerWorker.java:95)
	at org.testng.TestNG.runSuitesSequentially(TestNG.java:1274)
	at org.testng.TestNG.runSuitesLocally(TestNG.java:1208)
	at org.testng.TestNG.runSuites(TestNG.java:1112)
	at org.testng.TestNG.run(TestNG.java:1079)
	at org.testng.remote.AbstractRemoteTestNG.run(AbstractRemoteTestNG.java:115)
	at org.testng.remote.RemoteTestNG.initAndRun(RemoteTestNG.java:293)
	at org.testng.remote.RemoteTestNG.main(RemoteTestNG.java:91)
</textarea>
          
        </td>
      </tr>
      <tr class="event-row">
        <td><span class="badge log info-bg">Info</span></td>
        <td>5:21:37‚ÄØpm</td>
        <td>
          ‚ÑπÔ∏è No alert present to accept.
        </td>
      </tr>
      <tr class="event-row">
        <td><span class="badge log info-bg">Info</span></td>
        <td>5:21:37‚ÄØpm</td>
        <td>
          üåê Browser launched and navigated to: https://hcc.geesemed.com/admin/login/?next=/admin/
        </td>
      </tr>
      <tr class="event-row">
        <td><span class="badge log info-bg">Info</span></td>
        <td>5:21:37‚ÄØpm</td>
        <td>
          ‚úÖ Browser launched successfully for environment: qa
        </td>
      </tr>
  </tbody>
</table>
</div>
          </div>
        </li>
        <li class="test-item"  status="fail" test-id="2"
          author=""
          tag=""
          device="">
          <div class="test-detail">
            <p class="name">createNewSUWithVlDetails_13709</p>
            <p class="text-sm">
              <span>5:21:37‚ÄØpm</span> / <span>00:00:43:414</span>
              <span class="badge fail-bg log float-right">Fail</span>
            </p>
          </div>
          <div class="test-contents d-none">
<div class="detail-head">
<div class="p-v-10">
<div class="info">
<h5 class="test-status text-fail">createNewSUWithVlDetails_13709</h5>
<span class='badge badge-success'>11.08.2025 5:21:37‚ÄØpm</span>
<span class='badge badge-danger'>11.08.2025 5:22:20‚ÄØpm</span>
<span class='badge badge-default'>00:00:43:414</span>
&middot; <span class='uri-anchor badge badge-default'>#test-id=2</span>
<span title='Skip to the next failed step' class='badge badge-danger pointer float-right ne ml-1'><i class="fa fa-fast-forward"></i></span>
<span title='Collapse all nodes' class='badge badge-default pointer float-right ct ml-1'><i class="fa fa-compress"></i></span>
<span title='Expand all nodes' class='badge badge-default pointer float-right et'><i class="fa fa-expand"></i></span>
</div>
</div>
</div>    <div class="row mb-3"><div class="col-md-3">
    

<img data-featherlight='C:\Users\lenovo\eclipse-workspace\AutomationTestDemo\AutomationTestDemo/Reports/Failed Snap/createNewSUWithVlDetails_13709_2025-11-08_17-22-12.png' src="C:\Users\lenovo\eclipse-workspace\AutomationTestDemo\AutomationTestDemo/Reports/Failed Snap/createNewSUWithVlDetails_13709_2025-11-08_17-22-12.png">
  
    

    </div></div>
<div class="detail-body mt-4">
<table class="table table-sm">
  <thead><tr><th class="status-col">Status</th><th class="timestamp-col">Timestamp</th><th class="details-col">Details</th></tr></thead>
  <tbody>
      <tr class="event-row">
        <td><span class="badge log info-bg">Info</span></td>
        <td>5:21:37‚ÄØpm</td>
        <td>
          üöÄ Test started: createNewSUWithVlDetails_13709
        </td>
      </tr>
      <tr class="event-row">
        <td><span class="badge log info-bg">Info</span></td>
        <td>5:21:37‚ÄØpm</td>
        <td>
          ‚å®Ô∏è Sent keys: pravin.yadav@medivoxx.com
        </td>
      </tr>
      <tr class="event-row">
        <td><span class="badge log info-bg">Info</span></td>
        <td>5:21:37‚ÄØpm</td>
        <td>
          ‚å®Ô∏è Sent keys: Pass@2025
        </td>
      </tr>
      <tr class="event-row">
        <td><span class="badge log info-bg">Info</span></td>
        <td>5:21:51‚ÄØpm</td>
        <td>
          üñ±Ô∏è Clicked element: Proxy element for: DefaultElementLocator 'By.xpath: //input[@type='submit']'
        </td>
      </tr>
      <tr class="event-row">
        <td><span class="badge log info-bg">Info</span></td>
        <td>5:21:56‚ÄØpm</td>
        <td>
          üñ±Ô∏è Clicked element: [[ChromeDriver: chrome on windows (ea5ae527f65ecd48871be60757f54eed)] -> xpath: //a[@href='/admin/users/user/']]
        </td>
      </tr>
      <tr class="event-row">
        <td><span class="badge log info-bg">Info</span></td>
        <td>5:21:57‚ÄØpm</td>
        <td>
          ‚ö†Ô∏è Normal click failed, trying JS click...
        </td>
      </tr>
      <tr class="event-row">
        <td><span class="badge log info-bg">Info</span></td>
        <td>5:22:00‚ÄØpm</td>
        <td>
          ‚úÖ JS click performed.
        </td>
      </tr>
      <tr class="event-row">
        <td><span class="badge log info-bg">Info</span></td>
        <td>5:22:00‚ÄØpm</td>
        <td>
          ‚å®Ô∏è Sent keys: User19211
        </td>
      </tr>
      <tr class="event-row">
        <td><span class="badge log info-bg">Info</span></td>
        <td>5:22:00‚ÄØpm</td>
        <td>
          ‚å®Ô∏è Sent keys: Pass@19211
        </td>
      </tr>
      <tr class="event-row">
        <td><span class="badge log info-bg">Info</span></td>
        <td>5:22:00‚ÄØpm</td>
        <td>
          ‚å®Ô∏è Sent keys: Pass@19211
        </td>
      </tr>
      <tr class="event-row">
        <td><span class="badge log info-bg">Info</span></td>
        <td>5:22:02‚ÄØpm</td>
        <td>
          üñ±Ô∏è Clicked element: [[ChromeDriver: chrome on windows (ea5ae527f65ecd48871be60757f54eed)] -> xpath: //input[@name='_save']]
        </td>
      </tr>
      <tr class="event-row">
        <td><span class="badge log fail-bg">Fail</span></td>
        <td>5:22:12‚ÄØpm</td>
        <td>
          ‚ùå Failed to get text: no such element: Unable to locate element: {"method":"xpath","selector":"//pre[@class='exception_value']"}
  (Session info: chrome=141.0.7390.125)
For documentation on this error, please visit: https://www.selenium.dev/documentation/webdriver/troubleshooting/errors#no-such-element-exception
Build info: version: '4.34.0', revision: '707dcb4246*'
System info: os.name: 'Windows 11', os.arch: 'amd64', os.version: '10.0', java.version: '21.0.1'
Driver info: org.openqa.selenium.chrome.ChromeDriver
Command: [ea5ae527f65ecd48871be60757f54eed, findElement {using=xpath, value=//pre[@class='exception_value']}]
Capabilities {acceptInsecureCerts: false, browserName: chrome, browserVersion: 141.0.7390.125, chrome: {chromedriverVersion: 141.0.7390.122 (b477534e7e1..., userDataDir: C:\Users\lenovo\AppData\Loc...}, fedcm:accounts: true, goog:chromeOptions: {debuggerAddress: localhost:61988}, networkConnectionEnabled: false, pageLoadStrategy: normal, platformName: windows, proxy: Proxy(), se:cdp: ws://localhost:61988/devtoo..., se:cdpVersion: 141.0.7390.125, setWindowRect: true, strictFileInteractability: false, timeouts: {implicit: 0, pageLoad: 300000, script: 30000}, unhandledPromptBehavior: dismiss and notify, webauthn:extension:credBlob: true, webauthn:extension:largeBlob: true, webauthn:extension:minPinLength: true, webauthn:extension:prf: true, webauthn:virtualAuthenticators: true}
Session ID: ea5ae527f65ecd48871be60757f54eed
        </td>
      </tr>
      <tr class="event-row">
        <td><span class="badge log fail-bg">Fail</span></td>
        <td>5:22:12‚ÄØpm</td>
        <td>
          ‚ùå Test Failed: createNewSUWithVlDetails_13709
        </td>
      </tr>
      <tr class="event-row">
        <td><span class="badge log fail-bg">Fail</span></td>
        <td>5:22:12‚ÄØpm</td>
        <td>
          <textarea readonly class="code-block">java.lang.AssertionError: Get Text Failed: no such element: Unable to locate element: {"method":"xpath","selector":"//pre[@class='exception_value']"}
  (Session info: chrome=141.0.7390.125)
For documentation on this error, please visit: https://www.selenium.dev/documentation/webdriver/troubleshooting/errors#no-such-element-exception
Build info: version: '4.34.0', revision: '707dcb4246*'
System info: os.name: 'Windows 11', os.arch: 'amd64', os.version: '10.0', java.version: '21.0.1'
Driver info: org.openqa.selenium.chrome.ChromeDriver
Command: [ea5ae527f65ecd48871be60757f54eed, findElement {using=xpath, value=//pre[@class='exception_value']}]
Capabilities {acceptInsecureCerts: false, browserName: chrome, browserVersion: 141.0.7390.125, chrome: {chromedriverVersion: 141.0.7390.122 (b477534e7e1..., userDataDir: C:\Users\lenovo\AppData\Loc...}, fedcm:accounts: true, goog:chromeOptions: {debuggerAddress: localhost:61988}, networkConnectionEnabled: false, pageLoadStrategy: normal, platformName: windows, proxy: Proxy(), se:cdp: ws://localhost:61988/devtoo..., se:cdpVersion: 141.0.7390.125, setWindowRect: true, strictFileInteractability: false, timeouts: {implicit: 0, pageLoad: 300000, script: 30000}, unhandledPromptBehavior: dismiss and notify, webauthn:extension:credBlob: true, webauthn:extension:largeBlob: true, webauthn:extension:minPinLength: true, webauthn:extension:prf: true, webauthn:virtualAuthenticators: true}
Session ID: ea5ae527f65ecd48871be60757f54eed
	at org.testng.Assert.fail(Assert.java:111)
	at AutomationTestDemo.Utility.WebUtility.getText(WebUtility.java:243)
	at automationTestDemoPage.Login.createNewSuperUser.createNewSuperAdminUser(createNewSuperUser.java:50)
	at AutomationTestDemo.LoginTest.createNewUser.createNewSUWithVlDetails_13709(createNewUser.java:47)
	at java.base/jdk.internal.reflect.DirectMethodHandleAccessor.invoke(DirectMethodHandleAccessor.java:103)
	at java.base/java.lang.reflect.Method.invoke(Method.java:580)
	at org.testng.internal.invokers.MethodInvocationHelper.invokeMethod(MethodInvocationHelper.java:141)
	at org.testng.internal.invokers.TestInvoker.invokeMethod(TestInvoker.java:687)
	at org.testng.internal.invokers.TestInvoker.invokeTestMethod(TestInvoker.java:230)
	at org.testng.internal.invokers.MethodRunner.runInSequence(MethodRunner.java:63)
	at org.testng.internal.invokers.TestInvoker$MethodInvocationAgent.invoke(TestInvoker.java:995)
	at org.testng.internal.invokers.TestInvoker.invokeTestMethods(TestInvoker.java:203)
	at org.testng.internal.invokers.TestMethodWorker.invokeTestMethods(TestMethodWorker.java:154)
	at org.testng.internal.invokers.TestMethodWorker.run(TestMethodWorker.java:134)
	at java.base/java.util.ArrayList.forEach(ArrayList.java:1596)
	at org.testng.TestRunner.privateRun(TestRunner.java:741)
	at org.testng.TestRunner.run(TestRunner.java:616)
	at org.testng.SuiteRunner.runTest(SuiteRunner.java:421)
	at org.testng.SuiteRunner.runSequentially(SuiteRunner.java:413)
	at org.testng.SuiteRunner.privateRun(SuiteRunner.java:373)
	at org.testng.SuiteRunner.run(SuiteRunner.java:312)
	at org.testng.SuiteRunnerWorker.runSuite(SuiteRunnerWorker.java:52)
	at org.testng.SuiteRunnerWorker.run(SuiteRunnerWorker.java:95)
	at org.testng.TestNG.runSuitesSequentially(TestNG.java:1274)
	at org.testng.TestNG.runSuitesLocally(TestNG.java:1208)
	at org.testng.TestNG.runSuites(TestNG.java:1112)
	at org.testng.TestNG.run(TestNG.java:1079)
	at org.testng.remote.AbstractRemoteTestNG.run(AbstractRemoteTestNG.java:115)
	at org.testng.remote.RemoteTestNG.initAndRun(RemoteTestNG.java:293)
	at org.testng.remote.RemoteTestNG.main(RemoteTestNG.java:91)
</textarea>
          
        </td>
      </tr>
      <tr class="event-row">
        <td><span class="badge log info-bg">Info</span></td>
        <td>5:22:12‚ÄØpm</td>
        <td>
          üßπ Browser closed successfully.
        </td>
      </tr>
      <tr class="event-row">
        <td><span class="badge log info-bg">Info</span></td>
        <td>5:22:12‚ÄØpm</td>
        <td>
          ‚úÖ Environment set from System property/TestNG: qa
        </td>
      </tr>
      <tr class="event-row">
        <td><span class="badge log info-bg">Info</span></td>
        <td>5:22:12‚ÄØpm</td>
        <td>
          üåç Loaded URL for qa: https://hcc.geesemed.com/admin/login/?next=/admin/
        </td>
      </tr>
      <tr class="event-row">
        <td><span class="badge log info-bg">Info</span></td>
        <td>5:22:13‚ÄØpm</td>
        <td>
          ‚è≥ Implicit wait set to 10 sec.
        </td>
      </tr>
      <tr class="event-row">
        <td><span class="badge log info-bg">Info</span></td>
        <td>5:22:20‚ÄØpm</td>
        <td>
          ‚ÑπÔ∏è No alert present to accept.
        </td>
      </tr>
      <tr class="event-row">
        <td><span class="badge log info-bg">Info</span></td>
        <td>5:22:20‚ÄØpm</td>
        <td>
          üåê Browser launched and navigated to: https://hcc.geesemed.com/admin/login/?next=/admin/
        </td>
      </tr>
      <tr class="event-row">
        <td><span class="badge log info-bg">Info</span></td>
        <td>5:22:20‚ÄØpm</td>
        <td>
          ‚úÖ Browser launched successfully for environment: qa
        </td>
      </tr>
  </tbody>
</table>
</div>
          </div>
        </li>
        <li class="test-item"  status="fail" test-id="3"
          author=""
          tag=""
          device="">
          <div class="test-detail">
            <p class="name">createNewSUWithSameDtl_13716</p>
            <p class="text-sm">
              <span>5:22:20‚ÄØpm</span> / <span>00:00:43:675</span>
              <span class="badge fail-bg log float-right">Fail</span>
            </p>
          </div>
          <div class="test-contents d-none">
<div class="detail-head">
<div class="p-v-10">
<div class="info">
<h5 class="test-status text-fail">createNewSUWithSameDtl_13716</h5>
<span class='badge badge-success'>11.08.2025 5:22:20‚ÄØpm</span>
<span class='badge badge-danger'>11.08.2025 5:23:04‚ÄØpm</span>
<span class='badge badge-default'>00:00:43:675</span>
&middot; <span class='uri-anchor badge badge-default'>#test-id=3</span>
<span title='Skip to the next failed step' class='badge badge-danger pointer float-right ne ml-1'><i class="fa fa-fast-forward"></i></span>
<span title='Collapse all nodes' class='badge badge-default pointer float-right ct ml-1'><i class="fa fa-compress"></i></span>
<span title='Expand all nodes' class='badge badge-default pointer float-right et'><i class="fa fa-expand"></i></span>
</div>
</div>
</div>    <div class="row mb-3"><div class="col-md-3">
    

<img data-featherlight='C:\Users\lenovo\eclipse-workspace\AutomationTestDemo\AutomationTestDemo/Reports/Failed Snap/createNewSUWithSameDtl_13716_2025-11-08_17-22-55.png' src="C:\Users\lenovo\eclipse-workspace\AutomationTestDemo\AutomationTestDemo/Reports/Failed Snap/createNewSUWithSameDtl_13716_2025-11-08_17-22-55.png">
  
    

    </div></div>
<div class="detail-body mt-4">
<table class="table table-sm">
  <thead><tr><th class="status-col">Status</th><th class="timestamp-col">Timestamp</th><th class="details-col">Details</th></tr></thead>
  <tbody>
      <tr class="event-row">
        <td><span class="badge log info-bg">Info</span></td>
        <td>5:22:20‚ÄØpm</td>
        <td>
          üöÄ Test started: createNewSUWithSameDtl_13716
        </td>
      </tr>
      <tr class="event-row">
        <td><span class="badge log info-bg">Info</span></td>
        <td>5:22:20‚ÄØpm</td>
        <td>
          ‚å®Ô∏è Sent keys: pravin.yadav@medivoxx.com
        </td>
      </tr>
      <tr class="event-row">
        <td><span class="badge log info-bg">Info</span></td>
        <td>5:22:20‚ÄØpm</td>
        <td>
          ‚å®Ô∏è Sent keys: Pass@2025
        </td>
      </tr>
      <tr class="event-row">
        <td><span class="badge log info-bg">Info</span></td>
        <td>5:22:34‚ÄØpm</td>
        <td>
          üñ±Ô∏è Clicked element: Proxy element for: DefaultElementLocator 'By.xpath: //input[@type='submit']'
        </td>
      </tr>
      <tr class="event-row">
        <td><span class="badge log info-bg">Info</span></td>
        <td>5:22:38‚ÄØpm</td>
        <td>
          üñ±Ô∏è Clicked element: [[ChromeDriver: chrome on windows (1bc853d4a714a590a36e71e73baa9008)] -> xpath: //a[@href='/admin/users/user/']]
        </td>
      </tr>
      <tr class="event-row">
        <td><span class="badge log info-bg">Info</span></td>
        <td>5:22:39‚ÄØpm</td>
        <td>
          ‚ö†Ô∏è Normal click failed, trying JS click...
        </td>
      </tr>
      <tr class="event-row">
        <td><span class="badge log info-bg">Info</span></td>
        <td>5:22:42‚ÄØpm</td>
        <td>
          ‚úÖ JS click performed.
        </td>
      </tr>
      <tr class="event-row">
        <td><span class="badge log info-bg">Info</span></td>
        <td>5:22:42‚ÄØpm</td>
        <td>
          ‚å®Ô∏è Sent keys: pravin.yadav@medivoxx.com
        </td>
      </tr>
      <tr class="event-row">
        <td><span class="badge log info-bg">Info</span></td>
        <td>5:22:42‚ÄØpm</td>
        <td>
          ‚å®Ô∏è Sent keys: Pass@17423
        </td>
      </tr>
      <tr class="event-row">
        <td><span class="badge log info-bg">Info</span></td>
        <td>5:22:42‚ÄØpm</td>
        <td>
          ‚å®Ô∏è Sent keys: Pass@17423
        </td>
      </tr>
      <tr class="event-row">
        <td><span class="badge log info-bg">Info</span></td>
        <td>5:22:45‚ÄØpm</td>
        <td>
          üñ±Ô∏è Clicked element: [[ChromeDriver: chrome on windows (1bc853d4a714a590a36e71e73baa9008)] -> xpath: //input[@name='_save']]
        </td>
      </tr>
      <tr class="event-row">
        <td><span class="badge log fail-bg">Fail</span></td>
        <td>5:22:55‚ÄØpm</td>
        <td>
          ‚ùå Failed to get text: no such element: Unable to locate element: {"method":"xpath","selector":"//li[normalize-space()='This username has already been taken.']"}
  (Session info: chrome=141.0.7390.125)
For documentation on this error, please visit: https://www.selenium.dev/documentation/webdriver/troubleshooting/errors#no-such-element-exception
Build info: version: '4.34.0', revision: '707dcb4246*'
System info: os.name: 'Windows 11', os.arch: 'amd64', os.version: '10.0', java.version: '21.0.1'
Driver info: org.openqa.selenium.chrome.ChromeDriver
Command: [1bc853d4a714a590a36e71e73baa9008, findElement {using=xpath, value=//li[normalize-space()='This username has already been taken.']}]
Capabilities {acceptInsecureCerts: false, browserName: chrome, browserVersion: 141.0.7390.125, chrome: {chromedriverVersion: 141.0.7390.122 (b477534e7e1..., userDataDir: C:\Users\lenovo\AppData\Loc...}, fedcm:accounts: true, goog:chromeOptions: {debuggerAddress: localhost:64282}, networkConnectionEnabled: false, pageLoadStrategy: normal, platformName: windows, proxy: Proxy(), se:cdp: ws://localhost:64282/devtoo..., se:cdpVersion: 141.0.7390.125, setWindowRect: true, strictFileInteractability: false, timeouts: {implicit: 0, pageLoad: 300000, script: 30000}, unhandledPromptBehavior: dismiss and notify, webauthn:extension:credBlob: true, webauthn:extension:largeBlob: true, webauthn:extension:minPinLength: true, webauthn:extension:prf: true, webauthn:virtualAuthenticators: true}
Session ID: 1bc853d4a714a590a36e71e73baa9008
        </td>
      </tr>
      <tr class="event-row">
        <td><span class="badge log fail-bg">Fail</span></td>
        <td>5:22:55‚ÄØpm</td>
        <td>
          ‚ùå Test Failed: createNewSUWithSameDtl_13716
        </td>
      </tr>
      <tr class="event-row">
        <td><span class="badge log fail-bg">Fail</span></td>
        <td>5:22:55‚ÄØpm</td>
        <td>
          <textarea readonly class="code-block">java.lang.AssertionError: Get Text Failed: no such element: Unable to locate element: {"method":"xpath","selector":"//li[normalize-space()='This username has already been taken.']"}
  (Session info: chrome=141.0.7390.125)
For documentation on this error, please visit: https://www.selenium.dev/documentation/webdriver/troubleshooting/errors#no-such-element-exception
Build info: version: '4.34.0', revision: '707dcb4246*'
System info: os.name: 'Windows 11', os.arch: 'amd64', os.version: '10.0', java.version: '21.0.1'
Driver info: org.openqa.selenium.chrome.ChromeDriver
Command: [1bc853d4a714a590a36e71e73baa9008, findElement {using=xpath, value=//li[normalize-space()='This username has already been taken.']}]
Capabilities {acceptInsecureCerts: false, browserName: chrome, browserVersion: 141.0.7390.125, chrome: {chromedriverVersion: 141.0.7390.122 (b477534e7e1..., userDataDir: C:\Users\lenovo\AppData\Loc...}, fedcm:accounts: true, goog:chromeOptions: {debuggerAddress: localhost:64282}, networkConnectionEnabled: false, pageLoadStrategy: normal, platformName: windows, proxy: Proxy(), se:cdp: ws://localhost:64282/devtoo..., se:cdpVersion: 141.0.7390.125, setWindowRect: true, strictFileInteractability: false, timeouts: {implicit: 0, pageLoad: 300000, script: 30000}, unhandledPromptBehavior: dismiss and notify, webauthn:extension:credBlob: true, webauthn:extension:largeBlob: true, webauthn:extension:minPinLength: true, webauthn:extension:prf: true, webauthn:virtualAuthenticators: true}
Session ID: 1bc853d4a714a590a36e71e73baa9008
	at org.testng.Assert.fail(Assert.java:111)
	at AutomationTestDemo.Utility.WebUtility.getText(WebUtility.java:243)
	at automationTestDemoPage.Login.createNewSuperUser.createNewSuperUserWithSameDetails_(createNewSuperUser.java:66)
	at AutomationTestDemo.LoginTest.createNewUser.createNewSUWithSameDtl_13716(createNewUser.java:57)
	at java.base/jdk.internal.reflect.DirectMethodHandleAccessor.invoke(DirectMethodHandleAccessor.java:103)
	at java.base/java.lang.reflect.Method.invoke(Method.java:580)
	at org.testng.internal.invokers.MethodInvocationHelper.invokeMethod(MethodInvocationHelper.java:141)
	at org.testng.internal.invokers.TestInvoker.invokeMethod(TestInvoker.java:687)
	at org.testng.internal.invokers.TestInvoker.invokeTestMethod(TestInvoker.java:230)
	at org.testng.internal.invokers.MethodRunner.runInSequence(MethodRunner.java:63)
	at org.testng.internal.invokers.TestInvoker$MethodInvocationAgent.invoke(TestInvoker.java:995)
	at org.testng.internal.invokers.TestInvoker.invokeTestMethods(TestInvoker.java:203)
	at org.testng.internal.invokers.TestMethodWorker.invokeTestMethods(TestMethodWorker.java:154)
	at org.testng.internal.invokers.TestMethodWorker.run(TestMethodWorker.java:134)
	at java.base/java.util.ArrayList.forEach(ArrayList.java:1596)
	at org.testng.TestRunner.privateRun(TestRunner.java:741)
	at org.testng.TestRunner.run(TestRunner.java:616)
	at org.testng.SuiteRunner.runTest(SuiteRunner.java:421)
	at org.testng.SuiteRunner.runSequentially(SuiteRunner.java:413)
	at org.testng.SuiteRunner.privateRun(SuiteRunner.java:373)
	at org.testng.SuiteRunner.run(SuiteRunner.java:312)
	at org.testng.SuiteRunnerWorker.runSuite(SuiteRunnerWorker.java:52)
	at org.testng.SuiteRunnerWorker.run(SuiteRunnerWorker.java:95)
	at org.testng.TestNG.runSuitesSequentially(TestNG.java:1274)
	at org.testng.TestNG.runSuitesLocally(TestNG.java:1208)
	at org.testng.TestNG.runSuites(TestNG.java:1112)
	at org.testng.TestNG.run(TestNG.java:1079)
	at org.testng.remote.AbstractRemoteTestNG.run(AbstractRemoteTestNG.java:115)
	at org.testng.remote.RemoteTestNG.initAndRun(RemoteTestNG.java:293)
	at org.testng.remote.RemoteTestNG.main(RemoteTestNG.java:91)
</textarea>
          
        </td>
      </tr>
      <tr class="event-row">
        <td><span class="badge log info-bg">Info</span></td>
        <td>5:22:56‚ÄØpm</td>
        <td>
          üßπ Browser closed successfully.
        </td>
      </tr>
      <tr class="event-row">
        <td><span class="badge log info-bg">Info</span></td>
        <td>5:22:56‚ÄØpm</td>
        <td>
          ‚úÖ Environment set from System property/TestNG: qa
        </td>
      </tr>
      <tr class="event-row">
        <td><span class="badge log info-bg">Info</span></td>
        <td>5:22:56‚ÄØpm</td>
        <td>
          üåç Loaded URL for qa: https://hcc.geesemed.com/admin/login/?next=/admin/
        </td>
      </tr>
      <tr class="event-row">
        <td><span class="badge log info-bg">Info</span></td>
        <td>5:22:57‚ÄØpm</td>
        <td>
          ‚è≥ Implicit wait set to 10 sec.
        </td>
      </tr>
      <tr class="event-row">
        <td><span class="badge log info-bg">Info</span></td>
        <td>5:23:04‚ÄØpm</td>
        <td>
          ‚ÑπÔ∏è No alert present to accept.
        </td>
      </tr>
      <tr class="event-row">
        <td><span class="badge log info-bg">Info</span></td>
        <td>5:23:04‚ÄØpm</td>
        <td>
          üåê Browser launched and navigated to: https://hcc.geesemed.com/admin/login/?next=/admin/
        </td>
      </tr>
      <tr class="event-row">
        <td><span class="badge log info-bg">Info</span></td>
        <td>5:23:04‚ÄØpm</td>
        <td>
          ‚úÖ Browser launched successfully for environment: qa
        </td>
      </tr>
  </tbody>
</table>
</div>
          </div>
        </li>
        <li class="test-item"  status="fail" test-id="4"
          author=""
          tag=""
          device="">
          <div class="test-detail">
            <p class="name">createNewUsrWithWeakPaa_13717</p>
            <p class="text-sm">
              <span>5:23:04‚ÄØpm</span> / <span>00:00:42:854</span>
              <span class="badge fail-bg log float-right">Fail</span>
            </p>
          </div>
          <div class="test-contents d-none">
<div class="detail-head">
<div class="p-v-10">
<div class="info">
<h5 class="test-status text-fail">createNewUsrWithWeakPaa_13717</h5>
<span class='badge badge-success'>11.08.2025 5:23:04‚ÄØpm</span>
<span class='badge badge-danger'>11.08.2025 5:23:47‚ÄØpm</span>
<span class='badge badge-default'>00:00:42:854</span>
&middot; <span class='uri-anchor badge badge-default'>#test-id=4</span>
<span title='Skip to the next failed step' class='badge badge-danger pointer float-right ne ml-1'><i class="fa fa-fast-forward"></i></span>
<span title='Collapse all nodes' class='badge badge-default pointer float-right ct ml-1'><i class="fa fa-compress"></i></span>
<span title='Expand all nodes' class='badge badge-default pointer float-right et'><i class="fa fa-expand"></i></span>
</div>
</div>
</div>    <div class="row mb-3"><div class="col-md-3">
    

<img data-featherlight='C:\Users\lenovo\eclipse-workspace\AutomationTestDemo\AutomationTestDemo/Reports/Failed Snap/createNewUsrWithWeakPaa_13717_2025-11-08_17-23-38.png' src="C:\Users\lenovo\eclipse-workspace\AutomationTestDemo\AutomationTestDemo/Reports/Failed Snap/createNewUsrWithWeakPaa_13717_2025-11-08_17-23-38.png">
  
    

    </div></div>
<div class="detail-body mt-4">
<table class="table table-sm">
  <thead><tr><th class="status-col">Status</th><th class="timestamp-col">Timestamp</th><th class="details-col">Details</th></tr></thead>
  <tbody>
      <tr class="event-row">
        <td><span class="badge log info-bg">Info</span></td>
        <td>5:23:04‚ÄØpm</td>
        <td>
          üöÄ Test started: createNewUsrWithWeakPaa_13717
        </td>
      </tr>
      <tr class="event-row">
        <td><span class="badge log info-bg">Info</span></td>
        <td>5:23:04‚ÄØpm</td>
        <td>
          ‚å®Ô∏è Sent keys: pravin.yadav@medivoxx.com
        </td>
      </tr>
      <tr class="event-row">
        <td><span class="badge log info-bg">Info</span></td>
        <td>5:23:04‚ÄØpm</td>
        <td>
          ‚å®Ô∏è Sent keys: Pass@2025
        </td>
      </tr>
      <tr class="event-row">
        <td><span class="badge log info-bg">Info</span></td>
        <td>5:23:17‚ÄØpm</td>
        <td>
          üñ±Ô∏è Clicked element: Proxy element for: DefaultElementLocator 'By.xpath: //input[@type='submit']'
        </td>
      </tr>
      <tr class="event-row">
        <td><span class="badge log info-bg">Info</span></td>
        <td>5:23:22‚ÄØpm</td>
        <td>
          üñ±Ô∏è Clicked element: [[ChromeDriver: chrome on windows (68ac57c0ed2b71a620cddfdd7e8d17fe)] -> xpath: //a[@href='/admin/users/user/']]
        </td>
      </tr>
      <tr class="event-row">
        <td><span class="badge log info-bg">Info</span></td>
        <td>5:23:23‚ÄØpm</td>
        <td>
          ‚ö†Ô∏è Normal click failed, trying JS click...
        </td>
      </tr>
      <tr class="event-row">
        <td><span class="badge log info-bg">Info</span></td>
        <td>5:23:26‚ÄØpm</td>
        <td>
          ‚úÖ JS click performed.
        </td>
      </tr>
      <tr class="event-row">
        <td><span class="badge log info-bg">Info</span></td>
        <td>5:23:26‚ÄØpm</td>
        <td>
          ‚å®Ô∏è Sent keys: User13491
        </td>
      </tr>
      <tr class="event-row">
        <td><span class="badge log info-bg">Info</span></td>
        <td>5:23:26‚ÄØpm</td>
        <td>
          ‚å®Ô∏è Sent keys: Pass@13491
        </td>
      </tr>
      <tr class="event-row">
        <td><span class="badge log info-bg">Info</span></td>
        <td>5:23:26‚ÄØpm</td>
        <td>
          ‚å®Ô∏è Sent keys: Pass@13491
        </td>
      </tr>
      <tr class="event-row">
        <td><span class="badge log info-bg">Info</span></td>
        <td>5:23:26‚ÄØpm</td>
        <td>
          üñ±Ô∏è Clicked element: [[ChromeDriver: chrome on windows (68ac57c0ed2b71a620cddfdd7e8d17fe)] -> xpath: //input[@name='_save']]
        </td>
      </tr>
      <tr class="event-row">
        <td><span class="badge log fail-bg">Fail</span></td>
        <td>5:23:38‚ÄØpm</td>
        <td>
          ‚ùå Failed to get text: no such element: Unable to locate element: {"method":"xpath","selector":"//li[contains(.,'password is too short')]"}
  (Session info: chrome=141.0.7390.125)
For documentation on this error, please visit: https://www.selenium.dev/documentation/webdriver/troubleshooting/errors#no-such-element-exception
Build info: version: '4.34.0', revision: '707dcb4246*'
System info: os.name: 'Windows 11', os.arch: 'amd64', os.version: '10.0', java.version: '21.0.1'
Driver info: org.openqa.selenium.chrome.ChromeDriver
Command: [68ac57c0ed2b71a620cddfdd7e8d17fe, findElement {using=xpath, value=//li[contains(.,'password is too short')]}]
Capabilities {acceptInsecureCerts: false, browserName: chrome, browserVersion: 141.0.7390.125, chrome: {chromedriverVersion: 141.0.7390.122 (b477534e7e1..., userDataDir: C:\Users\lenovo\AppData\Loc...}, fedcm:accounts: true, goog:chromeOptions: {debuggerAddress: localhost:53188}, networkConnectionEnabled: false, pageLoadStrategy: normal, platformName: windows, proxy: Proxy(), se:cdp: ws://localhost:53188/devtoo..., se:cdpVersion: 141.0.7390.125, setWindowRect: true, strictFileInteractability: false, timeouts: {implicit: 0, pageLoad: 300000, script: 30000}, unhandledPromptBehavior: dismiss and notify, webauthn:extension:credBlob: true, webauthn:extension:largeBlob: true, webauthn:extension:minPinLength: true, webauthn:extension:prf: true, webauthn:virtualAuthenticators: true}
Session ID: 68ac57c0ed2b71a620cddfdd7e8d17fe
        </td>
      </tr>
      <tr class="event-row">
        <td><span class="badge log fail-bg">Fail</span></td>
        <td>5:23:38‚ÄØpm</td>
        <td>
          ‚ùå Test Failed: createNewUsrWithWeakPaa_13717
        </td>
      </tr>
      <tr class="event-row">
        <td><span class="badge log fail-bg">Fail</span></td>
        <td>5:23:38‚ÄØpm</td>
        <td>
          <textarea readonly class="code-block">java.lang.AssertionError: Get Text Failed: no such element: Unable to locate element: {"method":"xpath","selector":"//li[contains(.,'password is too short')]"}
  (Session info: chrome=141.0.7390.125)
For documentation on this error, please visit: https://www.selenium.dev/documentation/webdriver/troubleshooting/errors#no-such-element-exception
Build info: version: '4.34.0', revision: '707dcb4246*'
System info: os.name: 'Windows 11', os.arch: 'amd64', os.version: '10.0', java.version: '21.0.1'
Driver info: org.openqa.selenium.chrome.ChromeDriver
Command: [68ac57c0ed2b71a620cddfdd7e8d17fe, findElement {using=xpath, value=//li[contains(.,'password is too short')]}]
Capabilities {acceptInsecureCerts: false, browserName: chrome, browserVersion: 141.0.7390.125, chrome: {chromedriverVersion: 141.0.7390.122 (b477534e7e1..., userDataDir: C:\Users\lenovo\AppData\Loc...}, fedcm:accounts: true, goog:chromeOptions: {debuggerAddress: localhost:53188}, networkConnectionEnabled: false, pageLoadStrategy: normal, platformName: windows, proxy: Proxy(), se:cdp: ws://localhost:53188/devtoo..., se:cdpVersion: 141.0.7390.125, setWindowRect: true, strictFileInteractability: false, timeouts: {implicit: 0, pageLoad: 300000, script: 30000}, unhandledPromptBehavior: dismiss and notify, webauthn:extension:credBlob: true, webauthn:extension:largeBlob: true, webauthn:extension:minPinLength: true, webauthn:extension:prf: true, webauthn:virtualAuthenticators: true}
Session ID: 68ac57c0ed2b71a620cddfdd7e8d17fe
	at org.testng.Assert.fail(Assert.java:111)
	at AutomationTestDemo.Utility.WebUtility.getText(WebUtility.java:243)
	at automationTestDemoPage.Login.createNewSuperUser.CreateNewSuperUserweakPass_(createNewSuperUser.java:82)
	at AutomationTestDemo.LoginTest.createNewUser.createNewUsrWithWeakPaa_13717(createNewUser.java:68)
	at java.base/jdk.internal.reflect.DirectMethodHandleAccessor.invoke(DirectMethodHandleAccessor.java:103)
	at java.base/java.lang.reflect.Method.invoke(Method.java:580)
	at org.testng.internal.invokers.MethodInvocationHelper.invokeMethod(MethodInvocationHelper.java:141)
	at org.testng.internal.invokers.TestInvoker.invokeMethod(TestInvoker.java:687)
	at org.testng.internal.invokers.TestInvoker.invokeTestMethod(TestInvoker.java:230)
	at org.testng.internal.invokers.MethodRunner.runInSequence(MethodRunner.java:63)
	at org.testng.internal.invokers.TestInvoker$MethodInvocationAgent.invoke(TestInvoker.java:995)
	at org.testng.internal.invokers.TestInvoker.invokeTestMethods(TestInvoker.java:203)
	at org.testng.internal.invokers.TestMethodWorker.invokeTestMethods(TestMethodWorker.java:154)
	at org.testng.internal.invokers.TestMethodWorker.run(TestMethodWorker.java:134)
	at java.base/java.util.ArrayList.forEach(ArrayList.java:1596)
	at org.testng.TestRunner.privateRun(TestRunner.java:741)
	at org.testng.TestRunner.run(TestRunner.java:616)
	at org.testng.SuiteRunner.runTest(SuiteRunner.java:421)
	at org.testng.SuiteRunner.runSequentially(SuiteRunner.java:413)
	at org.testng.SuiteRunner.privateRun(SuiteRunner.java:373)
	at org.testng.SuiteRunner.run(SuiteRunner.java:312)
	at org.testng.SuiteRunnerWorker.runSuite(SuiteRunnerWorker.java:52)
	at org.testng.SuiteRunnerWorker.run(SuiteRunnerWorker.java:95)
	at org.testng.TestNG.runSuitesSequentially(TestNG.java:1274)
	at org.testng.TestNG.runSuitesLocally(TestNG.java:1208)
	at org.testng.TestNG.runSuites(TestNG.java:1112)
	at org.testng.TestNG.run(TestNG.java:1079)
	at org.testng.remote.AbstractRemoteTestNG.run(AbstractRemoteTestNG.java:115)
	at org.testng.remote.RemoteTestNG.initAndRun(RemoteTestNG.java:293)
	at org.testng.remote.RemoteTestNG.main(RemoteTestNG.java:91)
</textarea>
          
        </td>
      </tr>
      <tr class="event-row">
        <td><span class="badge log info-bg">Info</span></td>
        <td>5:23:38‚ÄØpm</td>
        <td>
          üßπ Browser closed successfully.
        </td>
      </tr>
      <tr class="event-row">
        <td><span class="badge log info-bg">Info</span></td>
        <td>5:23:38‚ÄØpm</td>
        <td>
          ‚úÖ Environment set from System property/TestNG: qa
        </td>
      </tr>
      <tr class="event-row">
        <td><span class="badge log info-bg">Info</span></td>
        <td>5:23:38‚ÄØpm</td>
        <td>
          üåç Loaded URL for qa: https://hcc.geesemed.com/admin/login/?next=/admin/
        </td>
      </tr>
      <tr class="event-row">
        <td><span class="badge log info-bg">Info</span></td>
        <td>5:23:39‚ÄØpm</td>
        <td>
          ‚è≥ Implicit wait set to 10 sec.
        </td>
      </tr>
      <tr class="event-row">
        <td><span class="badge log info-bg">Info</span></td>
        <td>5:23:47‚ÄØpm</td>
        <td>
          ‚ÑπÔ∏è No alert present to accept.
        </td>
      </tr>
      <tr class="event-row">
        <td><span class="badge log info-bg">Info</span></td>
        <td>5:23:47‚ÄØpm</td>
        <td>
          üåê Browser launched and navigated to: https://hcc.geesemed.com/admin/login/?next=/admin/
        </td>
      </tr>
      <tr class="event-row">
        <td><span class="badge log info-bg">Info</span></td>
        <td>5:23:47‚ÄØpm</td>
        <td>
          ‚úÖ Browser launched successfully for environment: qa
        </td>
      </tr>
  </tbody>
</table>
</div>
          </div>
        </li>
        <li class="test-item"  status="pass" test-id="5"
          author=""
          tag=""
          device="">
          <div class="test-detail">
            <p class="name">createNewSuperUsrWithMissMatchPass_13718</p>
            <p class="text-sm">
              <span>5:23:47‚ÄØpm</span> / <span>00:00:31:583</span>
              <span class="badge pass-bg log float-right">Pass</span>
            </p>
          </div>
          <div class="test-contents d-none">
<div class="detail-head">
<div class="p-v-10">
<div class="info">
<h5 class="test-status text-pass">createNewSuperUsrWithMissMatchPass_13718</h5>
<span class='badge badge-success'>11.08.2025 5:23:47‚ÄØpm</span>
<span class='badge badge-danger'>11.08.2025 5:24:18‚ÄØpm</span>
<span class='badge badge-default'>00:00:31:583</span>
&middot; <span class='uri-anchor badge badge-default'>#test-id=5</span>
<span title='Skip to the next failed step' class='badge badge-danger pointer float-right ne ml-1'><i class="fa fa-fast-forward"></i></span>
<span title='Collapse all nodes' class='badge badge-default pointer float-right ct ml-1'><i class="fa fa-compress"></i></span>
<span title='Expand all nodes' class='badge badge-default pointer float-right et'><i class="fa fa-expand"></i></span>
</div>
</div>
</div><div class="detail-body mt-4">
<table class="table table-sm">
  <thead><tr><th class="status-col">Status</th><th class="timestamp-col">Timestamp</th><th class="details-col">Details</th></tr></thead>
  <tbody>
      <tr class="event-row">
        <td><span class="badge log info-bg">Info</span></td>
        <td>5:23:47‚ÄØpm</td>
        <td>
          üöÄ Test started: createNewSuperUsrWithMissMatchPass_13718
        </td>
      </tr>
      <tr class="event-row">
        <td><span class="badge log info-bg">Info</span></td>
        <td>5:23:47‚ÄØpm</td>
        <td>
          ‚å®Ô∏è Sent keys: pravin.yadav@medivoxx.com
        </td>
      </tr>
      <tr class="event-row">
        <td><span class="badge log info-bg">Info</span></td>
        <td>5:23:47‚ÄØpm</td>
        <td>
          ‚å®Ô∏è Sent keys: Pass@2025
        </td>
      </tr>
      <tr class="event-row">
        <td><span class="badge log info-bg">Info</span></td>
        <td>5:24:00‚ÄØpm</td>
        <td>
          üñ±Ô∏è Clicked element: Proxy element for: DefaultElementLocator 'By.xpath: //input[@type='submit']'
        </td>
      </tr>
      <tr class="event-row">
        <td><span class="badge log info-bg">Info</span></td>
        <td>5:24:05‚ÄØpm</td>
        <td>
          üñ±Ô∏è Clicked element: [[ChromeDriver: chrome on windows (19f292757bd2cf1b1c39552961a7d140)] -> xpath: //a[@href='/admin/users/user/']]
        </td>
      </tr>
      <tr class="event-row">
        <td><span class="badge log info-bg">Info</span></td>
        <td>5:24:06‚ÄØpm</td>
        <td>
          ‚ö†Ô∏è Normal click failed, trying JS click...
        </td>
      </tr>
      <tr class="event-row">
        <td><span class="badge log info-bg">Info</span></td>
        <td>5:24:08‚ÄØpm</td>
        <td>
          ‚úÖ JS click performed.
        </td>
      </tr>
      <tr class="event-row">
        <td><span class="badge log info-bg">Info</span></td>
        <td>5:24:08‚ÄØpm</td>
        <td>
          ‚å®Ô∏è Sent keys: User16143
        </td>
      </tr>
      <tr class="event-row">
        <td><span class="badge log info-bg">Info</span></td>
        <td>5:24:08‚ÄØpm</td>
        <td>
          ‚å®Ô∏è Sent keys: Pass@2025
        </td>
      </tr>
      <tr class="event-row">
        <td><span class="badge log info-bg">Info</span></td>
        <td>5:24:08‚ÄØpm</td>
        <td>
          ‚å®Ô∏è Sent keys: Pass@16143
        </td>
      </tr>
      <tr class="event-row">
        <td><span class="badge log info-bg">Info</span></td>
        <td>5:24:09‚ÄØpm</td>
        <td>
          üñ±Ô∏è Clicked element: [[ChromeDriver: chrome on windows (19f292757bd2cf1b1c39552961a7d140)] -> xpath: //input[@name='_save']]
        </td>
      </tr>
      <tr class="event-row">
        <td><span class="badge log info-bg">Info</span></td>
        <td>5:24:09‚ÄØpm</td>
        <td>
          üìã Fetched text: The two password fields didn‚Äôt match.
        </td>
      </tr>
      <tr class="event-row">
        <td><span class="badge log info-bg">Info</span></td>
        <td>5:24:09‚ÄØpm</td>
        <td>
          Fetched text: The two password fields didn‚Äôt match.
        </td>
      </tr>
      <tr class="event-row">
        <td><span class="badge log info-bg">Info</span></td>
        <td>5:24:09‚ÄØpm</td>
        <td>
          ‚úÖ Validation message matched: The two password fields didn‚Äôt match.
        </td>
      </tr>
      <tr class="event-row">
        <td><span class="badge log pass-bg">Pass</span></td>
        <td>5:24:09‚ÄØpm</td>
        <td>
          ‚úÖ Test Passed: createNewSuperUsrWithMissMatchPass_13718
        </td>
      </tr>
      <tr class="event-row">
        <td><span class="badge log info-bg">Info</span></td>
        <td>5:24:10‚ÄØpm</td>
        <td>
          üßπ Browser closed successfully.
        </td>
      </tr>
      <tr class="event-row">
        <td><span class="badge log info-bg">Info</span></td>
        <td>5:24:10‚ÄØpm</td>
        <td>
          ‚úÖ Environment set from System property/TestNG: qa
        </td>
      </tr>
      <tr class="event-row">
        <td><span class="badge log info-bg">Info</span></td>
        <td>5:24:10‚ÄØpm</td>
        <td>
          üåç Loaded URL for qa: https://hcc.geesemed.com/admin/login/?next=/admin/
        </td>
      </tr>
      <tr class="event-row">
        <td><span class="badge log info-bg">Info</span></td>
        <td>5:24:11‚ÄØpm</td>
        <td>
          ‚è≥ Implicit wait set to 10 sec.
        </td>
      </tr>
      <tr class="event-row">
        <td><span class="badge log info-bg">Info</span></td>
        <td>5:24:18‚ÄØpm</td>
        <td>
          ‚ÑπÔ∏è No alert present to accept.
        </td>
      </tr>
      <tr class="event-row">
        <td><span class="badge log info-bg">Info</span></td>
        <td>5:24:18‚ÄØpm</td>
        <td>
          üåê Browser launched and navigated to: https://hcc.geesemed.com/admin/login/?next=/admin/
        </td>
      </tr>
      <tr class="event-row">
        <td><span class="badge log info-bg">Info</span></td>
        <td>5:24:18‚ÄØpm</td>
        <td>
          ‚úÖ Browser launched successfully for environment: qa
        </td>
      </tr>
  </tbody>
</table>
</div>
          </div>
        </li>
        <li class="test-item"  status="pass" test-id="6"
          author=""
          tag=""
          device="">
          <div class="test-detail">
            <p class="name">ViewExUserDetails</p>
            <p class="text-sm">
              <span>5:24:18‚ÄØpm</span> / <span>00:00:41:560</span>
              <span class="badge pass-bg log float-right">Pass</span>
            </p>
          </div>
          <div class="test-contents d-none">
<div class="detail-head">
<div class="p-v-10">
<div class="info">
<h5 class="test-status text-pass">ViewExUserDetails</h5>
<span class='badge badge-success'>11.08.2025 5:24:18‚ÄØpm</span>
<span class='badge badge-danger'>11.08.2025 5:25:00‚ÄØpm</span>
<span class='badge badge-default'>00:00:41:560</span>
&middot; <span class='uri-anchor badge badge-default'>#test-id=6</span>
<span title='Skip to the next failed step' class='badge badge-danger pointer float-right ne ml-1'><i class="fa fa-fast-forward"></i></span>
<span title='Collapse all nodes' class='badge badge-default pointer float-right ct ml-1'><i class="fa fa-compress"></i></span>
<span title='Expand all nodes' class='badge badge-default pointer float-right et'><i class="fa fa-expand"></i></span>
</div>
</div>
</div><div class="detail-body mt-4">
<table class="table table-sm">
  <thead><tr><th class="status-col">Status</th><th class="timestamp-col">Timestamp</th><th class="details-col">Details</th></tr></thead>
  <tbody>
      <tr class="event-row">
        <td><span class="badge log info-bg">Info</span></td>
        <td>5:24:18‚ÄØpm</td>
        <td>
          üöÄ Test started: ViewExUserDetails
        </td>
      </tr>
      <tr class="event-row">
        <td><span class="badge log info-bg">Info</span></td>
        <td>5:24:18‚ÄØpm</td>
        <td>
          ‚å®Ô∏è Sent keys: pravin.yadav@medivoxx.com
        </td>
      </tr>
      <tr class="event-row">
        <td><span class="badge log info-bg">Info</span></td>
        <td>5:24:19‚ÄØpm</td>
        <td>
          ‚å®Ô∏è Sent keys: Pass@2025
        </td>
      </tr>
      <tr class="event-row">
        <td><span class="badge log info-bg">Info</span></td>
        <td>5:24:32‚ÄØpm</td>
        <td>
          üñ±Ô∏è Clicked element: Proxy element for: DefaultElementLocator 'By.xpath: //input[@type='submit']'
        </td>
      </tr>
      <tr class="event-row">
        <td><span class="badge log info-bg">Info</span></td>
        <td>5:24:36‚ÄØpm</td>
        <td>
          üñ±Ô∏è Clicked element: [[ChromeDriver: chrome on windows (ebcd8b2ac7fcf12e1b1e2d07c7369153)] -> xpath: //a[@href='/admin/users/user/']]
        </td>
      </tr>
      <tr class="event-row">
        <td><span class="badge log info-bg">Info</span></td>
        <td>5:24:51‚ÄØpm</td>
        <td>
          üñ±Ô∏è Clicked element: Proxy element for: DefaultElementLocator 'By.xpath: //a[normalize-space()='sharad.bhalke@medivoxx.com']'
        </td>
      </tr>
      <tr class="event-row">
        <td><span class="badge log info-bg">Info</span></td>
        <td>5:24:51‚ÄØpm</td>
        <td>
          üìã Fetched text: Sharad2 Bhalke
        </td>
      </tr>
      <tr class="event-row">
        <td><span class="badge log info-bg">Info</span></td>
        <td>5:24:51‚ÄØpm</td>
        <td>
          Fetched text: Sharad2 Bhalke
        </td>
      </tr>
      <tr class="event-row">
        <td><span class="badge log info-bg">Info</span></td>
        <td>5:24:51‚ÄØpm</td>
        <td>
          ‚úÖ Ttile matched: Sharad2 Bhalke
        </td>
      </tr>
      <tr class="event-row">
        <td><span class="badge log pass-bg">Pass</span></td>
        <td>5:24:51‚ÄØpm</td>
        <td>
          ‚úÖ Test Passed: ViewExUserDetails
        </td>
      </tr>
      <tr class="event-row">
        <td><span class="badge log info-bg">Info</span></td>
        <td>5:24:51‚ÄØpm</td>
        <td>
          üßπ Browser closed successfully.
        </td>
      </tr>
      <tr class="event-row">
        <td><span class="badge log info-bg">Info</span></td>
        <td>5:24:51‚ÄØpm</td>
        <td>
          ‚úÖ Environment set from System property/TestNG: qa
        </td>
      </tr>
      <tr class="event-row">
        <td><span class="badge log info-bg">Info</span></td>
        <td>5:24:51‚ÄØpm</td>
        <td>
          üåç Loaded URL for qa: https://hcc.geesemed.com/admin/login/?next=/admin/
        </td>
      </tr>
      <tr class="event-row">
        <td><span class="badge log info-bg">Info</span></td>
        <td>5:24:52‚ÄØpm</td>
        <td>
          ‚è≥ Implicit wait set to 10 sec.
        </td>
      </tr>
      <tr class="event-row">
        <td><span class="badge log info-bg">Info</span></td>
        <td>5:25:00‚ÄØpm</td>
        <td>
          ‚ÑπÔ∏è No alert present to accept.
        </td>
      </tr>
      <tr class="event-row">
        <td><span class="badge log info-bg">Info</span></td>
        <td>5:25:00‚ÄØpm</td>
        <td>
          üåê Browser launched and navigated to: https://hcc.geesemed.com/admin/login/?next=/admin/
        </td>
      </tr>
      <tr class="event-row">
        <td><span class="badge log info-bg">Info</span></td>
        <td>5:25:00‚ÄØpm</td>
        <td>
          ‚úÖ Browser launched successfully for environment: qa
        </td>
      </tr>
  </tbody>
</table>
</div>
          </div>
        </li>
        <li class="test-item"  status="fail" test-id="7"
          author=""
          tag=""
          device="">
          <div class="test-detail">
            <p class="name">updateUsrDetails_13723</p>
            <p class="text-sm">
              <span>5:25:00‚ÄØpm</span> / <span>00:00:59:216</span>
              <span class="badge fail-bg log float-right">Fail</span>
            </p>
          </div>
          <div class="test-contents d-none">
<div class="detail-head">
<div class="p-v-10">
<div class="info">
<h5 class="test-status text-fail">updateUsrDetails_13723</h5>
<span class='badge badge-success'>11.08.2025 5:25:00‚ÄØpm</span>
<span class='badge badge-danger'>11.08.2025 5:25:59‚ÄØpm</span>
<span class='badge badge-default'>00:00:59:216</span>
&middot; <span class='uri-anchor badge badge-default'>#test-id=7</span>
<span title='Skip to the next failed step' class='badge badge-danger pointer float-right ne ml-1'><i class="fa fa-fast-forward"></i></span>
<span title='Collapse all nodes' class='badge badge-default pointer float-right ct ml-1'><i class="fa fa-compress"></i></span>
<span title='Expand all nodes' class='badge badge-default pointer float-right et'><i class="fa fa-expand"></i></span>
</div>
</div>
</div>    <div class="row mb-3"><div class="col-md-3">
    

<img data-featherlight='C:\Users\lenovo\eclipse-workspace\AutomationTestDemo\AutomationTestDemo/Reports/Failed Snap/Usrpermissions_13739_2025-11-08_17-25-59.png' src="C:\Users\lenovo\eclipse-workspace\AutomationTestDemo\AutomationTestDemo/Reports/Failed Snap/Usrpermissions_13739_2025-11-08_17-25-59.png">
  
    

    </div></div>
<div class="detail-body mt-4">
<table class="table table-sm">
  <thead><tr><th class="status-col">Status</th><th class="timestamp-col">Timestamp</th><th class="details-col">Details</th></tr></thead>
  <tbody>
      <tr class="event-row">
        <td><span class="badge log info-bg">Info</span></td>
        <td>5:25:00‚ÄØpm</td>
        <td>
          üöÄ Test started: updateUsrDetails_13723
        </td>
      </tr>
      <tr class="event-row">
        <td><span class="badge log info-bg">Info</span></td>
        <td>5:25:00‚ÄØpm</td>
        <td>
          ‚å®Ô∏è Sent keys: pravin.yadav@medivoxx.com
        </td>
      </tr>
      <tr class="event-row">
        <td><span class="badge log info-bg">Info</span></td>
        <td>5:25:00‚ÄØpm</td>
        <td>
          ‚å®Ô∏è Sent keys: Pass@2025
        </td>
      </tr>
      <tr class="event-row">
        <td><span class="badge log info-bg">Info</span></td>
        <td>5:25:13‚ÄØpm</td>
        <td>
          üñ±Ô∏è Clicked element: Proxy element for: DefaultElementLocator 'By.xpath: //input[@type='submit']'
        </td>
      </tr>
      <tr class="event-row">
        <td><span class="badge log info-bg">Info</span></td>
        <td>5:25:19‚ÄØpm</td>
        <td>
          üñ±Ô∏è Clicked element: [[ChromeDriver: chrome on windows (218a82f644c1c25e85fafebfbe1375e0)] -> xpath: //a[@href='/admin/users/user/']]
        </td>
      </tr>
      <tr class="event-row">
        <td><span class="badge log info-bg">Info</span></td>
        <td>5:25:33‚ÄØpm</td>
        <td>
          üñ±Ô∏è Clicked element: Proxy element for: DefaultElementLocator 'By.xpath: //a[normalize-space()='sharad.bhalke@medivoxx.com']'
        </td>
      </tr>
      <tr class="event-row">
        <td><span class="badge log info-bg">Info</span></td>
        <td>5:25:34‚ÄØpm</td>
        <td>
          üñ±Ô∏è Clear element: [[ChromeDriver: chrome on windows (218a82f644c1c25e85fafebfbe1375e0)] -> xpath: //input[@id='id_first_name']]
        </td>
      </tr>
      <tr class="event-row">
        <td><span class="badge log info-bg">Info</span></td>
        <td>5:25:34‚ÄØpm</td>
        <td>
          ‚å®Ô∏è Sent keys: Sharad2
        </td>
      </tr>
      <tr class="event-row">
        <td><span class="badge log info-bg">Info</span></td>
        <td>5:25:47‚ÄØpm</td>
        <td>
          üñ±Ô∏è Clicked element: Proxy element for: DefaultElementLocator 'By.xpath: //input[@name='_save']'
        </td>
      </tr>
      <tr class="event-row">
        <td><span class="badge log info-bg">Info</span></td>
        <td>5:25:57‚ÄØpm</td>
        <td>
          üìã Fetched text: The user ‚ÄúSharad2 Bhalke‚Äù was changed successfully.
        </td>
      </tr>
      <tr class="event-row">
        <td><span class="badge log info-bg">Info</span></td>
        <td>5:25:57‚ÄØpm</td>
        <td>
          Fetched text: The user ‚ÄúSharad2 Bhalke‚Äù was changed successfully.
        </td>
      </tr>
      <tr class="event-row">
        <td><span class="badge log info-bg">Info</span></td>
        <td>5:25:57‚ÄØpm</td>
        <td>
          ‚úÖ Ttile matched: The user ‚ÄúSharad2 Bhalke‚Äù was changed successfully.
        </td>
      </tr>
      <tr class="event-row">
        <td><span class="badge log pass-bg">Pass</span></td>
        <td>5:25:57‚ÄØpm</td>
        <td>
          ‚úÖ Test Passed: updateUsrDetails_13723
        </td>
      </tr>
      <tr class="event-row">
        <td><span class="badge log info-bg">Info</span></td>
        <td>5:25:58‚ÄØpm</td>
        <td>
          üßπ Browser closed successfully.
        </td>
      </tr>
      <tr class="event-row">
        <td><span class="badge log fail-bg">Fail</span></td>
        <td>5:25:58‚ÄØpm</td>
        <td>
          ‚ùå Test Failed: Usrpermissions_13739
        </td>
      </tr>
      <tr class="event-row">
        <td><span class="badge log fail-bg">Fail</span></td>
        <td>5:25:58‚ÄØpm</td>
        <td>
          <textarea readonly class="code-block">org.testng.TestNGException: 
Method public void AutomationTestDemo.LoginTest.createNewUser.Usrpermissions_13739(java.lang.String) requires a @DataProvider named : LoginTestData
	at org.testng.internal.Parameters.findDataProvider(Parameters.java:532)
	at org.testng.internal.Parameters.handleParameters(Parameters.java:769)
	at org.testng.internal.Parameters.handleParameters(Parameters.java:734)
	at org.testng.internal.invokers.ParameterHandler.handleParameters(ParameterHandler.java:72)
	at org.testng.internal.invokers.ParameterHandler.createParameters(ParameterHandler.java:51)
	at org.testng.internal.invokers.TestInvoker$MethodInvocationAgent.invoke(TestInvoker.java:949)
	at org.testng.internal.invokers.TestInvoker.invokeTestMethods(TestInvoker.java:203)
	at org.testng.internal.invokers.TestMethodWorker.invokeTestMethods(TestMethodWorker.java:154)
	at org.testng.internal.invokers.TestMethodWorker.run(TestMethodWorker.java:134)
	at java.base/java.util.ArrayList.forEach(ArrayList.java:1596)
	at org.testng.TestRunner.privateRun(TestRunner.java:741)
	at org.testng.TestRunner.run(TestRunner.java:616)
	at org.testng.SuiteRunner.runTest(SuiteRunner.java:421)
	at org.testng.SuiteRunner.runSequentially(SuiteRunner.java:413)
	at org.testng.SuiteRunner.privateRun(SuiteRunner.java:373)
	at org.testng.SuiteRunner.run(SuiteRunner.java:312)
	at org.testng.SuiteRunnerWorker.runSuite(SuiteRunnerWorker.java:52)
	at org.testng.SuiteRunnerWorker.run(SuiteRunnerWorker.java:95)
	at org.testng.TestNG.runSuitesSequentially(TestNG.java:1274)
	at org.testng.TestNG.runSuitesLocally(TestNG.java:1208)
	at org.testng.TestNG.runSuites(TestNG.java:1112)
	at org.testng.TestNG.run(TestNG.java:1079)
	at org.testng.remote.AbstractRemoteTestNG.run(AbstractRemoteTestNG.java:115)
	at org.testng.remote.RemoteTestNG.initAndRun(RemoteTestNG.java:293)
	at org.testng.remote.RemoteTestNG.main(RemoteTestNG.java:91)
</textarea>
          
        </td>
      </tr>
      <tr class="event-row">
        <td><span class="badge log info-bg">Info</span></td>
        <td>5:25:58‚ÄØpm</td>
        <td>
          ‚úÖ Environment set from System property/TestNG: qa
        </td>
      </tr>
      <tr class="event-row">
        <td><span class="badge log info-bg">Info</span></td>
        <td>5:25:58‚ÄØpm</td>
        <td>
          üåç Loaded URL for qa: https://hcc.geesemed.com/admin/login/?next=/admin/
        </td>
      </tr>
      <tr class="event-row">
        <td><span class="badge log info-bg">Info</span></td>
        <td>5:25:59‚ÄØpm</td>
        <td>
          ‚è≥ Implicit wait set to 10 sec.
        </td>
      </tr>
  </tbody>
</table>
</div>
          </div>
        </li>
      </ul>
    </div>
  </div>
<div class="test-content scrollable">
<div class="test-content-tools">
<ul><li><a class="back-to-test" href="#"><i class="fa fa-arrow-left"></i></a></li></ul>
</div>
<div class="test-content-detail"><div class="detail-body"></div></div>
</div></div>
<div class="test-wrapper row view exception-view attributes-view">
<div class="test-list">
<div class="test-list-tools">
<ul class="tools pull-left"><li><a href=""><span class="font-size-14">Exception</span></a></li></ul>
<ul class="tools text-right"><li><a href="#"><span class="badge badge-primary">2</span></a></li></ul>
</div>
<div class="test-list-wrapper scrollable">
<ul class="test-list-item">
<li class="test-item">
<div class="test-detail">
<span class="meta">
<span class='badge log badge-danger'>2</span>
</span>
<p class="name">org.testng.TestNGException</p>
<p class="duration text-sm">2 tests</p>
</div>
<div class="test-contents d-none">
<div class="info">
<h4>org.testng.TestNGException</h4>
<span status="fail" class='badge log badge-danger'>2 failed</span>
</div>
<table class='table table-sm mt-4'>
<thead>
<tr>
<th class="status-col">Status</th>
<th class="timestamp-col">Timestamp</th>
<th>TestName</th>
</tr>
</thead>
<tbody>
<tr class="tag-test-status" status="fail">
<td><span class="badge log fail-bg">Fail</span></td>
<td>17:21:14 pm</td>
<td>
<a href="#" class="linked" test-id='1' id='1'>testSuperAdminValidLogin_13704</a>
</td>
</tr>
<tr class="tag-test-status" status="fail">
<td><span class="badge log fail-bg">Fail</span></td>
<td>17:25:00 pm</td>
<td>
<a href="#" class="linked" test-id='7' id='7'>updateUsrDetails_13723</a>
</td>
</tr>
</tbody>
</table>
</div>
</li>
<li class="test-item">
<div class="test-detail">
<span class="meta">
<span class='badge log badge-danger'>3</span>
</span>
<p class="name">java.lang.AssertionError</p>
<p class="duration text-sm">3 tests</p>
</div>
<div class="test-contents d-none">
<div class="info">
<h4>java.lang.AssertionError</h4>
<span status="fail" class='badge log badge-danger'>3 failed</span>
</div>
<table class='table table-sm mt-4'>
<thead>
<tr>
<th class="status-col">Status</th>
<th class="timestamp-col">Timestamp</th>
<th>TestName</th>
</tr>
</thead>
<tbody>
<tr class="tag-test-status" status="fail">
<td><span class="badge log fail-bg">Fail</span></td>
<td>17:21:37 pm</td>
<td>
<a href="#" class="linked" test-id='2' id='2'>createNewSUWithVlDetails_13709</a>
</td>
</tr>
<tr class="tag-test-status" status="fail">
<td><span class="badge log fail-bg">Fail</span></td>
<td>17:22:20 pm</td>
<td>
<a href="#" class="linked" test-id='3' id='3'>createNewSUWithSameDtl_13716</a>
</td>
</tr>
<tr class="tag-test-status" status="fail">
<td><span class="badge log fail-bg">Fail</span></td>
<td>17:23:04 pm</td>
<td>
<a href="#" class="linked" test-id='4' id='4'>createNewUsrWithWeakPaa_13717</a>
</td>
</tr>
</tbody>
</table>
</div>
</li>
</ul>
</div>
</div>
<div class="test-content scrollable">
<div class="test-content-detail">
<div class="detail-body"></div>
</div>
</div>
</div><div class="container-fluid p-4 view dashboard-view">
<div class="row">
<div class="col-md-3">
<div class="card"><div class="card-body">
<p class="m-b-0">Started</p>
<h3>Nov 8, 2025 05:21:04 pm</h3>
</div></div>
</div>
<div class="col-md-3">
<div class="card"><div class="card-body">
<p class="m-b-0">Ended</p>
<h3>Nov 8, 2025 05:25:59 pm</h3>
</div></div>
</div>
<div class="col-md-3">
<div class="card"><div class="card-body">
<p class="m-b-0 text-pass">Tests Passed</p>
<h3>2</h3>
</div></div>
</div>
<div class="col-md-3">
<div class="card"><div class="card-body">
<p class="m-b-0 text-fail">Tests Failed</p>
<h3>5</h3>
</div></div>
</div>
</div>
<div class="row">
<div class="col-md-6">
<div class="card">
<div class="card-header">
<h6 class="card-title">Tests</h6>
</div>
<div class="card-body">
<div class="">
<canvas id='parent-analysis' width='115' height='90'></canvas>
</div>
</div>
<div class="card-footer">
<div><small data-tooltip='28%'>
<b>2</b> tests passed
</small>
</div>
<div>
<small data-tooltip='71%'><b>5</b> tests failed,
<b>0</b> skipped, <b data-tooltip='0%'>0</b> others
</small>
</div>
</div>
</div>
</div>
<div class="col-md-6">
<div class="card">
<div class="card-header">
<h6 class="card-title">Log events</h6>
</div>
<div class="card-body">
<div class="">
<canvas id='events-analysis' width='115' height='90'></canvas>
</div>
</div>
<div class="card-footer">
<div><small data-tooltip='2%'><b>4</b> events passed</small></div>
<div>
<small data-tooltip='12%'><b>17</b> events failed,
<b data-tooltip='%'>120</b> others
</small>
</div>
</div>
</div>
</div>
</div>
<div class="row"><div class="col-md-12">
<div class="card"><div class="card-header"><p>Timeline</p></div>
<div class="card-body pt-0"><div>
<canvas id="timeline" height="120"></canvas>
</div></div>
</div>
</div></div>
<script>
var timeline = {
"testSuperAdminValidLogin_13704":22.646,"createNewSUWithVlDetails_13709":43.414,"createNewSUWithSameDtl_13716":43.675,"createNewUsrWithWeakPaa_13717":42.854,"createNewSuperUsrWithMissMatchPass_13718":31.583,"ViewExUserDetails":41.56,"updateUsrDetails_13723":59.216
};
</script>
<div class="row">
<div class="col-lg-6 col-md-12 sysenv-container">
<div class="card">
<div class="card-header"><p>System/Environment</p></div>
<div class="card-body pb-0 pt-0"><table class="table table-sm table-bordered">
<thead><tr class="bg-gray"><th>Name</th><th>Value</th></tr></thead>
<tbody>
<tr>
<td>OS</td>
<td>Windows 11</td>
</tr>
<tr>
<td>OS Version</td>
<td>10.0</td>
</tr>
<tr>
<td>System User</td>
<td>lenovo</td>
</tr>
<tr>
<td>Java Version</td>
<td>21.0.1</td>
</tr>
<tr>
<td>Environment</td>
<td>QA</td>
</tr>
</tbody>
</table></div>
</div>
</div>
</div>
</div>
<script>
var statusGroup = {
parentCount: 5,
passParent: 2,
failParent: 5,
warningParent: 0,
skipParent: 0,
childCount: 5,
passChild: 0,
failChild: 0,
warningChild: 0,
skipChild: 0,
infoChild: 0,
grandChildCount: 5,
passGrandChild: 0,
failGrandChild: 0,
warningGrandChild: 0,
skipGrandChild: 0,
infoGrandChild: 0,
eventsCount: 5,
passEvents: 4,
failEvents: 17,
warningEvents: 0,
skipEvents: 0,
infoEvents: 120
};
</script>        </div>
      </div>
    </div>
  </div>
<script src="https://cdn.jsdelivr.net/gh/extent-framework/extent-github-cdn@c05cd28cde1617b9d0c05a831daff6cb97fd9fd5/spark/js/spark-script.js"></script>
<script type="text/javascript"></script></body>
</html>