<?xml version="1.0" encoding="UTF-8"?>
<!-- Generated by org.testng.reporters.JUnitXMLReporter -->
<testsuite ignored="0" hostname="LAPTOP-CRH7JJ3V" failures="2" tests="25" name="EndToEndFlow" time="417.58" errors="0" timestamp="2026-02-22T11:23:32 IST">
  <testcase classname="AutomationTestDemo.BaseClass.BaseClass" name="@BeforeMethod launchbrowser" time="1.526">
    <failure type="java.lang.AssertionError" message="❌ Browser launch failed: unknown error: net::ERR_INTERNET_DISCONNECTED
  (Session info: chrome=144.0.7559.133)
Build info: version: &amp;apos;4.34.0&amp;apos;, revision: &amp;apos;707dcb4246*&amp;apos;
System info: os.name: &amp;apos;Windows 11&amp;apos;, os.arch: &amp;apos;amd64&amp;apos;, os.version: &amp;apos;10.0&amp;apos;, java.version: &amp;apos;21.0.1&amp;apos;
Driver info: org.openqa.selenium.chrome.ChromeDriver
Command: [75b293f0f35543af453a34612ea36c6d, get {url=https://hcc.geesemed.com/admin/login/?next=/admin/}]
Capabilities {acceptInsecureCerts: false, browserName: chrome, browserVersion: 144.0.7559.133, chrome: {chromedriverVersion: 144.0.7559.133 (7da823b1d59..., userDataDir: C:\Users\lenovo\AppData\Loc...}, fedcm:accounts: true, goog:chromeOptions: {debuggerAddress: localhost:61952}, goog:processID: 26820, networkConnectionEnabled: false, pageLoadStrategy: normal, platformName: windows, proxy: Proxy(), se:cdp: ws://localhost:61952/devtoo..., se:cdpVersion: 144.0.7559.133, setWindowRect: true, strictFileInteractability: false, timeouts: {implicit: 0, pageLoad: 300000, script: 30000}, unhandledPromptBehavior: dismiss and notify, webauthn:extension:credBlob: true, webauthn:extension:largeBlob: true, webauthn:extension:minPinLength: true, webauthn:extension:prf: true, webauthn:virtualAuthenticators: true}
Session ID: 75b293f0f35543af453a34612ea36c6d">
      <![CDATA[java.lang.AssertionError: ❌ Browser launch failed: unknown error: net::ERR_INTERNET_DISCONNECTED
  (Session info: chrome=144.0.7559.133)
Build info: version: '4.34.0', revision: '707dcb4246*'
System info: os.name: 'Windows 11', os.arch: 'amd64', os.version: '10.0', java.version: '21.0.1'
Driver info: org.openqa.selenium.chrome.ChromeDriver
Command: [75b293f0f35543af453a34612ea36c6d, get {url=https://hcc.geesemed.com/admin/login/?next=/admin/}]
Capabilities {acceptInsecureCerts: false, browserName: chrome, browserVersion: 144.0.7559.133, chrome: {chromedriverVersion: 144.0.7559.133 (7da823b1d59..., userDataDir: C:\Users\lenovo\AppData\Loc...}, fedcm:accounts: true, goog:chromeOptions: {debuggerAddress: localhost:61952}, goog:processID: 26820, networkConnectionEnabled: false, pageLoadStrategy: normal, platformName: windows, proxy: Proxy(), se:cdp: ws://localhost:61952/devtoo..., se:cdpVersion: 144.0.7559.133, setWindowRect: true, strictFileInteractability: false, timeouts: {implicit: 0, pageLoad: 300000, script: 30000}, unhandledPromptBehavior: dismiss and notify, webauthn:extension:credBlob: true, webauthn:extension:largeBlob: true, webauthn:extension:minPinLength: true, webauthn:extension:prf: true, webauthn:virtualAuthenticators: true}
Session ID: 75b293f0f35543af453a34612ea36c6d
at AutomationTestDemo.Utility.WebUtility.launchBrowser(WebUtility.java:105)
at AutomationTestDemo.BaseClass.BaseClass.launchbrowser(BaseClass.java:29)
at java.base/java.util.ArrayList.forEach(ArrayList.java:1596)
... Removed 30 stack frames]]>
    </failure>
  </testcase> <!-- @BeforeMethod launchbrowser -->
  <testcase classname="AutomationTestDemo.BaseClass.BaseClass" name="@BeforeMethod launchbrowser" time="1.288">
    <failure type="java.lang.AssertionError" message="❌ Browser launch failed: unknown error: net::ERR_INTERNET_DISCONNECTED
  (Session info: chrome=144.0.7559.133)
Build info: version: &amp;apos;4.34.0&amp;apos;, revision: &amp;apos;707dcb4246*&amp;apos;
System info: os.name: &amp;apos;Windows 11&amp;apos;, os.arch: &amp;apos;amd64&amp;apos;, os.version: &amp;apos;10.0&amp;apos;, java.version: &amp;apos;21.0.1&amp;apos;
Driver info: org.openqa.selenium.chrome.ChromeDriver
Command: [1ab9ac5304a7fdccb8285ee9fe065bfc, get {url=https://hcc.geesemed.com/admin/login/?next=/admin/}]
Capabilities {acceptInsecureCerts: false, browserName: chrome, browserVersion: 144.0.7559.133, chrome: {chromedriverVersion: 144.0.7559.133 (7da823b1d59..., userDataDir: C:\Users\lenovo\AppData\Loc...}, fedcm:accounts: true, goog:chromeOptions: {debuggerAddress: localhost:55829}, goog:processID: 17568, networkConnectionEnabled: false, pageLoadStrategy: normal, platformName: windows, proxy: Proxy(), se:cdp: ws://localhost:55829/devtoo..., se:cdpVersion: 144.0.7559.133, setWindowRect: true, strictFileInteractability: false, timeouts: {implicit: 0, pageLoad: 300000, script: 30000}, unhandledPromptBehavior: dismiss and notify, webauthn:extension:credBlob: true, webauthn:extension:largeBlob: true, webauthn:extension:minPinLength: true, webauthn:extension:prf: true, webauthn:virtualAuthenticators: true}
Session ID: 1ab9ac5304a7fdccb8285ee9fe065bfc">
      <![CDATA[java.lang.AssertionError: ❌ Browser launch failed: unknown error: net::ERR_INTERNET_DISCONNECTED
  (Session info: chrome=144.0.7559.133)
Build info: version: '4.34.0', revision: '707dcb4246*'
System info: os.name: 'Windows 11', os.arch: 'amd64', os.version: '10.0', java.version: '21.0.1'
Driver info: org.openqa.selenium.chrome.ChromeDriver
Command: [1ab9ac5304a7fdccb8285ee9fe065bfc, get {url=https://hcc.geesemed.com/admin/login/?next=/admin/}]
Capabilities {acceptInsecureCerts: false, browserName: chrome, browserVersion: 144.0.7559.133, chrome: {chromedriverVersion: 144.0.7559.133 (7da823b1d59..., userDataDir: C:\Users\lenovo\AppData\Loc...}, fedcm:accounts: true, goog:chromeOptions: {debuggerAddress: localhost:55829}, goog:processID: 17568, networkConnectionEnabled: false, pageLoadStrategy: normal, platformName: windows, proxy: Proxy(), se:cdp: ws://localhost:55829/devtoo..., se:cdpVersion: 144.0.7559.133, setWindowRect: true, strictFileInteractability: false, timeouts: {implicit: 0, pageLoad: 300000, script: 30000}, unhandledPromptBehavior: dismiss and notify, webauthn:extension:credBlob: true, webauthn:extension:largeBlob: true, webauthn:extension:minPinLength: true, webauthn:extension:prf: true, webauthn:virtualAuthenticators: true}
Session ID: 1ab9ac5304a7fdccb8285ee9fe065bfc
at AutomationTestDemo.Utility.WebUtility.launchBrowser(WebUtility.java:105)
at AutomationTestDemo.BaseClass.BaseClass.launchbrowser(BaseClass.java:29)
at java.base/java.util.ArrayList.forEach(ArrayList.java:1596)
... Removed 30 stack frames]]>
    </failure>
  </testcase> <!-- @BeforeMethod launchbrowser -->
  <testcase classname="AutomationTestDemo.BaseClass.BaseClass" name="@BeforeMethod launchbrowser" time="1.344">
    <failure type="java.lang.AssertionError" message="❌ Browser launch failed: unknown error: net::ERR_INTERNET_DISCONNECTED
  (Session info: chrome=144.0.7559.133)
Build info: version: &amp;apos;4.34.0&amp;apos;, revision: &amp;apos;707dcb4246*&amp;apos;
System info: os.name: &amp;apos;Windows 11&amp;apos;, os.arch: &amp;apos;amd64&amp;apos;, os.version: &amp;apos;10.0&amp;apos;, java.version: &amp;apos;21.0.1&amp;apos;
Driver info: org.openqa.selenium.chrome.ChromeDriver
Command: [686c4551552b8a25d44c80cf3045da6d, get {url=https://hcc.geesemed.com/admin/login/?next=/admin/}]
Capabilities {acceptInsecureCerts: false, browserName: chrome, browserVersion: 144.0.7559.133, chrome: {chromedriverVersion: 144.0.7559.133 (7da823b1d59..., userDataDir: C:\Users\lenovo\AppData\Loc...}, fedcm:accounts: true, goog:chromeOptions: {debuggerAddress: localhost:50781}, goog:processID: 23656, networkConnectionEnabled: false, pageLoadStrategy: normal, platformName: windows, proxy: Proxy(), se:cdp: ws://localhost:50781/devtoo..., se:cdpVersion: 144.0.7559.133, setWindowRect: true, strictFileInteractability: false, timeouts: {implicit: 0, pageLoad: 300000, script: 30000}, unhandledPromptBehavior: dismiss and notify, webauthn:extension:credBlob: true, webauthn:extension:largeBlob: true, webauthn:extension:minPinLength: true, webauthn:extension:prf: true, webauthn:virtualAuthenticators: true}
Session ID: 686c4551552b8a25d44c80cf3045da6d">
      <![CDATA[java.lang.AssertionError: ❌ Browser launch failed: unknown error: net::ERR_INTERNET_DISCONNECTED
  (Session info: chrome=144.0.7559.133)
Build info: version: '4.34.0', revision: '707dcb4246*'
System info: os.name: 'Windows 11', os.arch: 'amd64', os.version: '10.0', java.version: '21.0.1'
Driver info: org.openqa.selenium.chrome.ChromeDriver
Command: [686c4551552b8a25d44c80cf3045da6d, get {url=https://hcc.geesemed.com/admin/login/?next=/admin/}]
Capabilities {acceptInsecureCerts: false, browserName: chrome, browserVersion: 144.0.7559.133, chrome: {chromedriverVersion: 144.0.7559.133 (7da823b1d59..., userDataDir: C:\Users\lenovo\AppData\Loc...}, fedcm:accounts: true, goog:chromeOptions: {debuggerAddress: localhost:50781}, goog:processID: 23656, networkConnectionEnabled: false, pageLoadStrategy: normal, platformName: windows, proxy: Proxy(), se:cdp: ws://localhost:50781/devtoo..., se:cdpVersion: 144.0.7559.133, setWindowRect: true, strictFileInteractability: false, timeouts: {implicit: 0, pageLoad: 300000, script: 30000}, unhandledPromptBehavior: dismiss and notify, webauthn:extension:credBlob: true, webauthn:extension:largeBlob: true, webauthn:extension:minPinLength: true, webauthn:extension:prf: true, webauthn:virtualAuthenticators: true}
Session ID: 686c4551552b8a25d44c80cf3045da6d
at AutomationTestDemo.Utility.WebUtility.launchBrowser(WebUtility.java:105)
at AutomationTestDemo.BaseClass.BaseClass.launchbrowser(BaseClass.java:29)
at java.base/java.util.ArrayList.forEach(ArrayList.java:1596)
... Removed 30 stack frames]]>
    </failure>
  </testcase> <!-- @BeforeMethod launchbrowser -->
  <testcase classname="AutomationTestDemo.BaseClass.BaseClass" name="@BeforeMethod launchbrowser" time="1.419">
    <failure type="java.lang.AssertionError" message="❌ Browser launch failed: unknown error: net::ERR_INTERNET_DISCONNECTED
  (Session info: chrome=144.0.7559.133)
Build info: version: &amp;apos;4.34.0&amp;apos;, revision: &amp;apos;707dcb4246*&amp;apos;
System info: os.name: &amp;apos;Windows 11&amp;apos;, os.arch: &amp;apos;amd64&amp;apos;, os.version: &amp;apos;10.0&amp;apos;, java.version: &amp;apos;21.0.1&amp;apos;
Driver info: org.openqa.selenium.chrome.ChromeDriver
Command: [b063f01ca1943de8b6b1196e67fe26bc, get {url=https://hcc.geesemed.com/admin/login/?next=/admin/}]
Capabilities {acceptInsecureCerts: false, browserName: chrome, browserVersion: 144.0.7559.133, chrome: {chromedriverVersion: 144.0.7559.133 (7da823b1d59..., userDataDir: C:\Users\lenovo\AppData\Loc...}, fedcm:accounts: true, goog:chromeOptions: {debuggerAddress: localhost:59832}, goog:processID: 22760, networkConnectionEnabled: false, pageLoadStrategy: normal, platformName: windows, proxy: Proxy(), se:cdp: ws://localhost:59832/devtoo..., se:cdpVersion: 144.0.7559.133, setWindowRect: true, strictFileInteractability: false, timeouts: {implicit: 0, pageLoad: 300000, script: 30000}, unhandledPromptBehavior: dismiss and notify, webauthn:extension:credBlob: true, webauthn:extension:largeBlob: true, webauthn:extension:minPinLength: true, webauthn:extension:prf: true, webauthn:virtualAuthenticators: true}
Session ID: b063f01ca1943de8b6b1196e67fe26bc">
      <![CDATA[java.lang.AssertionError: ❌ Browser launch failed: unknown error: net::ERR_INTERNET_DISCONNECTED
  (Session info: chrome=144.0.7559.133)
Build info: version: '4.34.0', revision: '707dcb4246*'
System info: os.name: 'Windows 11', os.arch: 'amd64', os.version: '10.0', java.version: '21.0.1'
Driver info: org.openqa.selenium.chrome.ChromeDriver
Command: [b063f01ca1943de8b6b1196e67fe26bc, get {url=https://hcc.geesemed.com/admin/login/?next=/admin/}]
Capabilities {acceptInsecureCerts: false, browserName: chrome, browserVersion: 144.0.7559.133, chrome: {chromedriverVersion: 144.0.7559.133 (7da823b1d59..., userDataDir: C:\Users\lenovo\AppData\Loc...}, fedcm:accounts: true, goog:chromeOptions: {debuggerAddress: localhost:59832}, goog:processID: 22760, networkConnectionEnabled: false, pageLoadStrategy: normal, platformName: windows, proxy: Proxy(), se:cdp: ws://localhost:59832/devtoo..., se:cdpVersion: 144.0.7559.133, setWindowRect: true, strictFileInteractability: false, timeouts: {implicit: 0, pageLoad: 300000, script: 30000}, unhandledPromptBehavior: dismiss and notify, webauthn:extension:credBlob: true, webauthn:extension:largeBlob: true, webauthn:extension:minPinLength: true, webauthn:extension:prf: true, webauthn:virtualAuthenticators: true}
Session ID: b063f01ca1943de8b6b1196e67fe26bc
at AutomationTestDemo.Utility.WebUtility.launchBrowser(WebUtility.java:105)
at AutomationTestDemo.BaseClass.BaseClass.launchbrowser(BaseClass.java:29)
at java.base/java.util.ArrayList.forEach(ArrayList.java:1596)
... Removed 30 stack frames]]>
    </failure>
  </testcase> <!-- @BeforeMethod launchbrowser -->
  <testcase classname="AutomationTestDemo.BaseClass.BaseClass" name="@BeforeMethod launchbrowser" time="1.435">
    <failure type="java.lang.AssertionError" message="❌ Browser launch failed: unknown error: net::ERR_INTERNET_DISCONNECTED
  (Session info: chrome=144.0.7559.133)
Build info: version: &amp;apos;4.34.0&amp;apos;, revision: &amp;apos;707dcb4246*&amp;apos;
System info: os.name: &amp;apos;Windows 11&amp;apos;, os.arch: &amp;apos;amd64&amp;apos;, os.version: &amp;apos;10.0&amp;apos;, java.version: &amp;apos;21.0.1&amp;apos;
Driver info: org.openqa.selenium.chrome.ChromeDriver
Command: [5c95d8265aecb3640cc82f5beccb7e82, get {url=https://hcc.geesemed.com/admin/login/?next=/admin/}]
Capabilities {acceptInsecureCerts: false, browserName: chrome, browserVersion: 144.0.7559.133, chrome: {chromedriverVersion: 144.0.7559.133 (7da823b1d59..., userDataDir: C:\Users\lenovo\AppData\Loc...}, fedcm:accounts: true, goog:chromeOptions: {debuggerAddress: localhost:59985}, goog:processID: 32588, networkConnectionEnabled: false, pageLoadStrategy: normal, platformName: windows, proxy: Proxy(), se:cdp: ws://localhost:59985/devtoo..., se:cdpVersion: 144.0.7559.133, setWindowRect: true, strictFileInteractability: false, timeouts: {implicit: 0, pageLoad: 300000, script: 30000}, unhandledPromptBehavior: dismiss and notify, webauthn:extension:credBlob: true, webauthn:extension:largeBlob: true, webauthn:extension:minPinLength: true, webauthn:extension:prf: true, webauthn:virtualAuthenticators: true}
Session ID: 5c95d8265aecb3640cc82f5beccb7e82">
      <![CDATA[java.lang.AssertionError: ❌ Browser launch failed: unknown error: net::ERR_INTERNET_DISCONNECTED
  (Session info: chrome=144.0.7559.133)
Build info: version: '4.34.0', revision: '707dcb4246*'
System info: os.name: 'Windows 11', os.arch: 'amd64', os.version: '10.0', java.version: '21.0.1'
Driver info: org.openqa.selenium.chrome.ChromeDriver
Command: [5c95d8265aecb3640cc82f5beccb7e82, get {url=https://hcc.geesemed.com/admin/login/?next=/admin/}]
Capabilities {acceptInsecureCerts: false, browserName: chrome, browserVersion: 144.0.7559.133, chrome: {chromedriverVersion: 144.0.7559.133 (7da823b1d59..., userDataDir: C:\Users\lenovo\AppData\Loc...}, fedcm:accounts: true, goog:chromeOptions: {debuggerAddress: localhost:59985}, goog:processID: 32588, networkConnectionEnabled: false, pageLoadStrategy: normal, platformName: windows, proxy: Proxy(), se:cdp: ws://localhost:59985/devtoo..., se:cdpVersion: 144.0.7559.133, setWindowRect: true, strictFileInteractability: false, timeouts: {implicit: 0, pageLoad: 300000, script: 30000}, unhandledPromptBehavior: dismiss and notify, webauthn:extension:credBlob: true, webauthn:extension:largeBlob: true, webauthn:extension:minPinLength: true, webauthn:extension:prf: true, webauthn:virtualAuthenticators: true}
Session ID: 5c95d8265aecb3640cc82f5beccb7e82
at AutomationTestDemo.Utility.WebUtility.launchBrowser(WebUtility.java:105)
at AutomationTestDemo.BaseClass.BaseClass.launchbrowser(BaseClass.java:29)
at java.base/java.util.ArrayList.forEach(ArrayList.java:1596)
... Removed 30 stack frames]]>
    </failure>
  </testcase> <!-- @BeforeMethod launchbrowser -->
  <testcase classname="AutomationTestDemo.BaseClass.BaseClass" name="@BeforeMethod launchbrowser" time="1.389">
    <failure type="java.lang.AssertionError" message="❌ Browser launch failed: unknown error: net::ERR_INTERNET_DISCONNECTED
  (Session info: chrome=144.0.7559.133)
Build info: version: &amp;apos;4.34.0&amp;apos;, revision: &amp;apos;707dcb4246*&amp;apos;
System info: os.name: &amp;apos;Windows 11&amp;apos;, os.arch: &amp;apos;amd64&amp;apos;, os.version: &amp;apos;10.0&amp;apos;, java.version: &amp;apos;21.0.1&amp;apos;
Driver info: org.openqa.selenium.chrome.ChromeDriver
Command: [d022fe2f5a6183fede7feccc96e007b0, get {url=https://hcc.geesemed.com/admin/login/?next=/admin/}]
Capabilities {acceptInsecureCerts: false, browserName: chrome, browserVersion: 144.0.7559.133, chrome: {chromedriverVersion: 144.0.7559.133 (7da823b1d59..., userDataDir: C:\Users\lenovo\AppData\Loc...}, fedcm:accounts: true, goog:chromeOptions: {debuggerAddress: localhost:64202}, goog:processID: 34252, networkConnectionEnabled: false, pageLoadStrategy: normal, platformName: windows, proxy: Proxy(), se:cdp: ws://localhost:64202/devtoo..., se:cdpVersion: 144.0.7559.133, setWindowRect: true, strictFileInteractability: false, timeouts: {implicit: 0, pageLoad: 300000, script: 30000}, unhandledPromptBehavior: dismiss and notify, webauthn:extension:credBlob: true, webauthn:extension:largeBlob: true, webauthn:extension:minPinLength: true, webauthn:extension:prf: true, webauthn:virtualAuthenticators: true}
Session ID: d022fe2f5a6183fede7feccc96e007b0">
      <![CDATA[java.lang.AssertionError: ❌ Browser launch failed: unknown error: net::ERR_INTERNET_DISCONNECTED
  (Session info: chrome=144.0.7559.133)
Build info: version: '4.34.0', revision: '707dcb4246*'
System info: os.name: 'Windows 11', os.arch: 'amd64', os.version: '10.0', java.version: '21.0.1'
Driver info: org.openqa.selenium.chrome.ChromeDriver
Command: [d022fe2f5a6183fede7feccc96e007b0, get {url=https://hcc.geesemed.com/admin/login/?next=/admin/}]
Capabilities {acceptInsecureCerts: false, browserName: chrome, browserVersion: 144.0.7559.133, chrome: {chromedriverVersion: 144.0.7559.133 (7da823b1d59..., userDataDir: C:\Users\lenovo\AppData\Loc...}, fedcm:accounts: true, goog:chromeOptions: {debuggerAddress: localhost:64202}, goog:processID: 34252, networkConnectionEnabled: false, pageLoadStrategy: normal, platformName: windows, proxy: Proxy(), se:cdp: ws://localhost:64202/devtoo..., se:cdpVersion: 144.0.7559.133, setWindowRect: true, strictFileInteractability: false, timeouts: {implicit: 0, pageLoad: 300000, script: 30000}, unhandledPromptBehavior: dismiss and notify, webauthn:extension:credBlob: true, webauthn:extension:largeBlob: true, webauthn:extension:minPinLength: true, webauthn:extension:prf: true, webauthn:virtualAuthenticators: true}
Session ID: d022fe2f5a6183fede7feccc96e007b0
at AutomationTestDemo.Utility.WebUtility.launchBrowser(WebUtility.java:105)
at AutomationTestDemo.BaseClass.BaseClass.launchbrowser(BaseClass.java:29)
at java.base/java.util.ArrayList.forEach(ArrayList.java:1596)
... Removed 30 stack frames]]>
    </failure>
  </testcase> <!-- @BeforeMethod launchbrowser -->
  <testcase classname="AutomationTestDemo.BaseClass.BaseClass" name="@BeforeMethod launchbrowser" time="1.204">
    <failure type="java.lang.AssertionError" message="❌ Browser launch failed: unknown error: net::ERR_INTERNET_DISCONNECTED
  (Session info: chrome=144.0.7559.133)
Build info: version: &amp;apos;4.34.0&amp;apos;, revision: &amp;apos;707dcb4246*&amp;apos;
System info: os.name: &amp;apos;Windows 11&amp;apos;, os.arch: &amp;apos;amd64&amp;apos;, os.version: &amp;apos;10.0&amp;apos;, java.version: &amp;apos;21.0.1&amp;apos;
Driver info: org.openqa.selenium.chrome.ChromeDriver
Command: [43ae9d66b687d9a3f16e4ee6939df39a, get {url=https://hcc.geesemed.com/admin/login/?next=/admin/}]
Capabilities {acceptInsecureCerts: false, browserName: chrome, browserVersion: 144.0.7559.133, chrome: {chromedriverVersion: 144.0.7559.133 (7da823b1d59..., userDataDir: C:\Users\lenovo\AppData\Loc...}, fedcm:accounts: true, goog:chromeOptions: {debuggerAddress: localhost:52101}, goog:processID: 14388, networkConnectionEnabled: false, pageLoadStrategy: normal, platformName: windows, proxy: Proxy(), se:cdp: ws://localhost:52101/devtoo..., se:cdpVersion: 144.0.7559.133, setWindowRect: true, strictFileInteractability: false, timeouts: {implicit: 0, pageLoad: 300000, script: 30000}, unhandledPromptBehavior: dismiss and notify, webauthn:extension:credBlob: true, webauthn:extension:largeBlob: true, webauthn:extension:minPinLength: true, webauthn:extension:prf: true, webauthn:virtualAuthenticators: true}
Session ID: 43ae9d66b687d9a3f16e4ee6939df39a">
      <![CDATA[java.lang.AssertionError: ❌ Browser launch failed: unknown error: net::ERR_INTERNET_DISCONNECTED
  (Session info: chrome=144.0.7559.133)
Build info: version: '4.34.0', revision: '707dcb4246*'
System info: os.name: 'Windows 11', os.arch: 'amd64', os.version: '10.0', java.version: '21.0.1'
Driver info: org.openqa.selenium.chrome.ChromeDriver
Command: [43ae9d66b687d9a3f16e4ee6939df39a, get {url=https://hcc.geesemed.com/admin/login/?next=/admin/}]
Capabilities {acceptInsecureCerts: false, browserName: chrome, browserVersion: 144.0.7559.133, chrome: {chromedriverVersion: 144.0.7559.133 (7da823b1d59..., userDataDir: C:\Users\lenovo\AppData\Loc...}, fedcm:accounts: true, goog:chromeOptions: {debuggerAddress: localhost:52101}, goog:processID: 14388, networkConnectionEnabled: false, pageLoadStrategy: normal, platformName: windows, proxy: Proxy(), se:cdp: ws://localhost:52101/devtoo..., se:cdpVersion: 144.0.7559.133, setWindowRect: true, strictFileInteractability: false, timeouts: {implicit: 0, pageLoad: 300000, script: 30000}, unhandledPromptBehavior: dismiss and notify, webauthn:extension:credBlob: true, webauthn:extension:largeBlob: true, webauthn:extension:minPinLength: true, webauthn:extension:prf: true, webauthn:virtualAuthenticators: true}
Session ID: 43ae9d66b687d9a3f16e4ee6939df39a
at AutomationTestDemo.Utility.WebUtility.launchBrowser(WebUtility.java:105)
at AutomationTestDemo.BaseClass.BaseClass.launchbrowser(BaseClass.java:29)
at java.base/java.util.ArrayList.forEach(ArrayList.java:1596)
... Removed 30 stack frames]]>
    </failure>
  </testcase> <!-- @BeforeMethod launchbrowser -->
  <testcase classname="AutomationTestDemo.BaseClass.BaseClass" name="@BeforeMethod launchbrowser" time="1.127">
    <failure type="java.lang.AssertionError" message="❌ Browser launch failed: unknown error: net::ERR_INTERNET_DISCONNECTED
  (Session info: chrome=144.0.7559.133)
Build info: version: &amp;apos;4.34.0&amp;apos;, revision: &amp;apos;707dcb4246*&amp;apos;
System info: os.name: &amp;apos;Windows 11&amp;apos;, os.arch: &amp;apos;amd64&amp;apos;, os.version: &amp;apos;10.0&amp;apos;, java.version: &amp;apos;21.0.1&amp;apos;
Driver info: org.openqa.selenium.chrome.ChromeDriver
Command: [b02917b7cdb7eebdfeb327dcf4e48861, get {url=https://hcc.geesemed.com/admin/login/?next=/admin/}]
Capabilities {acceptInsecureCerts: false, browserName: chrome, browserVersion: 144.0.7559.133, chrome: {chromedriverVersion: 144.0.7559.133 (7da823b1d59..., userDataDir: C:\Users\lenovo\AppData\Loc...}, fedcm:accounts: true, goog:chromeOptions: {debuggerAddress: localhost:57382}, goog:processID: 30780, networkConnectionEnabled: false, pageLoadStrategy: normal, platformName: windows, proxy: Proxy(), se:cdp: ws://localhost:57382/devtoo..., se:cdpVersion: 144.0.7559.133, setWindowRect: true, strictFileInteractability: false, timeouts: {implicit: 0, pageLoad: 300000, script: 30000}, unhandledPromptBehavior: dismiss and notify, webauthn:extension:credBlob: true, webauthn:extension:largeBlob: true, webauthn:extension:minPinLength: true, webauthn:extension:prf: true, webauthn:virtualAuthenticators: true}
Session ID: b02917b7cdb7eebdfeb327dcf4e48861">
      <![CDATA[java.lang.AssertionError: ❌ Browser launch failed: unknown error: net::ERR_INTERNET_DISCONNECTED
  (Session info: chrome=144.0.7559.133)
Build info: version: '4.34.0', revision: '707dcb4246*'
System info: os.name: 'Windows 11', os.arch: 'amd64', os.version: '10.0', java.version: '21.0.1'
Driver info: org.openqa.selenium.chrome.ChromeDriver
Command: [b02917b7cdb7eebdfeb327dcf4e48861, get {url=https://hcc.geesemed.com/admin/login/?next=/admin/}]
Capabilities {acceptInsecureCerts: false, browserName: chrome, browserVersion: 144.0.7559.133, chrome: {chromedriverVersion: 144.0.7559.133 (7da823b1d59..., userDataDir: C:\Users\lenovo\AppData\Loc...}, fedcm:accounts: true, goog:chromeOptions: {debuggerAddress: localhost:57382}, goog:processID: 30780, networkConnectionEnabled: false, pageLoadStrategy: normal, platformName: windows, proxy: Proxy(), se:cdp: ws://localhost:57382/devtoo..., se:cdpVersion: 144.0.7559.133, setWindowRect: true, strictFileInteractability: false, timeouts: {implicit: 0, pageLoad: 300000, script: 30000}, unhandledPromptBehavior: dismiss and notify, webauthn:extension:credBlob: true, webauthn:extension:largeBlob: true, webauthn:extension:minPinLength: true, webauthn:extension:prf: true, webauthn:virtualAuthenticators: true}
Session ID: b02917b7cdb7eebdfeb327dcf4e48861
at AutomationTestDemo.Utility.WebUtility.launchBrowser(WebUtility.java:105)
at AutomationTestDemo.BaseClass.BaseClass.launchbrowser(BaseClass.java:29)
at java.base/java.util.ArrayList.forEach(ArrayList.java:1596)
... Removed 30 stack frames]]>
    </failure>
  </testcase> <!-- @BeforeMethod launchbrowser -->
  <testcase classname="AutomationTestDemo.LoginTest.LoginTest" name="validLogin_13704" time="13.711"/>
  <testcase classname="AutomationTestDemo.LoginTest.LoginTest" name="loginWithWrongPassword_13705" time="1.492"/>
  <testcase classname="AutomationTestDemo.LoginTest.LoginTest" name="loginWithWrongEmail_13706" time="1.331"/>
  <testcase classname="AutomationTestDemo.LoginTest.LoginTest" name="loginWithWrongEmailAndPassword_13707" time="20.573">
    <failure type="java.lang.AssertionError" message="Get Text Failed: no such element: Unable to locate element: {&amp;quot;method&amp;quot;:&amp;quot;xpath&amp;quot;,&amp;quot;selector&amp;quot;:&amp;quot;//p[@class=&amp;apos;errornote&amp;apos;]&amp;quot;}
  (Session info: chrome=144.0.7559.133)
For documentation on this error, please visit: https://www.selenium.dev/documentation/webdriver/troubleshooting/errors#no-such-element-exception
Build info: version: &amp;apos;4.34.0&amp;apos;, revision: &amp;apos;707dcb4246*&amp;apos;
System info: os.name: &amp;apos;Windows 11&amp;apos;, os.arch: &amp;apos;amd64&amp;apos;, os.version: &amp;apos;10.0&amp;apos;, java.version: &amp;apos;21.0.1&amp;apos;
Driver info: org.openqa.selenium.chrome.ChromeDriver
Command: [c6d289ce6fac6d290bbd21a518f7c01f, findElement {value=//p[@class=&amp;apos;errornote&amp;apos;], using=xpath}]
Capabilities {acceptInsecureCerts: false, browserName: chrome, browserVersion: 144.0.7559.133, chrome: {chromedriverVersion: 144.0.7559.133 (7da823b1d59..., userDataDir: C:\Users\lenovo\AppData\Loc...}, fedcm:accounts: true, goog:chromeOptions: {debuggerAddress: localhost:59436}, goog:processID: 29112, networkConnectionEnabled: false, pageLoadStrategy: normal, platformName: windows, proxy: Proxy(), se:cdp: ws://localhost:59436/devtoo..., se:cdpVersion: 144.0.7559.133, setWindowRect: true, strictFileInteractability: false, timeouts: {implicit: 0, pageLoad: 300000, script: 30000}, unhandledPromptBehavior: dismiss and notify, webauthn:extension:credBlob: true, webauthn:extension:largeBlob: true, webauthn:extension:minPinLength: true, webauthn:extension:prf: true, webauthn:virtualAuthenticators: true}
Session ID: c6d289ce6fac6d290bbd21a518f7c01f">
      <![CDATA[java.lang.AssertionError: Get Text Failed: no such element: Unable to locate element: {"method":"xpath","selector":"//p[@class='errornote']"}
  (Session info: chrome=144.0.7559.133)
For documentation on this error, please visit: https://www.selenium.dev/documentation/webdriver/troubleshooting/errors#no-such-element-exception
Build info: version: '4.34.0', revision: '707dcb4246*'
System info: os.name: 'Windows 11', os.arch: 'amd64', os.version: '10.0', java.version: '21.0.1'
Driver info: org.openqa.selenium.chrome.ChromeDriver
Command: [c6d289ce6fac6d290bbd21a518f7c01f, findElement {value=//p[@class='errornote'], using=xpath}]
Capabilities {acceptInsecureCerts: false, browserName: chrome, browserVersion: 144.0.7559.133, chrome: {chromedriverVersion: 144.0.7559.133 (7da823b1d59..., userDataDir: C:\Users\lenovo\AppData\Loc...}, fedcm:accounts: true, goog:chromeOptions: {debuggerAddress: localhost:59436}, goog:processID: 29112, networkConnectionEnabled: false, pageLoadStrategy: normal, platformName: windows, proxy: Proxy(), se:cdp: ws://localhost:59436/devtoo..., se:cdpVersion: 144.0.7559.133, setWindowRect: true, strictFileInteractability: false, timeouts: {implicit: 0, pageLoad: 300000, script: 30000}, unhandledPromptBehavior: dismiss and notify, webauthn:extension:credBlob: true, webauthn:extension:largeBlob: true, webauthn:extension:minPinLength: true, webauthn:extension:prf: true, webauthn:virtualAuthenticators: true}
Session ID: c6d289ce6fac6d290bbd21a518f7c01f
at AutomationTestDemo.Utility.WebUtility.getText(WebUtility.java:238)
at automationTestDemoPage.Login.loginPage.validateMessage(loginPage.java:19)
at automationTestDemoPage.Login.loginPage.loginWithWrongEmailAndPassword(loginPage.java:64)
at AutomationTestDemo.LoginTest.LoginTest.loginWithWrongEmailAndPassword_13707(LoginTest.java:52)
at java.base/java.util.ArrayList.forEach(ArrayList.java:1596)
... Removed 26 stack frames]]>
    </failure>
  </testcase> <!-- loginWithWrongEmailAndPassword_13707 -->
  <testcase classname="AutomationTestDemo.LoginTest.LoginTest" name="loginWithoutEmailAndPassword_13708" time="10.135">
    <failure type="java.lang.AssertionError" message="Get Text Failed: no such element: Unable to locate element: {&amp;quot;method&amp;quot;:&amp;quot;xpath&amp;quot;,&amp;quot;selector&amp;quot;:&amp;quot;//p[@class=&amp;apos;errornote&amp;apos;]&amp;quot;}
  (Session info: chrome=144.0.7559.133)
For documentation on this error, please visit: https://www.selenium.dev/documentation/webdriver/troubleshooting/errors#no-such-element-exception
Build info: version: &amp;apos;4.34.0&amp;apos;, revision: &amp;apos;707dcb4246*&amp;apos;
System info: os.name: &amp;apos;Windows 11&amp;apos;, os.arch: &amp;apos;amd64&amp;apos;, os.version: &amp;apos;10.0&amp;apos;, java.version: &amp;apos;21.0.1&amp;apos;
Driver info: org.openqa.selenium.chrome.ChromeDriver
Command: [7020867392db2f77188d1495e248f7a8, findElement {value=//p[@class=&amp;apos;errornote&amp;apos;], using=xpath}]
Capabilities {acceptInsecureCerts: false, browserName: chrome, browserVersion: 144.0.7559.133, chrome: {chromedriverVersion: 144.0.7559.133 (7da823b1d59..., userDataDir: C:\Users\lenovo\AppData\Loc...}, fedcm:accounts: true, goog:chromeOptions: {debuggerAddress: localhost:62533}, goog:processID: 34080, networkConnectionEnabled: false, pageLoadStrategy: normal, platformName: windows, proxy: Proxy(), se:cdp: ws://localhost:62533/devtoo..., se:cdpVersion: 144.0.7559.133, setWindowRect: true, strictFileInteractability: false, timeouts: {implicit: 0, pageLoad: 300000, script: 30000}, unhandledPromptBehavior: dismiss and notify, webauthn:extension:credBlob: true, webauthn:extension:largeBlob: true, webauthn:extension:minPinLength: true, webauthn:extension:prf: true, webauthn:virtualAuthenticators: true}
Session ID: 7020867392db2f77188d1495e248f7a8">
      <![CDATA[java.lang.AssertionError: Get Text Failed: no such element: Unable to locate element: {"method":"xpath","selector":"//p[@class='errornote']"}
  (Session info: chrome=144.0.7559.133)
For documentation on this error, please visit: https://www.selenium.dev/documentation/webdriver/troubleshooting/errors#no-such-element-exception
Build info: version: '4.34.0', revision: '707dcb4246*'
System info: os.name: 'Windows 11', os.arch: 'amd64', os.version: '10.0', java.version: '21.0.1'
Driver info: org.openqa.selenium.chrome.ChromeDriver
Command: [7020867392db2f77188d1495e248f7a8, findElement {value=//p[@class='errornote'], using=xpath}]
Capabilities {acceptInsecureCerts: false, browserName: chrome, browserVersion: 144.0.7559.133, chrome: {chromedriverVersion: 144.0.7559.133 (7da823b1d59..., userDataDir: C:\Users\lenovo\AppData\Loc...}, fedcm:accounts: true, goog:chromeOptions: {debuggerAddress: localhost:62533}, goog:processID: 34080, networkConnectionEnabled: false, pageLoadStrategy: normal, platformName: windows, proxy: Proxy(), se:cdp: ws://localhost:62533/devtoo..., se:cdpVersion: 144.0.7559.133, setWindowRect: true, strictFileInteractability: false, timeouts: {implicit: 0, pageLoad: 300000, script: 30000}, unhandledPromptBehavior: dismiss and notify, webauthn:extension:credBlob: true, webauthn:extension:largeBlob: true, webauthn:extension:minPinLength: true, webauthn:extension:prf: true, webauthn:virtualAuthenticators: true}
Session ID: 7020867392db2f77188d1495e248f7a8
at AutomationTestDemo.Utility.WebUtility.getText(WebUtility.java:238)
at automationTestDemoPage.Login.loginPage.validateMessage(loginPage.java:19)
at automationTestDemoPage.Login.loginPage.loginWithoutEmailAndPassword(loginPage.java:72)
at AutomationTestDemo.LoginTest.LoginTest.loginWithoutEmailAndPassword_13708(LoginTest.java:63)
at java.base/java.util.ArrayList.forEach(ArrayList.java:1596)
... Removed 26 stack frames]]>
    </failure>
  </testcase> <!-- loginWithoutEmailAndPassword_13708 -->
  <testcase classname="AutomationTestDemo.LoginTest.createNewUserTest" name="createSupUsrWithValDtl_13709" time="39.056"/>
  <testcase classname="AutomationTestDemo.LoginTest.createNewUserTest" name="crtSupUsrWithDupEmail_13716" time="32.925"/>
  <testcase classname="AutomationTestDemo.LoginTest.createNewUserTest" name="crtSupUsrWithWkPass_13717" time="22.01"/>
  <testcase classname="AutomationTestDemo.LoginTest.createNewUserTest" name="crtSupUsrWithMisPass_13718" time="34.494"/>
  <testcase classname="AutomationTestDemo.LoginTest.createNewUserTest" name="viewExistUsrDtl_13722" time="33.608"/>
  <testcase classname="AutomationTestDemo.LoginTest.createNewUserTest" name="updUsrDtl_13723" time="57.844"/>
  <testcase classname="AutomationTestDemo.LoginTest.createNewUserTest" name="rmvUsrPerm_13739" time="0.0">
    <skipped/>
  </testcase> <!-- rmvUsrPerm_13739 -->
  <testcase classname="AutomationTestDemo.LoginTest.createNewUserTest" name="addUsrPerm_13739" time="0.0">
    <skipped/>
  </testcase> <!-- addUsrPerm_13739 -->
  <testcase classname="AutomationTestDemo.LoginTest.createNewUserTest" name="crtSupUsrWithBlkEmail_13719" time="0.0">
    <skipped/>
  </testcase> <!-- crtSupUsrWithBlkEmail_13719 -->
  <testcase classname="AutomationTestDemo.LoginTest.createNewUserTest" name="crtSupUsrWithBlkPass_13721" time="0.0">
    <skipped/>
  </testcase> <!-- crtSupUsrWithBlkPass_13721 -->
  <testcase classname="AutomationTestDemo.LoginTest.createNewUserTest" name="crtSupUsrWithBlkConPass_13722" time="0.0">
    <skipped/>
  </testcase> <!-- crtSupUsrWithBlkConPass_13722 -->
  <testcase classname="AutomationTestDemo.LoginTest.createNewUserTest" name="crtSupUsrWthOutDtl_13720" time="0.0">
    <skipped/>
  </testcase> <!-- crtSupUsrWthOutDtl_13720 -->
  <testcase classname="AutomationTestDemo.LoginTest.createNewUserTest" name="crtSupUsrSaveAddAno_13710" time="0.0">
    <skipped/>
  </testcase> <!-- crtSupUsrSaveAddAno_13710 -->
  <testcase classname="AutomationTestDemo.LoginTest.createNewUserTest" name="crtSupUsrSaveConEdti_13712" time="0.0">
    <skipped/>
  </testcase> <!-- crtSupUsrSaveConEdti_13712 -->
  <testcase classname="AutomationTestDemo.LoginTest.createNewUserTest" name="crtUsrInvDtOnSave_13713" time="0.0">
    <skipped/>
  </testcase> <!-- crtUsrInvDtOnSave_13713 -->
  <testcase classname="AutomationTestDemo.LoginTest.createNewUserTest" name="crtUsrInvDtSaveAddAno_13714" time="0.0">
    <skipped/>
  </testcase> <!-- crtUsrInvDtSaveAddAno_13714 -->
  <testcase classname="AutomationTestDemo.LoginTest.createNewUserTest" name="crtUsrInvDtSaveConEdti_13715" time="0.0">
    <skipped/>
  </testcase> <!-- crtUsrInvDtSaveConEdti_13715 -->
  <testcase classname="AutomationTestDemo.LoginTest.createNewUserTest" name="delCrtdUsr_13733" time="0.0">
    <skipped/>
  </testcase> <!-- delCrtdUsr_13733 -->
  <testcase classname="AutomationTestDemo.LoginTest.createNewUserTest" name="deleteMultipleUser_13734" time="0.0">
    <skipped/>
  </testcase> <!-- deleteMultipleUser_13734 -->
  <testcase classname="AutomationTestDemo.LoginTest.createNewUserTest" name="deleteUserFromDetails_13735" time="0.0">
    <skipped/>
  </testcase> <!-- deleteUserFromDetails_13735 -->
</testsuite> <!-- EndToEndFlow -->
