<?xml version="1.0" encoding="UTF-8"?>
<!-- Generated by org.testng.reporters.JUnitXMLReporter -->
<testsuite ignored="0" hostname="LAPTOP-CRH7JJ3V" failures="7" tests="11" name="EndToEndFlow" time="292.629" errors="0" timestamp="2025-11-08T17:26:00 IST">
  <testcase classname="AutomationTestDemo.LoginTest.LoginTest" name="testSuperAdminValidLogin_13704" time="13.793"/>
  <testcase classname="AutomationTestDemo.LoginTest.LoginTest" name="testSuperAdminInvalidLoginMail_13706" time="0.0">
    <failure type="org.testng.TestNGException" message="
Method public void AutomationTestDemo.LoginTest.LoginTest.testSuperAdminInvalidLoginMail_13706(java.lang.String,java.lang.String,java.lang.String,java.lang.String) requires a @DataProvider named : LoginTestData">
      <![CDATA[org.testng.TestNGException: 
Method public void AutomationTestDemo.LoginTest.LoginTest.testSuperAdminInvalidLoginMail_13706(java.lang.String,java.lang.String,java.lang.String,java.lang.String) requires a @DataProvider named : LoginTestData
at java.base/java.util.ArrayList.forEach(ArrayList.java:1596)
... Removed 24 stack frames]]>
    </failure>
  </testcase> <!-- testSuperAdminInvalidLoginMail_13706 -->
  <testcase classname="AutomationTestDemo.LoginTest.LoginTest" name="testSuperAdminInvalidLoginPass_13705" time="0.0">
    <failure type="org.testng.TestNGException" message="
Method public void AutomationTestDemo.LoginTest.LoginTest.testSuperAdminInvalidLoginPass_13705(java.lang.String,java.lang.String,java.lang.String,java.lang.String) requires a @DataProvider named : LoginTestData">
      <![CDATA[org.testng.TestNGException: 
Method public void AutomationTestDemo.LoginTest.LoginTest.testSuperAdminInvalidLoginPass_13705(java.lang.String,java.lang.String,java.lang.String,java.lang.String) requires a @DataProvider named : LoginTestData
at java.base/java.util.ArrayList.forEach(ArrayList.java:1596)
... Removed 24 stack frames]]>
    </failure>
  </testcase> <!-- testSuperAdminInvalidLoginPass_13705 -->
  <testcase classname="AutomationTestDemo.LoginTest.LoginTest" name="testSuperAdminInvalidLoginPassMail_13707" time="0.0">
    <failure type="org.testng.TestNGException" message="
Method public void AutomationTestDemo.LoginTest.LoginTest.testSuperAdminInvalidLoginPassMail_13707(java.lang.String,java.lang.String,java.lang.String,java.lang.String) requires a @DataProvider named : LoginTestData">
      <![CDATA[org.testng.TestNGException: 
Method public void AutomationTestDemo.LoginTest.LoginTest.testSuperAdminInvalidLoginPassMail_13707(java.lang.String,java.lang.String,java.lang.String,java.lang.String) requires a @DataProvider named : LoginTestData
at java.base/java.util.ArrayList.forEach(ArrayList.java:1596)
... Removed 24 stack frames]]>
    </failure>
  </testcase> <!-- testSuperAdminInvalidLoginPassMail_13707 -->
  <testcase classname="AutomationTestDemo.LoginTest.createNewUser" name="createNewSUWithVlDetails_13709" time="34.863">
    <failure type="java.lang.AssertionError" message="Get Text Failed: no such element: Unable to locate element: {&amp;quot;method&amp;quot;:&amp;quot;xpath&amp;quot;,&amp;quot;selector&amp;quot;:&amp;quot;//pre[@class=&amp;apos;exception_value&amp;apos;]&amp;quot;}
  (Session info: chrome=141.0.7390.125)
For documentation on this error, please visit: https://www.selenium.dev/documentation/webdriver/troubleshooting/errors#no-such-element-exception
Build info: version: &amp;apos;4.34.0&amp;apos;, revision: &amp;apos;707dcb4246*&amp;apos;
System info: os.name: &amp;apos;Windows 11&amp;apos;, os.arch: &amp;apos;amd64&amp;apos;, os.version: &amp;apos;10.0&amp;apos;, java.version: &amp;apos;21.0.1&amp;apos;
Driver info: org.openqa.selenium.chrome.ChromeDriver
Command: [ea5ae527f65ecd48871be60757f54eed, findElement {using=xpath, value=//pre[@class=&amp;apos;exception_value&amp;apos;]}]
Capabilities {acceptInsecureCerts: false, browserName: chrome, browserVersion: 141.0.7390.125, chrome: {chromedriverVersion: 141.0.7390.122 (b477534e7e1..., userDataDir: C:\Users\lenovo\AppData\Loc...}, fedcm:accounts: true, goog:chromeOptions: {debuggerAddress: localhost:61988}, networkConnectionEnabled: false, pageLoadStrategy: normal, platformName: windows, proxy: Proxy(), se:cdp: ws://localhost:61988/devtoo..., se:cdpVersion: 141.0.7390.125, setWindowRect: true, strictFileInteractability: false, timeouts: {implicit: 0, pageLoad: 300000, script: 30000}, unhandledPromptBehavior: dismiss and notify, webauthn:extension:credBlob: true, webauthn:extension:largeBlob: true, webauthn:extension:minPinLength: true, webauthn:extension:prf: true, webauthn:virtualAuthenticators: true}
Session ID: ea5ae527f65ecd48871be60757f54eed">
      <![CDATA[java.lang.AssertionError: Get Text Failed: no such element: Unable to locate element: {"method":"xpath","selector":"//pre[@class='exception_value']"}
  (Session info: chrome=141.0.7390.125)
For documentation on this error, please visit: https://www.selenium.dev/documentation/webdriver/troubleshooting/errors#no-such-element-exception
Build info: version: '4.34.0', revision: '707dcb4246*'
System info: os.name: 'Windows 11', os.arch: 'amd64', os.version: '10.0', java.version: '21.0.1'
Driver info: org.openqa.selenium.chrome.ChromeDriver
Command: [ea5ae527f65ecd48871be60757f54eed, findElement {using=xpath, value=//pre[@class='exception_value']}]
Capabilities {acceptInsecureCerts: false, browserName: chrome, browserVersion: 141.0.7390.125, chrome: {chromedriverVersion: 141.0.7390.122 (b477534e7e1..., userDataDir: C:\Users\lenovo\AppData\Loc...}, fedcm:accounts: true, goog:chromeOptions: {debuggerAddress: localhost:61988}, networkConnectionEnabled: false, pageLoadStrategy: normal, platformName: windows, proxy: Proxy(), se:cdp: ws://localhost:61988/devtoo..., se:cdpVersion: 141.0.7390.125, setWindowRect: true, strictFileInteractability: false, timeouts: {implicit: 0, pageLoad: 300000, script: 30000}, unhandledPromptBehavior: dismiss and notify, webauthn:extension:credBlob: true, webauthn:extension:largeBlob: true, webauthn:extension:minPinLength: true, webauthn:extension:prf: true, webauthn:virtualAuthenticators: true}
Session ID: ea5ae527f65ecd48871be60757f54eed
at AutomationTestDemo.Utility.WebUtility.getText(WebUtility.java:243)
at automationTestDemoPage.Login.createNewSuperUser.createNewSuperAdminUser(createNewSuperUser.java:50)
at AutomationTestDemo.LoginTest.createNewUser.createNewSUWithVlDetails_13709(createNewUser.java:47)
at java.base/java.util.ArrayList.forEach(ArrayList.java:1596)
... Removed 26 stack frames]]>
    </failure>
  </testcase> <!-- createNewSUWithVlDetails_13709 -->
  <testcase classname="AutomationTestDemo.LoginTest.createNewUser" name="createNewSUWithSameDtl_13716" time="35.031">
    <failure type="java.lang.AssertionError" message="Get Text Failed: no such element: Unable to locate element: {&amp;quot;method&amp;quot;:&amp;quot;xpath&amp;quot;,&amp;quot;selector&amp;quot;:&amp;quot;//li[normalize-space()=&amp;apos;This username has already been taken.&amp;apos;]&amp;quot;}
  (Session info: chrome=141.0.7390.125)
For documentation on this error, please visit: https://www.selenium.dev/documentation/webdriver/troubleshooting/errors#no-such-element-exception
Build info: version: &amp;apos;4.34.0&amp;apos;, revision: &amp;apos;707dcb4246*&amp;apos;
System info: os.name: &amp;apos;Windows 11&amp;apos;, os.arch: &amp;apos;amd64&amp;apos;, os.version: &amp;apos;10.0&amp;apos;, java.version: &amp;apos;21.0.1&amp;apos;
Driver info: org.openqa.selenium.chrome.ChromeDriver
Command: [1bc853d4a714a590a36e71e73baa9008, findElement {using=xpath, value=//li[normalize-space()=&amp;apos;This username has already been taken.&amp;apos;]}]
Capabilities {acceptInsecureCerts: false, browserName: chrome, browserVersion: 141.0.7390.125, chrome: {chromedriverVersion: 141.0.7390.122 (b477534e7e1..., userDataDir: C:\Users\lenovo\AppData\Loc...}, fedcm:accounts: true, goog:chromeOptions: {debuggerAddress: localhost:64282}, networkConnectionEnabled: false, pageLoadStrategy: normal, platformName: windows, proxy: Proxy(), se:cdp: ws://localhost:64282/devtoo..., se:cdpVersion: 141.0.7390.125, setWindowRect: true, strictFileInteractability: false, timeouts: {implicit: 0, pageLoad: 300000, script: 30000}, unhandledPromptBehavior: dismiss and notify, webauthn:extension:credBlob: true, webauthn:extension:largeBlob: true, webauthn:extension:minPinLength: true, webauthn:extension:prf: true, webauthn:virtualAuthenticators: true}
Session ID: 1bc853d4a714a590a36e71e73baa9008">
      <![CDATA[java.lang.AssertionError: Get Text Failed: no such element: Unable to locate element: {"method":"xpath","selector":"//li[normalize-space()='This username has already been taken.']"}
  (Session info: chrome=141.0.7390.125)
For documentation on this error, please visit: https://www.selenium.dev/documentation/webdriver/troubleshooting/errors#no-such-element-exception
Build info: version: '4.34.0', revision: '707dcb4246*'
System info: os.name: 'Windows 11', os.arch: 'amd64', os.version: '10.0', java.version: '21.0.1'
Driver info: org.openqa.selenium.chrome.ChromeDriver
Command: [1bc853d4a714a590a36e71e73baa9008, findElement {using=xpath, value=//li[normalize-space()='This username has already been taken.']}]
Capabilities {acceptInsecureCerts: false, browserName: chrome, browserVersion: 141.0.7390.125, chrome: {chromedriverVersion: 141.0.7390.122 (b477534e7e1..., userDataDir: C:\Users\lenovo\AppData\Loc...}, fedcm:accounts: true, goog:chromeOptions: {debuggerAddress: localhost:64282}, networkConnectionEnabled: false, pageLoadStrategy: normal, platformName: windows, proxy: Proxy(), se:cdp: ws://localhost:64282/devtoo..., se:cdpVersion: 141.0.7390.125, setWindowRect: true, strictFileInteractability: false, timeouts: {implicit: 0, pageLoad: 300000, script: 30000}, unhandledPromptBehavior: dismiss and notify, webauthn:extension:credBlob: true, webauthn:extension:largeBlob: true, webauthn:extension:minPinLength: true, webauthn:extension:prf: true, webauthn:virtualAuthenticators: true}
Session ID: 1bc853d4a714a590a36e71e73baa9008
at AutomationTestDemo.Utility.WebUtility.getText(WebUtility.java:243)
at automationTestDemoPage.Login.createNewSuperUser.createNewSuperUserWithSameDetails_(createNewSuperUser.java:66)
at AutomationTestDemo.LoginTest.createNewUser.createNewSUWithSameDtl_13716(createNewUser.java:57)
at java.base/java.util.ArrayList.forEach(ArrayList.java:1596)
... Removed 26 stack frames]]>
    </failure>
  </testcase> <!-- createNewSUWithSameDtl_13716 -->
  <testcase classname="AutomationTestDemo.LoginTest.createNewUser" name="createNewUsrWithWeakPaa_13717" time="33.821">
    <failure type="java.lang.AssertionError" message="Get Text Failed: no such element: Unable to locate element: {&amp;quot;method&amp;quot;:&amp;quot;xpath&amp;quot;,&amp;quot;selector&amp;quot;:&amp;quot;//li[contains(.,&amp;apos;password is too short&amp;apos;)]&amp;quot;}
  (Session info: chrome=141.0.7390.125)
For documentation on this error, please visit: https://www.selenium.dev/documentation/webdriver/troubleshooting/errors#no-such-element-exception
Build info: version: &amp;apos;4.34.0&amp;apos;, revision: &amp;apos;707dcb4246*&amp;apos;
System info: os.name: &amp;apos;Windows 11&amp;apos;, os.arch: &amp;apos;amd64&amp;apos;, os.version: &amp;apos;10.0&amp;apos;, java.version: &amp;apos;21.0.1&amp;apos;
Driver info: org.openqa.selenium.chrome.ChromeDriver
Command: [68ac57c0ed2b71a620cddfdd7e8d17fe, findElement {using=xpath, value=//li[contains(.,&amp;apos;password is too short&amp;apos;)]}]
Capabilities {acceptInsecureCerts: false, browserName: chrome, browserVersion: 141.0.7390.125, chrome: {chromedriverVersion: 141.0.7390.122 (b477534e7e1..., userDataDir: C:\Users\lenovo\AppData\Loc...}, fedcm:accounts: true, goog:chromeOptions: {debuggerAddress: localhost:53188}, networkConnectionEnabled: false, pageLoadStrategy: normal, platformName: windows, proxy: Proxy(), se:cdp: ws://localhost:53188/devtoo..., se:cdpVersion: 141.0.7390.125, setWindowRect: true, strictFileInteractability: false, timeouts: {implicit: 0, pageLoad: 300000, script: 30000}, unhandledPromptBehavior: dismiss and notify, webauthn:extension:credBlob: true, webauthn:extension:largeBlob: true, webauthn:extension:minPinLength: true, webauthn:extension:prf: true, webauthn:virtualAuthenticators: true}
Session ID: 68ac57c0ed2b71a620cddfdd7e8d17fe">
      <![CDATA[java.lang.AssertionError: Get Text Failed: no such element: Unable to locate element: {"method":"xpath","selector":"//li[contains(.,'password is too short')]"}
  (Session info: chrome=141.0.7390.125)
For documentation on this error, please visit: https://www.selenium.dev/documentation/webdriver/troubleshooting/errors#no-such-element-exception
Build info: version: '4.34.0', revision: '707dcb4246*'
System info: os.name: 'Windows 11', os.arch: 'amd64', os.version: '10.0', java.version: '21.0.1'
Driver info: org.openqa.selenium.chrome.ChromeDriver
Command: [68ac57c0ed2b71a620cddfdd7e8d17fe, findElement {using=xpath, value=//li[contains(.,'password is too short')]}]
Capabilities {acceptInsecureCerts: false, browserName: chrome, browserVersion: 141.0.7390.125, chrome: {chromedriverVersion: 141.0.7390.122 (b477534e7e1..., userDataDir: C:\Users\lenovo\AppData\Loc...}, fedcm:accounts: true, goog:chromeOptions: {debuggerAddress: localhost:53188}, networkConnectionEnabled: false, pageLoadStrategy: normal, platformName: windows, proxy: Proxy(), se:cdp: ws://localhost:53188/devtoo..., se:cdpVersion: 141.0.7390.125, setWindowRect: true, strictFileInteractability: false, timeouts: {implicit: 0, pageLoad: 300000, script: 30000}, unhandledPromptBehavior: dismiss and notify, webauthn:extension:credBlob: true, webauthn:extension:largeBlob: true, webauthn:extension:minPinLength: true, webauthn:extension:prf: true, webauthn:virtualAuthenticators: true}
Session ID: 68ac57c0ed2b71a620cddfdd7e8d17fe
at AutomationTestDemo.Utility.WebUtility.getText(WebUtility.java:243)
at automationTestDemoPage.Login.createNewSuperUser.CreateNewSuperUserweakPass_(createNewSuperUser.java:82)
at AutomationTestDemo.LoginTest.createNewUser.createNewUsrWithWeakPaa_13717(createNewUser.java:68)
at java.base/java.util.ArrayList.forEach(ArrayList.java:1596)
... Removed 26 stack frames]]>
    </failure>
  </testcase> <!-- createNewUsrWithWeakPaa_13717 -->
  <testcase classname="AutomationTestDemo.LoginTest.createNewUser" name="createNewSuperUsrWithMissMatchPass_13718" time="22.768"/>
  <testcase classname="AutomationTestDemo.LoginTest.createNewUser" name="ViewExUserDetails" time="32.809"/>
  <testcase classname="AutomationTestDemo.LoginTest.createNewUser" name="updateUsrDetails_13723" time="57.547"/>
  <testcase classname="AutomationTestDemo.LoginTest.createNewUser" name="Usrpermissions_13739" time="0.0">
    <failure type="org.testng.TestNGException" message="
Method public void AutomationTestDemo.LoginTest.createNewUser.Usrpermissions_13739(java.lang.String) requires a @DataProvider named : LoginTestData">
      <![CDATA[org.testng.TestNGException: 
Method public void AutomationTestDemo.LoginTest.createNewUser.Usrpermissions_13739(java.lang.String) requires a @DataProvider named : LoginTestData
at java.base/java.util.ArrayList.forEach(ArrayList.java:1596)
... Removed 24 stack frames]]>
    </failure>
  </testcase> <!-- Usrpermissions_13739 -->
</testsuite> <!-- EndToEndFlow -->
