<!DOCTYPE html PUBLIC "-//W3C//DTD XHTML 1.1//EN" "https://www.w3.org/TR/xhtml11/DTD/xhtml11.dtd">
<html xmlns="https://www.w3.org/1999/xhtml">
<head>
<meta http-equiv="content-type" content="text/html; charset=UTF-8"/>
<title>TestNG Report</title>
<style type="text/css">table {margin-bottom:10px;border-collapse:collapse;empty-cells:show}th,td {border:1px solid #009;padding:.25em .5em}th {vertical-align:bottom}td {vertical-align:top}table a {font-weight:bold}.stripe td {background-color: #E6EBF9}.num {text-align:right}.passedodd td {background-color: #3F3}.passedeven td {background-color: #0A0}.skippedodd td {background-color: #DDD}.skippedeven td {background-color: #CCC}.failedodd td,.attn {background-color: #F33}.failedeven td,.stripe .attn {background-color: #D00}.stacktrace {white-space:pre;font-family:monospace}.totop {font-size:85%;text-align:center;border-bottom:2px solid #000}.invisible {display:none}</style>
</head>
<body>
<table>
<tr><th>Test</th><th># Passed</th><th># Skipped</th><th># Retried</th><th># Failed</th><th>Time (ms)</th><th>Included Groups</th><th>Excluded Groups</th></tr>
<tr><th colspan="8">Default suite</th></tr>
<tr><td><a href="#t0">Default test</a></td><td class="num">21</td><td class="num">0</td><td class="num">0</td><td class="num attn">3</td><td class="num">1,044,929</td><td></td><td></td></tr>
</table>
<table id='summary'><thead><tr><th>Class</th><th>Method</th><th>Start</th><th>Time (ms)</th></tr></thead><tbody><tr><th colspan="4">Default suite</th></tr></tbody><tbody id="t0"><tr><th colspan="4">Default test &#8212; failed</th></tr><tr class="failedeven"><td rowspan="1">AutomationTestDemo.LoginTest.LoginTest</td><td><a href="#m0">loginWithoutEmailAndPassword_13708</a></td><td rowspan="1">1763896832251</td><td rowspan="1">10188</td></tr><tr class="failedodd"><td rowspan="2">AutomationTestDemo.LoginTest.createNewUserTest</td><td><a href="#m1">delCrtdUsr_13733</a></td><td rowspan="1">1763896671098</td><td rowspan="1">38869</td></tr><tr class="failedodd"><td><a href="#m2">rmvUsrPerm_13739</a></td><td rowspan="1">1763896084824</td><td rowspan="1">100240</td></tr><tr><th colspan="4">Default test &#8212; passed</th></tr><tr class="passedeven"><td rowspan="4">AutomationTestDemo.LoginTest.LoginTest</td><td><a href="#m3">loginWithWrongEmailAndPassword_13707</a></td><td rowspan="1">1763896822744</td><td rowspan="1">1586</td></tr><tr class="passedeven"><td><a href="#m4">loginWithWrongEmail_13706</a></td><td rowspan="1">1763896813353</td><td rowspan="1">1312</td></tr><tr class="passedeven"><td><a href="#m5">loginWithWrongPassword_13705</a></td><td rowspan="1">1763896803533</td><td rowspan="1">1767</td></tr><tr class="passedeven"><td><a href="#m6">validLogin_13704</a></td><td rowspan="1">1763896781709</td><td rowspan="1">13725</td></tr><tr class="passedodd"><td rowspan="17">AutomationTestDemo.LoginTest.createNewUserTest</td><td><a href="#m7">addUsrPerm_13739</a></td><td rowspan="1">1763896193303</td><td rowspan="1">89230</td></tr><tr class="passedodd"><td><a href="#m8">createSupUsrWithValDtl_13709</a></td><td rowspan="1">1763895806455</td><td rowspan="1">39500</td></tr><tr class="passedodd"><td><a href="#m9">crtSupUsrSaveAddAno_13710</a></td><td rowspan="1">1763896456889</td><td rowspan="1">36307</td></tr><tr class="passedodd"><td><a href="#m10">crtSupUsrSaveConEdti_13712</a></td><td rowspan="1">1763896501274</td><td rowspan="1">37760</td></tr><tr class="passedodd"><td><a href="#m11">crtSupUsrWithBlkConPass_13722</a></td><td rowspan="1">1763896373147</td><td rowspan="1">34274</td></tr><tr class="passedodd"><td><a href="#m12">crtSupUsrWithBlkEmail_13719</a></td><td rowspan="1">1763896290521</td><td rowspan="1">33393</td></tr><tr class="passedodd"><td><a href="#m13">crtSupUsrWithBlkPass_13721</a></td><td rowspan="1">1763896331921</td><td rowspan="1">33188</td></tr><tr class="passedodd"><td><a href="#m14">crtSupUsrWithDupEmail_13716</a></td><td rowspan="1">1763895855049</td><td rowspan="1">33148</td></tr><tr class="passedodd"><td><a href="#m15">crtSupUsrWithMisPass_13718</a></td><td rowspan="1">1763895937029</td><td rowspan="1">33545</td></tr><tr class="passedodd"><td><a href="#m16">crtSupUsrWithWkPass_13717</a></td><td rowspan="1">1763895896502</td><td rowspan="1">32474</td></tr><tr class="passedodd"><td><a href="#m17">crtSupUsrWthOutDtl_13720</a></td><td rowspan="1">1763896415867</td><td rowspan="1">33055</td></tr><tr class="passedodd"><td><a href="#m18">crtUsrInvDtOnSave_13713</a></td><td rowspan="1">1763896547078</td><td rowspan="1">32476</td></tr><tr class="passedodd"><td><a href="#m19">crtUsrInvDtSaveAddAno_13714</a></td><td rowspan="1">1763896587589</td><td rowspan="1">34017</td></tr><tr class="passedodd"><td><a href="#m20">crtUsrInvDtSaveConEdti_13715</a></td><td rowspan="1">1763896629872</td><td rowspan="1">33042</td></tr><tr class="passedodd"><td><a href="#m21">deleteMultipleUser_13734</a></td><td rowspan="1">1763896718059</td><td rowspan="1">55445</td></tr><tr class="passedodd"><td><a href="#m22">updUsrDtl_13723</a></td><td rowspan="1">1763896019959</td><td rowspan="1">56390</td></tr><tr class="passedodd"><td><a href="#m23">viewExistUsrDtl_13722</a></td><td rowspan="1">1763895978909</td><td rowspan="1">33100</td></tr></tbody>
</table>
<h2>Default test</h2><h3 id="m0">AutomationTestDemo.LoginTest.LoginTest#loginWithoutEmailAndPassword_13708</h3><table class="result"><tr class="param"><th>Parameter #1</th><th>Parameter #2</th><th>Parameter #3</th><th>Parameter #4</th></tr><tr class="param stripe"><td>LoginWithoutEmailAndPassword_13708</td><td></td><td></td><td>Please fill out this field</td></tr><tr><th colspan="4">Exception</th></tr><tr><td colspan="4"><div class="stacktrace">java.lang.AssertionError: Get Text Failed: no such element: Unable to locate element: {&quot;method&quot;:&quot;xpath&quot;,&quot;selector&quot;:&quot;//p[@class=&apos;errornote&apos;]&quot;}
  (Session info: chrome=142.0.7444.163)
For documentation on this error, please visit: https://www.selenium.dev/documentation/webdriver/troubleshooting/errors#no-such-element-exception
Build info: version: &apos;4.34.0&apos;, revision: &apos;707dcb4246*&apos;
System info: os.name: &apos;Windows 11&apos;, os.arch: &apos;amd64&apos;, os.version: &apos;10.0&apos;, java.version: &apos;21.0.1&apos;
Driver info: org.openqa.selenium.chrome.ChromeDriver
Command: [c55d85241706f56c2345626aae3954f7, findElement {using=xpath, value=//p[@class=&apos;errornote&apos;]}]
Capabilities {acceptInsecureCerts: false, browserName: chrome, browserVersion: 142.0.7444.163, chrome: {chromedriverVersion: 142.0.7444.175 (302067f14a4..., userDataDir: C:\Users\lenovo\AppData\Loc...}, fedcm:accounts: true, goog:chromeOptions: {debuggerAddress: localhost:49813}, goog:processID: 844, networkConnectionEnabled: false, pageLoadStrategy: normal, platformName: windows, proxy: Proxy(), se:cdp: ws://localhost:49813/devtoo..., se:cdpVersion: 142.0.7444.163, setWindowRect: true, strictFileInteractability: false, timeouts: {implicit: 0, pageLoad: 300000, script: 30000}, unhandledPromptBehavior: dismiss and notify, webauthn:extension:credBlob: true, webauthn:extension:largeBlob: true, webauthn:extension:minPinLength: true, webauthn:extension:prf: true, webauthn:virtualAuthenticators: true}
Session ID: c55d85241706f56c2345626aae3954f7
	at org.testng.Assert.fail(Assert.java:111)
	at AutomationTestDemo.Utility.WebUtility.getText(WebUtility.java:238)
	at automationTestDemoPage.Login.loginPage.validateMessage(loginPage.java:19)
	at automationTestDemoPage.Login.loginPage.loginWithoutEmailAndPassword(loginPage.java:72)
	at AutomationTestDemo.LoginTest.LoginTest.loginWithoutEmailAndPassword_13708(LoginTest.java:63)
	at java.base/jdk.internal.reflect.DirectMethodHandleAccessor.invoke(DirectMethodHandleAccessor.java:103)
	at java.base/java.lang.reflect.Method.invoke(Method.java:580)
	at org.testng.internal.invokers.MethodInvocationHelper.invokeMethod(MethodInvocationHelper.java:141)
	at org.testng.internal.invokers.TestInvoker.invokeMethod(TestInvoker.java:687)
	at org.testng.internal.invokers.TestInvoker.invokeTestMethod(TestInvoker.java:230)
	at org.testng.internal.invokers.MethodRunner.runInSequence(MethodRunner.java:63)
	at org.testng.internal.invokers.TestInvoker$MethodInvocationAgent.invoke(TestInvoker.java:995)
	at org.testng.internal.invokers.TestInvoker.invokeTestMethods(TestInvoker.java:203)
	at org.testng.internal.invokers.TestMethodWorker.invokeTestMethods(TestMethodWorker.java:154)
	at org.testng.internal.invokers.TestMethodWorker.run(TestMethodWorker.java:134)
	at java.base/java.util.ArrayList.forEach(ArrayList.java:1596)
	at org.testng.TestRunner.privateRun(TestRunner.java:741)
	at org.testng.TestRunner.run(TestRunner.java:616)
	at org.testng.SuiteRunner.runTest(SuiteRunner.java:421)
	at org.testng.SuiteRunner.runSequentially(SuiteRunner.java:413)
	at org.testng.SuiteRunner.privateRun(SuiteRunner.java:373)
	at org.testng.SuiteRunner.run(SuiteRunner.java:312)
	at org.testng.SuiteRunnerWorker.runSuite(SuiteRunnerWorker.java:52)
	at org.testng.SuiteRunnerWorker.run(SuiteRunnerWorker.java:95)
	at org.testng.TestNG.runSuitesSequentially(TestNG.java:1274)
	at org.testng.TestNG.runSuitesLocally(TestNG.java:1208)
	at org.testng.TestNG.runSuites(TestNG.java:1112)
	at org.testng.TestNG.run(TestNG.java:1079)
	at org.testng.remote.AbstractRemoteTestNG.run(AbstractRemoteTestNG.java:115)
	at org.testng.remote.RemoteTestNG.initAndRun(RemoteTestNG.java:293)
	at org.testng.remote.RemoteTestNG.main(RemoteTestNG.java:91)
</div></td></tr></table><p class="totop"><a href="#summary">back to summary</a></p>
<h3 id="m1">AutomationTestDemo.LoginTest.createNewUserTest#delCrtdUsr_13733</h3><table class="result"><tr class="param"><th>Parameter #1</th><th>Parameter #2</th></tr><tr class="param stripe"><td>delCrtdUsr_13733</td><td>Successfully deleted 1 users.</td></tr><tr><th colspan="2">Exception</th></tr><tr><td colspan="2"><div class="stacktrace">org.openqa.selenium.NoSuchElementException: no such element: Unable to locate element: {&quot;method&quot;:&quot;xpath&quot;,&quot;selector&quot;:&quot;//input[@value=&apos;307&apos;]&quot;}
  (Session info: chrome=142.0.7444.163)
For documentation on this error, please visit: https://www.selenium.dev/documentation/webdriver/troubleshooting/errors#no-such-element-exception
Build info: version: &apos;4.34.0&apos;, revision: &apos;707dcb4246*&apos;
System info: os.name: &apos;Windows 11&apos;, os.arch: &apos;amd64&apos;, os.version: &apos;10.0&apos;, java.version: &apos;21.0.1&apos;
Driver info: org.openqa.selenium.chrome.ChromeDriver
Command: [87a066ee084b55dd4239a018a15ffde0, findElement {using=xpath, value=//input[@value=&apos;307&apos;]}]
Capabilities {acceptInsecureCerts: false, browserName: chrome, browserVersion: 142.0.7444.163, chrome: {chromedriverVersion: 142.0.7444.175 (302067f14a4..., userDataDir: C:\Users\lenovo\AppData\Loc...}, fedcm:accounts: true, goog:chromeOptions: {debuggerAddress: localhost:49688}, goog:processID: 37884, networkConnectionEnabled: false, pageLoadStrategy: normal, platformName: windows, proxy: Proxy(), se:cdp: ws://localhost:49688/devtoo..., se:cdpVersion: 142.0.7444.163, setWindowRect: true, strictFileInteractability: false, timeouts: {implicit: 0, pageLoad: 300000, script: 30000}, unhandledPromptBehavior: dismiss and notify, webauthn:extension:credBlob: true, webauthn:extension:largeBlob: true, webauthn:extension:minPinLength: true, webauthn:extension:prf: true, webauthn:virtualAuthenticators: true}
Session ID: 87a066ee084b55dd4239a018a15ffde0
	at java.base/jdk.internal.reflect.DirectConstructorHandleAccessor.newInstance(DirectConstructorHandleAccessor.java:62)
	at java.base/java.lang.reflect.Constructor.newInstanceWithCaller(Constructor.java:502)
	at java.base/java.lang.reflect.Constructor.newInstance(Constructor.java:486)
	at org.openqa.selenium.remote.ErrorCodec.decode(ErrorCodec.java:167)
	at org.openqa.selenium.remote.codec.w3c.W3CHttpResponseCodec.decode(W3CHttpResponseCodec.java:138)
	at org.openqa.selenium.remote.codec.w3c.W3CHttpResponseCodec.decode(W3CHttpResponseCodec.java:50)
	at org.openqa.selenium.remote.HttpCommandExecutor.execute(HttpCommandExecutor.java:215)
	at org.openqa.selenium.remote.service.DriverCommandExecutor.invokeExecute(DriverCommandExecutor.java:216)
	at org.openqa.selenium.remote.service.DriverCommandExecutor.execute(DriverCommandExecutor.java:174)
	at org.openqa.selenium.remote.RemoteWebDriver.execute(RemoteWebDriver.java:544)
	at org.openqa.selenium.remote.ElementLocation$ElementFinder$2.findElement(ElementLocation.java:165)
	at org.openqa.selenium.remote.ElementLocation.findElement(ElementLocation.java:59)
	at org.openqa.selenium.remote.RemoteWebDriver.findElement(RemoteWebDriver.java:367)
	at org.openqa.selenium.remote.RemoteWebDriver.findElement(RemoteWebDriver.java:361)
	at org.openqa.selenium.support.pagefactory.DefaultElementLocator.findElement(DefaultElementLocator.java:68)
	at org.openqa.selenium.support.pagefactory.internal.LocatingElementHandler.invoke(LocatingElementHandler.java:38)
	at jdk.proxy2/jdk.proxy2.$Proxy17.getWrappedElement(Unknown Source)
	at org.openqa.selenium.remote.WebElementToJsonConverter.apply(WebElementToJsonConverter.java:48)
	at java.base/java.util.stream.ReferencePipeline$3$1.accept(ReferencePipeline.java:197)
	at java.base/java.util.Spliterators$ArraySpliterator.forEachRemaining(Spliterators.java:1024)
	at java.base/java.util.stream.AbstractPipeline.copyInto(AbstractPipeline.java:509)
	at java.base/java.util.stream.AbstractPipeline.wrapAndCopyInto(AbstractPipeline.java:499)
	at java.base/java.util.stream.ReduceOps$ReduceOp.evaluateSequential(ReduceOps.java:921)
	at java.base/java.util.stream.AbstractPipeline.evaluate(AbstractPipeline.java:234)
	at java.base/java.util.stream.ReferencePipeline.collect(ReferencePipeline.java:682)
	at org.openqa.selenium.remote.RemoteWebDriver.executeScript(RemoteWebDriver.java:473)
	at AutomationTestDemo.Utility.WebUtility.scrollAndClick(WebUtility.java:532)
	at automationTestDemoPage.Login.createNewSuperUserPage.deleteUser(createNewSuperUserPage.java:202)
	at AutomationTestDemo.LoginTest.createNewUserTest.delCrtdUsr_13733(createNewUserTest.java:191)
	at java.base/jdk.internal.reflect.DirectMethodHandleAccessor.invoke(DirectMethodHandleAccessor.java:103)
	at java.base/java.lang.reflect.Method.invoke(Method.java:580)
	at org.testng.internal.invokers.MethodInvocationHelper.invokeMethod(MethodInvocationHelper.java:141)
	at org.testng.internal.invokers.TestInvoker.invokeMethod(TestInvoker.java:687)
	at org.testng.internal.invokers.TestInvoker.invokeTestMethod(TestInvoker.java:230)
	at org.testng.internal.invokers.MethodRunner.runInSequence(MethodRunner.java:63)
	at org.testng.internal.invokers.TestInvoker$MethodInvocationAgent.invoke(TestInvoker.java:995)
	at org.testng.internal.invokers.TestInvoker.invokeTestMethods(TestInvoker.java:203)
	at org.testng.internal.invokers.TestMethodWorker.invokeTestMethods(TestMethodWorker.java:154)
	at org.testng.internal.invokers.TestMethodWorker.run(TestMethodWorker.java:134)
	at java.base/java.util.ArrayList.forEach(ArrayList.java:1596)
	at org.testng.TestRunner.privateRun(TestRunner.java:741)
	at org.testng.TestRunner.run(TestRunner.java:616)
	at org.testng.SuiteRunner.runTest(SuiteRunner.java:421)
	at org.testng.SuiteRunner.runSequentially(SuiteRunner.java:413)
	at org.testng.SuiteRunner.privateRun(SuiteRunner.java:373)
	at org.testng.SuiteRunner.run(SuiteRunner.java:312)
	at org.testng.SuiteRunnerWorker.runSuite(SuiteRunnerWorker.java:52)
	at org.testng.SuiteRunnerWorker.run(SuiteRunnerWorker.java:95)
	at org.testng.TestNG.runSuitesSequentially(TestNG.java:1274)
	at org.testng.TestNG.runSuitesLocally(TestNG.java:1208)
	at org.testng.TestNG.runSuites(TestNG.java:1112)
	at org.testng.TestNG.run(TestNG.java:1079)
	at org.testng.remote.AbstractRemoteTestNG.run(AbstractRemoteTestNG.java:115)
	at org.testng.remote.RemoteTestNG.initAndRun(RemoteTestNG.java:293)
	at org.testng.remote.RemoteTestNG.main(RemoteTestNG.java:91)
</div></td></tr></table><p class="totop"><a href="#summary">back to summary</a></p>
<h3 id="m2">AutomationTestDemo.LoginTest.createNewUserTest#rmvUsrPerm_13739</h3><table class="result"><tr class="param"><th>Parameter #1</th><th>Parameter #2</th><th>Parameter #3</th><th>Parameter #4</th></tr><tr class="param stripe"><td>createSupUsrWithValDtl_13709</td><td>The user “” was added successfully. You may edit it again below.</td><td></td><td></td></tr><tr><th colspan="4">Exception</th></tr><tr><td colspan="4"><div class="stacktrace">java.lang.AssertionError: ❌ Expected validation message NOT displayed after removing permissions!
	at org.testng.Assert.fail(Assert.java:111)
	at automationTestDemoPage.Login.createNewSuperUserPage.removePermissionsAndLogin(createNewSuperUserPage.java:121)
	at AutomationTestDemo.LoginTest.createNewUserTest.rmvUsrPerm_13739(createNewUserTest.java:102)
	at java.base/jdk.internal.reflect.DirectMethodHandleAccessor.invoke(DirectMethodHandleAccessor.java:103)
	at java.base/java.lang.reflect.Method.invoke(Method.java:580)
	at org.testng.internal.invokers.MethodInvocationHelper.invokeMethod(MethodInvocationHelper.java:141)
	at org.testng.internal.invokers.TestInvoker.invokeMethod(TestInvoker.java:687)
	at org.testng.internal.invokers.TestInvoker.invokeTestMethod(TestInvoker.java:230)
	at org.testng.internal.invokers.MethodRunner.runInSequence(MethodRunner.java:63)
	at org.testng.internal.invokers.TestInvoker$MethodInvocationAgent.invoke(TestInvoker.java:995)
	at org.testng.internal.invokers.TestInvoker.invokeTestMethods(TestInvoker.java:203)
	at org.testng.internal.invokers.TestMethodWorker.invokeTestMethods(TestMethodWorker.java:154)
	at org.testng.internal.invokers.TestMethodWorker.run(TestMethodWorker.java:134)
	at java.base/java.util.ArrayList.forEach(ArrayList.java:1596)
	at org.testng.TestRunner.privateRun(TestRunner.java:741)
	at org.testng.TestRunner.run(TestRunner.java:616)
	at org.testng.SuiteRunner.runTest(SuiteRunner.java:421)
	at org.testng.SuiteRunner.runSequentially(SuiteRunner.java:413)
	at org.testng.SuiteRunner.privateRun(SuiteRunner.java:373)
	at org.testng.SuiteRunner.run(SuiteRunner.java:312)
	at org.testng.SuiteRunnerWorker.runSuite(SuiteRunnerWorker.java:52)
	at org.testng.SuiteRunnerWorker.run(SuiteRunnerWorker.java:95)
	at org.testng.TestNG.runSuitesSequentially(TestNG.java:1274)
	at org.testng.TestNG.runSuitesLocally(TestNG.java:1208)
	at org.testng.TestNG.runSuites(TestNG.java:1112)
	at org.testng.TestNG.run(TestNG.java:1079)
	at org.testng.remote.AbstractRemoteTestNG.run(AbstractRemoteTestNG.java:115)
	at org.testng.remote.RemoteTestNG.initAndRun(RemoteTestNG.java:293)
	at org.testng.remote.RemoteTestNG.main(RemoteTestNG.java:91)
</div></td></tr></table><p class="totop"><a href="#summary">back to summary</a></p>
<h3 id="m3">AutomationTestDemo.LoginTest.LoginTest#loginWithWrongEmailAndPassword_13707</h3><table class="result"><tr class="param"><th>Parameter #1</th><th>Parameter #2</th><th>Parameter #3</th><th>Parameter #4</th></tr><tr class="param stripe"><td>loginWithWrongEmailAndPassword_13707</td><td>WrongUserName</td><td>WrongPassWord</td><td>Please enter the correct email and password for a staff account. Note that both fields may be case-sensitive.</td></tr></table><p class="totop"><a href="#summary">back to summary</a></p>
<h3 id="m4">AutomationTestDemo.LoginTest.LoginTest#loginWithWrongEmail_13706</h3><table class="result"><tr class="param"><th>Parameter #1</th><th>Parameter #2</th><th>Parameter #3</th><th>Parameter #4</th></tr><tr class="param stripe"><td>loginWithWrongEmail_13706</td><td>asd@gmail.comm</td><td>Pass@2025</td><td>Please enter the correct email and password for a staff account. Note that both fields may be case-sensitive.</td></tr></table><p class="totop"><a href="#summary">back to summary</a></p>
<h3 id="m5">AutomationTestDemo.LoginTest.LoginTest#loginWithWrongPassword_13705</h3><table class="result"><tr class="param"><th>Parameter #1</th><th>Parameter #2</th><th>Parameter #3</th><th>Parameter #4</th></tr><tr class="param stripe"><td>loginWithWrongPassword_13705</td><td>pravin.yadav@medivoxx.com</td><td>WrongPassEnter</td><td>Please enter the correct email and password for a staff account. Note that both fields may be case-sensitive.</td></tr></table><p class="totop"><a href="#summary">back to summary</a></p>
<h3 id="m6">AutomationTestDemo.LoginTest.LoginTest#validLogin_13704</h3><table class="result"><tr><th class="invisible"/></tr></table><p class="totop"><a href="#summary">back to summary</a></p>
<h3 id="m7">AutomationTestDemo.LoginTest.createNewUserTest#addUsrPerm_13739</h3><table class="result"><tr class="param"><th>Parameter #1</th><th>Parameter #2</th><th>Parameter #3</th><th>Parameter #4</th></tr><tr class="param stripe"><td>createSupUsrWithValDtl_13709</td><td>The user “” was added successfully. You may edit it again below.</td><td></td><td></td></tr></table><p class="totop"><a href="#summary">back to summary</a></p>
<h3 id="m8">AutomationTestDemo.LoginTest.createNewUserTest#createSupUsrWithValDtl_13709</h3><table class="result"><tr class="param"><th>Parameter #1</th><th>Parameter #2</th></tr><tr class="param stripe"><td>createSupUsrWithValDtl_13709</td><td>The user “” was added successfully. You may edit it again below.</td></tr></table><p class="totop"><a href="#summary">back to summary</a></p>
<h3 id="m9">AutomationTestDemo.LoginTest.createNewUserTest#crtSupUsrSaveAddAno_13710</h3><table class="result"><tr class="param"><th>Parameter #1</th><th>Parameter #2</th></tr><tr class="param stripe"><td>crtSupUsrSaveAddAno_13710</td><td>The user “” was added successfully. You may add another user below.</td></tr></table><p class="totop"><a href="#summary">back to summary</a></p>
<h3 id="m10">AutomationTestDemo.LoginTest.createNewUserTest#crtSupUsrSaveConEdti_13712</h3><table class="result"><tr class="param"><th>Parameter #1</th><th>Parameter #2</th></tr><tr class="param stripe"><td>crtSupUsrSaveConEdti_13712</td><td>The user “” was added successfully. You may edit it again below.</td></tr></table><p class="totop"><a href="#summary">back to summary</a></p>
<h3 id="m11">AutomationTestDemo.LoginTest.createNewUserTest#crtSupUsrWithBlkConPass_13722</h3><table class="result"><tr class="param"><th>Parameter #1</th><th>Parameter #2</th></tr><tr class="param stripe"><td>crtSupUsrWithBlkConPass_13722</td><td>This field is required.</td></tr></table><p class="totop"><a href="#summary">back to summary</a></p>
<h3 id="m12">AutomationTestDemo.LoginTest.createNewUserTest#crtSupUsrWithBlkEmail_13719</h3><table class="result"><tr class="param"><th>Parameter #1</th><th>Parameter #2</th></tr><tr class="param stripe"><td>crtSupUsrWithBlkEmail_13719</td><td>This field is required.</td></tr></table><p class="totop"><a href="#summary">back to summary</a></p>
<h3 id="m13">AutomationTestDemo.LoginTest.createNewUserTest#crtSupUsrWithBlkPass_13721</h3><table class="result"><tr class="param"><th>Parameter #1</th><th>Parameter #2</th></tr><tr class="param stripe"><td>crtSupUsrWithBlkPass_13721</td><td>This field is required.</td></tr></table><p class="totop"><a href="#summary">back to summary</a></p>
<h3 id="m14">AutomationTestDemo.LoginTest.createNewUserTest#crtSupUsrWithDupEmail_13716</h3><table class="result"><tr class="param"><th>Parameter #1</th><th>Parameter #2</th></tr><tr class="param stripe"><td>crtSupUsrWithDupEmail_13716</td><td>User with this Email already exists.</td></tr></table><p class="totop"><a href="#summary">back to summary</a></p>
<h3 id="m15">AutomationTestDemo.LoginTest.createNewUserTest#crtSupUsrWithMisPass_13718</h3><table class="result"><tr class="param"><th>Parameter #1</th><th>Parameter #2</th></tr><tr class="param stripe"><td>crtSupUsrWithMisPass_13718</td><td>The two password fields didn’t match.</td></tr></table><p class="totop"><a href="#summary">back to summary</a></p>
<h3 id="m16">AutomationTestDemo.LoginTest.createNewUserTest#crtSupUsrWithWkPass_13717</h3><table class="result"><tr class="param"><th>Parameter #1</th><th>Parameter #2</th></tr><tr class="param stripe"><td>crtSupUsrWithWkPass_13717</td><td>This password is too common.</td></tr></table><p class="totop"><a href="#summary">back to summary</a></p>
<h3 id="m17">AutomationTestDemo.LoginTest.createNewUserTest#crtSupUsrWthOutDtl_13720</h3><table class="result"><tr class="param"><th>Parameter #1</th><th>Parameter #2</th></tr><tr class="param stripe"><td>crtSupUsrWthOutDtl_13720</td><td>This field is required.</td></tr></table><p class="totop"><a href="#summary">back to summary</a></p>
<h3 id="m18">AutomationTestDemo.LoginTest.createNewUserTest#crtUsrInvDtOnSave_13713</h3><table class="result"><tr class="param"><th>Parameter #1</th><th>Parameter #2</th></tr><tr class="param stripe"><td>crtUsrInvDtOnSave_13713</td><td>Enter a valid email address.</td></tr></table><p class="totop"><a href="#summary">back to summary</a></p>
<h3 id="m19">AutomationTestDemo.LoginTest.createNewUserTest#crtUsrInvDtSaveAddAno_13714</h3><table class="result"><tr class="param"><th>Parameter #1</th><th>Parameter #2</th></tr><tr class="param stripe"><td>crtUsrInvDtSaveAddAno_13714</td><td>Enter a valid email address.</td></tr></table><p class="totop"><a href="#summary">back to summary</a></p>
<h3 id="m20">AutomationTestDemo.LoginTest.createNewUserTest#crtUsrInvDtSaveConEdti_13715</h3><table class="result"><tr class="param"><th>Parameter #1</th><th>Parameter #2</th></tr><tr class="param stripe"><td>crtUsrInvDtSaveConEdti_13715</td><td>Enter a valid email address.</td></tr></table><p class="totop"><a href="#summary">back to summary</a></p>
<h3 id="m21">AutomationTestDemo.LoginTest.createNewUserTest#deleteMultipleUser_13734</h3><table class="result"><tr class="param"><th>Parameter #1</th><th>Parameter #2</th></tr><tr class="param stripe"><td>deleteMultipleUser_13734</td><td>Successfully deleted 2 users.</td></tr></table><p class="totop"><a href="#summary">back to summary</a></p>
<h3 id="m22">AutomationTestDemo.LoginTest.createNewUserTest#updUsrDtl_13723</h3><table class="result"><tr class="param"><th>Parameter #1</th><th>Parameter #2</th></tr><tr class="param stripe"><td>updUsrDtl_13723</td><td>The user “Sharad2 Bhalke” was changed successfully.</td></tr></table><p class="totop"><a href="#summary">back to summary</a></p>
<h3 id="m23">AutomationTestDemo.LoginTest.createNewUserTest#viewExistUsrDtl_13722</h3><table class="result"><tr class="param"><th>Parameter #1</th><th>Parameter #2</th></tr><tr class="param stripe"><td>viewExistUsrDtl_13722</td><td>Sharad2 Bhalke</td></tr></table><p class="totop"><a href="#summary">back to summary</a></p>
</body>
</html>
