<?xml version="1.0" encoding="UTF-8"?>
<testng-results ignored="0" total="1" passed="1" failed="0" skipped="0">
  <reporter-output>
  </reporter-output>
  <suite started-at="2026-02-22T13:58:41 IST" name="Default suite" finished-at="2026-02-22T13:59:27 IST" duration-ms="45636">
    <groups>
    </groups>
    <test started-at="2026-02-22T13:58:41 IST" name="Default test" finished-at="2026-02-22T13:59:27 IST" duration-ms="45636">
      <class name="AutomationTestDemo.LoginTest.createNewTenantTest">
        <test-method is-config="true" signature="launchbrowser(java.lang.String)[pri:0, instance:AutomationTestDemo.LoginTest.createNewTenantTest@c9d82f9]" started-at="2026-02-22T13:58:41 IST" name="launchbrowser" finished-at="2026-02-22T13:58:48 IST" duration-ms="6725" status="PASS">
          <params>
            <param index="0">
              <value>
                <![CDATA[]]>
              </value>
            </param>
          </params>
          <reporter-output>
          </reporter-output>
        </test-method> <!-- launchbrowser -->
        <test-method signature="createNewTenant_13740()[pri:40, instance:AutomationTestDemo.LoginTest.createNewTenantTest@c9d82f9]" started-at="2026-02-22T13:58:48 IST" name="createNewTenant_13740" finished-at="2026-02-22T13:59:26 IST" duration-ms="38505" status="PASS">
          <reporter-output>
          </reporter-output>
        </test-method> <!-- createNewTenant_13740 -->
        <test-method is-config="true" signature="quitBrowser()[pri:0, instance:AutomationTestDemo.LoginTest.createNewTenantTest@c9d82f9]" started-at="2026-02-22T13:59:26 IST" name="quitBrowser" finished-at="2026-02-22T13:59:27 IST" duration-ms="346" status="PASS">
          <reporter-output>
          </reporter-output>
        </test-method> <!-- quitBrowser -->
      </class> <!-- AutomationTestDemo.LoginTest.createNewTenantTest -->
    </test> <!-- Default test -->
  </suite> <!-- Default suite -->
</testng-results>
