<?xml version="1.0" encoding="UTF-8"?>
<!-- Generated by org.testng.reporters.JUnitReportReporter -->
<testsuite hostname="LAPTOP-CRH7JJ3V" failures="0" tests="8" name="AutomationTestDemo.LoginTest.createNewUser" time="535.887" errors="0" timestamp="2025-11-16T18:26:59 IST" skipped="0">
  <testcase classname="AutomationTestDemo.LoginTest.createNewUser" name="createNewSUWithVlDetasils_13709" time="47.730"/>
  <testcase classname="AutomationTestDemo.LoginTest.createNewUser" name="createNewSUWithSameDtl_13716" time="55.685"/>
  <testcase classname="AutomationTestDemo.LoginTest.createNewUser" name="createNewUsrWithWeakPaa_13717" time="63.846"/>
  <testcase classname="AutomationTestDemo.LoginTest.createNewUser" name="createNewSuperUsrWithMissMatchPass_13718" time="62.922"/>
  <testcase classname="AutomationTestDemo.LoginTest.createNewUser" name="ViewExUserDetails" time="42.513"/>
  <testcase classname="AutomationTestDemo.LoginTest.createNewUser" name="updateUsrDetails_13723" time="68.153"/>
  <testcase classname="AutomationTestDemo.LoginTest.createNewUser" name="UsrpermissionsDe_select_13739" time="90.219"/>
  <testcase classname="AutomationTestDemo.LoginTest.createNewUser" name="Usrpermissions_select_13739" time="104.819"/>
</testsuite> <!-- AutomationTestDemo.LoginTest.createNewUser -->
