<html>
<head>
<title>TestNG:  Default test</title>
<link href="../testng.css" rel="stylesheet" type="text/css" />
<link href="../my-testng.css" rel="stylesheet" type="text/css" />

<style type="text/css">
.log { display: none;} 
.stack-trace { display: none;} 
</style>
<script type="text/javascript">
<!--
function flip(e) {
  current = e.style.display;
  if (current == 'block') {
    e.style.display = 'none';
    return 0;
  }
  else {
    e.style.display = 'block';
    return 1;
  }
}

function toggleBox(szDivId, elem, msg1, msg2)
{
  var res = -1;  if (document.getElementById) {
    res = flip(document.getElementById(szDivId));
  }
  else if (document.all) {
    // this is the way old msie versions work
    res = flip(document.all[szDivId]);
  }
  if(elem) {
    if(res == 0) elem.innerHTML = msg1; else elem.innerHTML = msg2;
  }

}

function toggleAllBoxes() {
  if (document.getElementsByTagName) {
    d = document.getElementsByTagName('div');
    for (i = 0; i < d.length; i++) {
      if (d[i].className == 'log') {
        flip(d[i]);
      }
    }
  }
}

// -->
</script>

</head>
<body>
<h2 align='center'>Default test</h2><table border='1' align="center">
<tr>
<td>Tests passed/Failed/Skipped:</td><td>21/3/0</td>
</tr><tr>
<td>Started on:</td><td>Sun Nov 23 16:33:17 IST 2025</td>
</tr>
<tr><td>Total time:</td><td>1044 seconds (1044929 ms)</td>
</tr><tr>
<td>Included groups:</td><td></td>
</tr><tr>
<td>Excluded groups:</td><td></td>
</tr>
</table><p/>
<small><i>(Hover the method name to see the test class name)</i></small><p/>
<table width='100%' border='1' class='invocation-failed'>
<tr><td colspan='4' align='center'><b>FAILED TESTS</b></td></tr>
<tr><td><b>Test method</b></td>
<td><b>Attribute(s)</b></td>
<td width="30%"><b>Exception</b></td>
<td width="10%"><b>Time (seconds)</b></td>
<td><b>Instance</b></td>
</tr>
<tr>
<td title='AutomationTestDemo.LoginTest.createNewUserTest.rmvUsrPerm_13739()'><b>rmvUsrPerm_13739</b><br>Test class: AutomationTestDemo.LoginTest.createNewUserTest<br>Parameters: createSupUsrWithValDtl_13709, The user “” was added successfully. You may edit it again below., , </td>
<td><div><pre>java.lang.AssertionError: ❌ Expected validation message NOT displayed after removing permissions!
	at org.testng.Assert.fail(Assert.java:111)
	at automationTestDemoPage.Login.createNewSuperUserPage.removePermissionsAndLogin(createNewSuperUserPage.java:121)
	at AutomationTestDemo.LoginTest.createNewUserTest.rmvUsrPerm_13739(createNewUserTest.java:102)
	at java.base/jdk.internal.reflect.DirectMethodHandleAccessor.invoke(DirectMethodHandleAccessor.java:103)
	at java.base/java.lang.reflect.Method.invoke(Method.java:580)
	at org.testng.internal.invokers.MethodInvocationHelper.invokeMethod(MethodInvocationHelper.java:141)
	at org.testng.internal.invokers.TestInvoker.invokeMethod(TestInvoker.java:687)
	at org.testng.internal.invokers.TestInvoker.invokeTestMethod(TestInvoker.java:230)
	at org.testng.internal.invokers.MethodRunner.runInSequence(MethodRunner.java:63)
	at org.testng.internal.invokers.TestInvoker$MethodInvocationAgent.invoke(TestInvoker.java:995)
	at org.testng.internal.invokers.TestInvoker.invokeTestMethods(TestInvoker.java:203)
	at org.testng.internal.invokers.TestMethodWorker.invokeTestMethods(TestMethodWorker.java:154)
	at org.testng.internal.invokers.TestMethodWorker.run(TestMethodWorker.java:134)
	at java.base/java.util.ArrayList.forEach(ArrayList.java:1596)
	at org.testng.TestRunner.privateRun(TestRunner.java:741)
	at org.testng.TestRunner.run(TestRunner.java:616)
	at org.testng.SuiteRunner.runTest(SuiteRunner.java:421)
	at org.testng.SuiteRunner.runSequentially(SuiteRunner.java:413)
	at org.testng.SuiteRunner.privateRun(SuiteRunner.java:373)
	at org.testng.SuiteRunner.run(SuiteRunner.java:312)
	at org.testng.SuiteRunnerWorker.runSuite(SuiteRunnerWorker.java:52)
	at org.testng.SuiteRunnerWorker.run(SuiteRunnerWorker.java:95)
	at org.testng.TestNG.runSuitesSequentially(TestNG.java:1274)
	at org.testng.TestNG.runSuitesLocally(TestNG.java:1208)
	at org.testng.TestNG.runSuites(TestNG.java:1112)
	at org.testng.TestNG.run(TestNG.java:1079)
	at org.testng.remote.AbstractRemoteTestNG.run(AbstractRemoteTestNG.java:115)
	at org.testng.remote.RemoteTestNG.initAndRun(RemoteTestNG.java:293)
	at org.testng.remote.RemoteTestNG.main(RemoteTestNG.java:91)
</pre></div><a href='#' onClick='toggleBox("stack-trace679137498", this, "Click to show all stack frames", "Click to hide stack frames")'>Click to show all stack frames</a>
<div class='stack-trace' id='stack-trace679137498'><pre>java.lang.AssertionError: ❌ Expected validation message NOT displayed after removing permissions!
	at org.testng.Assert.fail(Assert.java:111)
	at automationTestDemoPage.Login.createNewSuperUserPage.removePermissionsAndLogin(createNewSuperUserPage.java:121)
	at AutomationTestDemo.LoginTest.createNewUserTest.rmvUsrPerm_13739(createNewUserTest.java:102)
	at java.base/jdk.internal.reflect.DirectMethodHandleAccessor.invoke(DirectMethodHandleAccessor.java:103)
	at java.base/java.lang.reflect.Method.invoke(Method.java:580)
	at org.testng.internal.invokers.MethodInvocationHelper.invokeMethod(MethodInvocationHelper.java:141)
	at org.testng.internal.invokers.TestInvoker.invokeMethod(TestInvoker.java:687)
	at org.testng.internal.invokers.TestInvoker.invokeTestMethod(TestInvoker.java:230)
	at org.testng.internal.invokers.MethodRunner.runInSequence(MethodRunner.java:63)
	at org.testng.internal.invokers.TestInvoker$MethodInvocationAgent.invoke(TestInvoker.java:995)
	at org.testng.internal.invokers.TestInvoker.invokeTestMethods(TestInvoker.java:203)
	at org.testng.internal.invokers.TestMethodWorker.invokeTestMethods(TestMethodWorker.java:154)
	at org.testng.internal.invokers.TestMethodWorker.run(TestMethodWorker.java:134)
	at java.base/java.util.ArrayList.forEach(ArrayList.java:1596)
	at org.testng.TestRunner.privateRun(TestRunner.java:741)
	at org.testng.TestRunner.run(TestRunner.java:616)
	at org.testng.SuiteRunner.runTest(SuiteRunner.java:421)
	at org.testng.SuiteRunner.runSequentially(SuiteRunner.java:413)
	at org.testng.SuiteRunner.privateRun(SuiteRunner.java:373)
	at org.testng.SuiteRunner.run(SuiteRunner.java:312)
	at org.testng.SuiteRunnerWorker.runSuite(SuiteRunnerWorker.java:52)
	at org.testng.SuiteRunnerWorker.run(SuiteRunnerWorker.java:95)
	at org.testng.TestNG.runSuitesSequentially(TestNG.java:1274)
	at org.testng.TestNG.runSuitesLocally(TestNG.java:1208)
	at org.testng.TestNG.runSuites(TestNG.java:1112)
	at org.testng.TestNG.run(TestNG.java:1079)
	at org.testng.remote.AbstractRemoteTestNG.run(AbstractRemoteTestNG.java:115)
	at org.testng.remote.RemoteTestNG.initAndRun(RemoteTestNG.java:293)
	at org.testng.remote.RemoteTestNG.main(RemoteTestNG.java:91)
</pre></div></td>
<td>100</td>
<td>AutomationTestDemo.LoginTest.createNewUserTest@278f8425</td></tr>
<tr>
<td title='AutomationTestDemo.LoginTest.LoginTest.loginWithoutEmailAndPassword_13708()'><b>loginWithoutEmailAndPassword_13708</b><br>Test class: AutomationTestDemo.LoginTest.LoginTest<br>Parameters: LoginWithoutEmailAndPassword_13708, , , Please fill out this field</td>
<td><div><pre>java.lang.AssertionError: Get Text Failed: no such element: Unable to locate element: {&quot;method&quot;:&quot;xpath&quot;,&quot;selector&quot;:&quot;//p[@class=&apos;errornote&apos;]&quot;}
  (Session info: chrome=142.0.7444.163)
For documentation on this error, please visit: https://www.selenium.dev/documentation/webdriver/troubleshooting/errors#no-such-element-exception
Build info: version: &apos;4.34.0&apos;, revision: &apos;707dcb4246*&apos;
System info: os.name: &apos;Windows 11&apos;, os.arch: &apos;amd64&apos;, os.version: &apos;10.0&apos;, java.version: &apos;21.0.1&apos;
Driver info: org.openqa.selenium.chrome.ChromeDriver
Command: [c55d85241706f56c2345626aae3954f7, findElement {using=xpath, value=//p[@class=&apos;errornote&apos;]}]
Capabilities {acceptInsecureCerts: false, browserName: chrome, browserVersion: 142.0.7444.163, chrome: {chromedriverVersion: 142.0.7444.175 (302067f14a4..., userDataDir: C:\Users\lenovo\AppData\Loc...}, fedcm:accounts: true, goog:chromeOptions: {debuggerAddress: localhost:49813}, goog:processID: 844, networkConnectionEnabled: false, pageLoadStrategy: normal, platformName: windows, proxy: Proxy(), se:cdp: ws://localhost:49813/devtoo..., se:cdpVersion: 142.0.7444.163, setWindowRect: true, strictFileInteractability: false, timeouts: {implicit: 0, pageLoad: 300000, script: 30000}, unhandledPromptBehavior: dismiss and notify, webauthn:extension:credBlob: true, webauthn:extension:largeBlob: true, webauthn:extension:minPinLength: true, webauthn:extension:prf: true, webauthn:virtualAuthenticators: true}
Session ID: c55d85241706f56c2345626aae3954f7
	at org.testng.Assert.fail(Assert.java:111)
	at AutomationTestDemo.Utility.WebUtility.getText(WebUtility.java:238)
	at automationTestDemoPage.Login.loginPage.validateMessage(loginPage.java:19)
	at automationTestDemoPage.Login.loginPage.loginWithoutEmailAndPassword(loginPage.java:72)
	at AutomationTestDemo.LoginTest.LoginTest.loginWithoutEmailAndPassword_13708(LoginTest.java:63)
	at java.base/jdk.internal.reflect.DirectMethodHandleAccessor.invoke(DirectMethodHandleAccessor.java:103)
	at java.base/java.lang.reflect.Method.invoke(Method.java:580)
	at org.testng.internal.invokers.MethodInvocationHelper.invokeMethod(MethodInvocationHelper.java:141)
	at org.testng.internal.invokers.TestInvoker.invokeMethod(TestInvoker.java:687)
	at org.testng.internal.invokers.TestInvoker.invokeTestMethod(TestInvoker.java:230)
	at org.testng.internal.invokers.MethodRunner.runInSequence(MethodRunner.java:63)
	at org.testng.internal.invokers.TestInvoker$MethodInvocationAgent.invoke(TestInvoker.java:995)
	at org.testng.internal.invokers.TestInvoker.invokeTestMethods(TestInvoker.java:203)
	at org.testng.internal.invokers.TestMethodWorker.invokeTestMethods(TestMethodWorker.java:154)
	at org.testng.internal.invokers.TestMethodWorker.run(TestMethodWorker.java:134)
	at java.base/java.util.ArrayList.forEach(ArrayList.java:1596)
	at org.testng.TestRunner.privateRun(TestRunner.java:741)
	at org.testng.TestRunner.run(TestRunner.java:616)
	at org.testng.SuiteRunner.runTest(SuiteRunner.java:421)
	at org.testng.SuiteRunner.runSequentially(SuiteRunner.java:413)
	at org.testng.SuiteRunner.privateRun(SuiteRunner.java:373)
	at org.testng.SuiteRunner.run(SuiteRunner.java:312)
	at org.testng.SuiteRunnerWorker.runSuite(SuiteRunnerWorker.java:52)
	at org.testng.SuiteRunnerWorker.run(SuiteRunnerWorker.java:95)
	at org.testng.TestNG.runSuitesSequentially(TestNG.java:1274)
	at org.testng.TestNG.runSuitesLocally(TestNG.java:1208)
	at org.testng.TestNG.runSuites(TestNG.java:1112)
	at org.testng.TestNG.run(TestNG.java:1079)
	at org.testng.remote.AbstractRemoteTestNG.run(AbstractRemoteTestNG.java:115)
	at org.testng.remote.RemoteTestNG.initAndRun(RemoteTestNG.java:293)
	at org.testng.remote.RemoteTestNG.main(RemoteTestNG.java:91)
</pre></div><a href='#' onClick='toggleBox("stack-trace1382656616", this, "Click to show all stack frames", "Click to hide stack frames")'>Click to show all stack frames</a>
<div class='stack-trace' id='stack-trace1382656616'><pre>java.lang.AssertionError: Get Text Failed: no such element: Unable to locate element: {&quot;method&quot;:&quot;xpath&quot;,&quot;selector&quot;:&quot;//p[@class=&apos;errornote&apos;]&quot;}
  (Session info: chrome=142.0.7444.163)
For documentation on this error, please visit: https://www.selenium.dev/documentation/webdriver/troubleshooting/errors#no-such-element-exception
Build info: version: &apos;4.34.0&apos;, revision: &apos;707dcb4246*&apos;
System info: os.name: &apos;Windows 11&apos;, os.arch: &apos;amd64&apos;, os.version: &apos;10.0&apos;, java.version: &apos;21.0.1&apos;
Driver info: org.openqa.selenium.chrome.ChromeDriver
Command: [c55d85241706f56c2345626aae3954f7, findElement {using=xpath, value=//p[@class=&apos;errornote&apos;]}]
Capabilities {acceptInsecureCerts: false, browserName: chrome, browserVersion: 142.0.7444.163, chrome: {chromedriverVersion: 142.0.7444.175 (302067f14a4..., userDataDir: C:\Users\lenovo\AppData\Loc...}, fedcm:accounts: true, goog:chromeOptions: {debuggerAddress: localhost:49813}, goog:processID: 844, networkConnectionEnabled: false, pageLoadStrategy: normal, platformName: windows, proxy: Proxy(), se:cdp: ws://localhost:49813/devtoo..., se:cdpVersion: 142.0.7444.163, setWindowRect: true, strictFileInteractability: false, timeouts: {implicit: 0, pageLoad: 300000, script: 30000}, unhandledPromptBehavior: dismiss and notify, webauthn:extension:credBlob: true, webauthn:extension:largeBlob: true, webauthn:extension:minPinLength: true, webauthn:extension:prf: true, webauthn:virtualAuthenticators: true}
Session ID: c55d85241706f56c2345626aae3954f7
	at org.testng.Assert.fail(Assert.java:111)
	at AutomationTestDemo.Utility.WebUtility.getText(WebUtility.java:238)
	at automationTestDemoPage.Login.loginPage.validateMessage(loginPage.java:19)
	at automationTestDemoPage.Login.loginPage.loginWithoutEmailAndPassword(loginPage.java:72)
	at AutomationTestDemo.LoginTest.LoginTest.loginWithoutEmailAndPassword_13708(LoginTest.java:63)
	at java.base/jdk.internal.reflect.DirectMethodHandleAccessor.invoke(DirectMethodHandleAccessor.java:103)
	at java.base/java.lang.reflect.Method.invoke(Method.java:580)
	at org.testng.internal.invokers.MethodInvocationHelper.invokeMethod(MethodInvocationHelper.java:141)
	at org.testng.internal.invokers.TestInvoker.invokeMethod(TestInvoker.java:687)
	at org.testng.internal.invokers.TestInvoker.invokeTestMethod(TestInvoker.java:230)
	at org.testng.internal.invokers.MethodRunner.runInSequence(MethodRunner.java:63)
	at org.testng.internal.invokers.TestInvoker$MethodInvocationAgent.invoke(TestInvoker.java:995)
	at org.testng.internal.invokers.TestInvoker.invokeTestMethods(TestInvoker.java:203)
	at org.testng.internal.invokers.TestMethodWorker.invokeTestMethods(TestMethodWorker.java:154)
	at org.testng.internal.invokers.TestMethodWorker.run(TestMethodWorker.java:134)
	at java.base/java.util.ArrayList.forEach(ArrayList.java:1596)
	at org.testng.TestRunner.privateRun(TestRunner.java:741)
	at org.testng.TestRunner.run(TestRunner.java:616)
	at org.testng.SuiteRunner.runTest(SuiteRunner.java:421)
	at org.testng.SuiteRunner.runSequentially(SuiteRunner.java:413)
	at org.testng.SuiteRunner.privateRun(SuiteRunner.java:373)
	at org.testng.SuiteRunner.run(SuiteRunner.java:312)
	at org.testng.SuiteRunnerWorker.runSuite(SuiteRunnerWorker.java:52)
	at org.testng.SuiteRunnerWorker.run(SuiteRunnerWorker.java:95)
	at org.testng.TestNG.runSuitesSequentially(TestNG.java:1274)
	at org.testng.TestNG.runSuitesLocally(TestNG.java:1208)
	at org.testng.TestNG.runSuites(TestNG.java:1112)
	at org.testng.TestNG.run(TestNG.java:1079)
	at org.testng.remote.AbstractRemoteTestNG.run(AbstractRemoteTestNG.java:115)
	at org.testng.remote.RemoteTestNG.initAndRun(RemoteTestNG.java:293)
	at org.testng.remote.RemoteTestNG.main(RemoteTestNG.java:91)
</pre></div></td>
<td>10</td>
<td>AutomationTestDemo.LoginTest.LoginTest@59712875</td></tr>
<tr>
<td title='AutomationTestDemo.LoginTest.createNewUserTest.delCrtdUsr_13733()'><b>delCrtdUsr_13733</b><br>Test class: AutomationTestDemo.LoginTest.createNewUserTest<br>Parameters: delCrtdUsr_13733, Successfully deleted 1 users.</td>
<td><div><pre>org.openqa.selenium.NoSuchElementException: no such element: Unable to locate element: {&quot;method&quot;:&quot;xpath&quot;,&quot;selector&quot;:&quot;//input[@value=&apos;307&apos;]&quot;}
  (Session info: chrome=142.0.7444.163)
For documentation on this error, please visit: https://www.selenium.dev/documentation/webdriver/troubleshooting/errors#no-such-element-exception
Build info: version: &apos;4.34.0&apos;, revision: &apos;707dcb4246*&apos;
System info: os.name: &apos;Windows 11&apos;, os.arch: &apos;amd64&apos;, os.version: &apos;10.0&apos;, java.version: &apos;21.0.1&apos;
Driver info: org.openqa.selenium.chrome.ChromeDriver
Command: [87a066ee084b55dd4239a018a15ffde0, findElement {using=xpath, value=//input[@value=&apos;307&apos;]}]
Capabilities {acceptInsecureCerts: false, browserName: chrome, browserVersion: 142.0.7444.163, chrome: {chromedriverVersion: 142.0.7444.175 (302067f14a4..., userDataDir: C:\Users\lenovo\AppData\Loc...}, fedcm:accounts: true, goog:chromeOptions: {debuggerAddress: localhost:49688}, goog:processID: 37884, networkConnectionEnabled: false, pageLoadStrategy: normal, platformName: windows, proxy: Proxy(), se:cdp: ws://localhost:49688/devtoo..., se:cdpVersion: 142.0.7444.163, setWindowRect: true, strictFileInteractability: false, timeouts: {implicit: 0, pageLoad: 300000, script: 30000}, unhandledPromptBehavior: dismiss and notify, webauthn:extension:credBlob: true, webauthn:extension:largeBlob: true, webauthn:extension:minPinLength: true, webauthn:extension:prf: true, webauthn:virtualAuthenticators: true}
Session ID: 87a066ee084b55dd4239a018a15ffde0
	at java.base/jdk.internal.reflect.DirectConstructorHandleAccessor.newInstance(DirectConstructorHandleAccessor.java:62)
	at java.base/java.lang.reflect.Constructor.newInstanceWithCaller(Constructor.java:502)
	at java.base/java.lang.reflect.Constructor.newInstance(Constructor.java:486)
	at org.openqa.selenium.remote.ErrorCodec.decode(ErrorCodec.java:167)
	at org.openqa.selenium.remote.codec.w3c.W3CHttpResponseCodec.decode(W3CHttpResponseCodec.java:138)
	at org.openqa.selenium.remote.codec.w3c.W3CHttpResponseCodec.decode(W3CHttpResponseCodec.java:50)
	at org.openqa.selenium.remote.HttpCommandExecutor.execute(HttpCommandExecutor.java:215)
	at org.openqa.selenium.remote.service.DriverCommandExecutor.invokeExecute(DriverCommandExecutor.java:216)
	at org.openqa.selenium.remote.service.DriverCommandExecutor.execute(DriverCommandExecutor.java:174)
	at org.openqa.selenium.remote.RemoteWebDriver.execute(RemoteWebDriver.java:544)
	at org.openqa.selenium.remote.ElementLocation$ElementFinder$2.findElement(ElementLocation.java:165)
	at org.openqa.selenium.remote.ElementLocation.findElement(ElementLocation.java:59)
	at org.openqa.selenium.remote.RemoteWebDriver.findElement(RemoteWebDriver.java:367)
	at org.openqa.selenium.remote.RemoteWebDriver.findElement(RemoteWebDriver.java:361)
	at org.openqa.selenium.support.pagefactory.DefaultElementLocator.findElement(DefaultElementLocator.java:68)
	at org.openqa.selenium.support.pagefactory.internal.LocatingElementHandler.invoke(LocatingElementHandler.java:38)
	at jdk.proxy2/jdk.proxy2.$Proxy17.getWrappedElement(Unknown Source)
	at org.openqa.selenium.remote.WebElementToJsonConverter.apply(WebElementToJsonConverter.java:48)
	at java.base/java.util.stream.ReferencePipeline$3$1.accept(ReferencePipeline.java:197)
	at java.base/java.util.Spliterators$ArraySpliterator.forEachRemaining(Spliterators.java:1024)
	at java.base/java.util.stream.AbstractPipeline.copyInto(AbstractPipeline.java:509)
	at java.base/java.util.stream.AbstractPipeline.wrapAndCopyInto(AbstractPipeline.java:499)
	at java.base/java.util.stream.ReduceOps$ReduceOp.evaluateSequential(ReduceOps.java:921)
	at java.base/java.util.stream.AbstractPipeline.evaluate(AbstractPipeline.java:234)
	at java.base/java.util.stream.ReferencePipeline.collect(ReferencePipeline.java:682)
	at org.openqa.selenium.remote.RemoteWebDriver.executeScript(RemoteWebDriver.java:473)
	at AutomationTestDemo.Utility.WebUtility.scrollAndClick(WebUtility.java:532)
	at automationTestDemoPage.Login.createNewSuperUserPage.deleteUser(createNewSuperUserPage.java:202)
	at AutomationTestDemo.LoginTest.createNewUserTest.delCrtdUsr_13733(createNewUserTest.java:191)
	at java.base/jdk.internal.reflect.DirectMethodHandleAccessor.invoke(DirectMethodHandleAccessor.java:103)
	at java.base/java.lang.reflect.Method.invoke(Method.java:580)
	at org.testng.internal.invokers.MethodInvocationHelper.invokeMethod(MethodInvocationHelper.java:141)
	at org.testng.internal.invokers.TestInvoker.invokeMethod(TestInvoker.java:687)
	at org.testng.internal.invokers.TestInvoker.invokeTestMethod(TestInvoker.java:230)
	at org.testng.internal.invokers.MethodRunner.runInSequence(MethodRunner.java:63)
	at org.testng.internal.invokers.TestInvoker$MethodInvocationAgent.invoke(TestInvoker.java:995)
	at org.testng.internal.invokers.TestInvoker.invokeTestMethods(TestInvoker.java:203)
	at org.testng.internal.invokers.TestMethodWorker.invokeTestMethods(TestMethodWorker.java:154)
	at org.testng.internal.invokers.TestMethodWorker.run(TestMethodWorker.java:134)
	at java.base/java.util.ArrayList.forEach(ArrayList.java:1596)
	at org.testng.TestRunner.privateRun(TestRunner.java:741)
	at org.testng.TestRunner.run(TestRunner.java:616)
	at org.testng.SuiteRunner.runTest(SuiteRunner.java:421)
	at org.testng.SuiteRunner.runSequentially(SuiteRunner.java:413)
	at org.testng.SuiteRunner.privateRun(SuiteRunner.java:373)
	at org.testng.SuiteRunner.run(SuiteRunner.java:312)
	at org.testng.SuiteRunnerWorker.runSuite(SuiteRunnerWorker.java:52)
	at org.testng.SuiteRunnerWorker.run(SuiteRunnerWorker.java:95)
	at org.testng.TestNG.runSuitesSequentially(TestNG.java:1274)
	at org.testng.TestNG.runSuitesLocally(TestNG.java:1208)
	at org.testng.TestNG.runSuites(TestNG.java:1112)
	at org.testng.TestNG.run(TestNG.java:1079)
	at org.testng.remote.AbstractRemoteTestNG.run(AbstractRemoteTestNG.java:115)
	at org.testng.remote.RemoteTestNG.initAndRun(RemoteTestNG.java:293)
	at org.testng.remote.RemoteTestNG.main(RemoteTestNG.java:91)
</pre></div><a href='#' onClick='toggleBox("stack-trace413788379", this, "Click to show all stack frames", "Click to hide stack frames")'>Click to show all stack frames</a>
<div class='stack-trace' id='stack-trace413788379'><pre>org.openqa.selenium.NoSuchElementException: no such element: Unable to locate element: {&quot;method&quot;:&quot;xpath&quot;,&quot;selector&quot;:&quot;//input[@value=&apos;307&apos;]&quot;}
  (Session info: chrome=142.0.7444.163)
For documentation on this error, please visit: https://www.selenium.dev/documentation/webdriver/troubleshooting/errors#no-such-element-exception
Build info: version: &apos;4.34.0&apos;, revision: &apos;707dcb4246*&apos;
System info: os.name: &apos;Windows 11&apos;, os.arch: &apos;amd64&apos;, os.version: &apos;10.0&apos;, java.version: &apos;21.0.1&apos;
Driver info: org.openqa.selenium.chrome.ChromeDriver
Command: [87a066ee084b55dd4239a018a15ffde0, findElement {using=xpath, value=//input[@value=&apos;307&apos;]}]
Capabilities {acceptInsecureCerts: false, browserName: chrome, browserVersion: 142.0.7444.163, chrome: {chromedriverVersion: 142.0.7444.175 (302067f14a4..., userDataDir: C:\Users\lenovo\AppData\Loc...}, fedcm:accounts: true, goog:chromeOptions: {debuggerAddress: localhost:49688}, goog:processID: 37884, networkConnectionEnabled: false, pageLoadStrategy: normal, platformName: windows, proxy: Proxy(), se:cdp: ws://localhost:49688/devtoo..., se:cdpVersion: 142.0.7444.163, setWindowRect: true, strictFileInteractability: false, timeouts: {implicit: 0, pageLoad: 300000, script: 30000}, unhandledPromptBehavior: dismiss and notify, webauthn:extension:credBlob: true, webauthn:extension:largeBlob: true, webauthn:extension:minPinLength: true, webauthn:extension:prf: true, webauthn:virtualAuthenticators: true}
Session ID: 87a066ee084b55dd4239a018a15ffde0
	at java.base/jdk.internal.reflect.DirectConstructorHandleAccessor.newInstance(DirectConstructorHandleAccessor.java:62)
	at java.base/java.lang.reflect.Constructor.newInstanceWithCaller(Constructor.java:502)
	at java.base/java.lang.reflect.Constructor.newInstance(Constructor.java:486)
	at org.openqa.selenium.remote.ErrorCodec.decode(ErrorCodec.java:167)
	at org.openqa.selenium.remote.codec.w3c.W3CHttpResponseCodec.decode(W3CHttpResponseCodec.java:138)
	at org.openqa.selenium.remote.codec.w3c.W3CHttpResponseCodec.decode(W3CHttpResponseCodec.java:50)
	at org.openqa.selenium.remote.HttpCommandExecutor.execute(HttpCommandExecutor.java:215)
	at org.openqa.selenium.remote.service.DriverCommandExecutor.invokeExecute(DriverCommandExecutor.java:216)
	at org.openqa.selenium.remote.service.DriverCommandExecutor.execute(DriverCommandExecutor.java:174)
	at org.openqa.selenium.remote.RemoteWebDriver.execute(RemoteWebDriver.java:544)
	at org.openqa.selenium.remote.ElementLocation$ElementFinder$2.findElement(ElementLocation.java:165)
	at org.openqa.selenium.remote.ElementLocation.findElement(ElementLocation.java:59)
	at org.openqa.selenium.remote.RemoteWebDriver.findElement(RemoteWebDriver.java:367)
	at org.openqa.selenium.remote.RemoteWebDriver.findElement(RemoteWebDriver.java:361)
	at org.openqa.selenium.support.pagefactory.DefaultElementLocator.findElement(DefaultElementLocator.java:68)
	at org.openqa.selenium.support.pagefactory.internal.LocatingElementHandler.invoke(LocatingElementHandler.java:38)
	at jdk.proxy2/jdk.proxy2.$Proxy17.getWrappedElement(Unknown Source)
	at org.openqa.selenium.remote.WebElementToJsonConverter.apply(WebElementToJsonConverter.java:48)
	at java.base/java.util.stream.ReferencePipeline$3$1.accept(ReferencePipeline.java:197)
	at java.base/java.util.Spliterators$ArraySpliterator.forEachRemaining(Spliterators.java:1024)
	at java.base/java.util.stream.AbstractPipeline.copyInto(AbstractPipeline.java:509)
	at java.base/java.util.stream.AbstractPipeline.wrapAndCopyInto(AbstractPipeline.java:499)
	at java.base/java.util.stream.ReduceOps$ReduceOp.evaluateSequential(ReduceOps.java:921)
	at java.base/java.util.stream.AbstractPipeline.evaluate(AbstractPipeline.java:234)
	at java.base/java.util.stream.ReferencePipeline.collect(ReferencePipeline.java:682)
	at org.openqa.selenium.remote.RemoteWebDriver.executeScript(RemoteWebDriver.java:473)
	at AutomationTestDemo.Utility.WebUtility.scrollAndClick(WebUtility.java:532)
	at automationTestDemoPage.Login.createNewSuperUserPage.deleteUser(createNewSuperUserPage.java:202)
	at AutomationTestDemo.LoginTest.createNewUserTest.delCrtdUsr_13733(createNewUserTest.java:191)
	at java.base/jdk.internal.reflect.DirectMethodHandleAccessor.invoke(DirectMethodHandleAccessor.java:103)
	at java.base/java.lang.reflect.Method.invoke(Method.java:580)
	at org.testng.internal.invokers.MethodInvocationHelper.invokeMethod(MethodInvocationHelper.java:141)
	at org.testng.internal.invokers.TestInvoker.invokeMethod(TestInvoker.java:687)
	at org.testng.internal.invokers.TestInvoker.invokeTestMethod(TestInvoker.java:230)
	at org.testng.internal.invokers.MethodRunner.runInSequence(MethodRunner.java:63)
	at org.testng.internal.invokers.TestInvoker$MethodInvocationAgent.invoke(TestInvoker.java:995)
	at org.testng.internal.invokers.TestInvoker.invokeTestMethods(TestInvoker.java:203)
	at org.testng.internal.invokers.TestMethodWorker.invokeTestMethods(TestMethodWorker.java:154)
	at org.testng.internal.invokers.TestMethodWorker.run(TestMethodWorker.java:134)
	at java.base/java.util.ArrayList.forEach(ArrayList.java:1596)
	at org.testng.TestRunner.privateRun(TestRunner.java:741)
	at org.testng.TestRunner.run(TestRunner.java:616)
	at org.testng.SuiteRunner.runTest(SuiteRunner.java:421)
	at org.testng.SuiteRunner.runSequentially(SuiteRunner.java:413)
	at org.testng.SuiteRunner.privateRun(SuiteRunner.java:373)
	at org.testng.SuiteRunner.run(SuiteRunner.java:312)
	at org.testng.SuiteRunnerWorker.runSuite(SuiteRunnerWorker.java:52)
	at org.testng.SuiteRunnerWorker.run(SuiteRunnerWorker.java:95)
	at org.testng.TestNG.runSuitesSequentially(TestNG.java:1274)
	at org.testng.TestNG.runSuitesLocally(TestNG.java:1208)
	at org.testng.TestNG.runSuites(TestNG.java:1112)
	at org.testng.TestNG.run(TestNG.java:1079)
	at org.testng.remote.AbstractRemoteTestNG.run(AbstractRemoteTestNG.java:115)
	at org.testng.remote.RemoteTestNG.initAndRun(RemoteTestNG.java:293)
	at org.testng.remote.RemoteTestNG.main(RemoteTestNG.java:91)
</pre></div></td>
<td>38</td>
<td>AutomationTestDemo.LoginTest.createNewUserTest@278f8425</td></tr>
</table><p>
<table width='100%' border='1' class='invocation-passed'>
<tr><td colspan='4' align='center'><b>PASSED TESTS</b></td></tr>
<tr><td><b>Test method</b></td>
<td><b>Attribute(s)</b></td>
<td width="30%"><b>Exception</b></td>
<td width="10%"><b>Time (seconds)</b></td>
<td><b>Instance</b></td>
</tr>
<tr>
<td title='AutomationTestDemo.LoginTest.createNewUserTest.crtSupUsrWithBlkPass_13721()'><b>crtSupUsrWithBlkPass_13721</b><br>Test class: AutomationTestDemo.LoginTest.createNewUserTest<br>Parameters: crtSupUsrWithBlkPass_13721, This field is required.</td>
<td></td>
<td>33</td>
<td>AutomationTestDemo.LoginTest.createNewUserTest@278f8425</td></tr>
<tr>
<td title='AutomationTestDemo.LoginTest.createNewUserTest.crtUsrInvDtOnSave_13713()'><b>crtUsrInvDtOnSave_13713</b><br>Test class: AutomationTestDemo.LoginTest.createNewUserTest<br>Parameters: crtUsrInvDtOnSave_13713, Enter a valid email address.</td>
<td></td>
<td>32</td>
<td>AutomationTestDemo.LoginTest.createNewUserTest@278f8425</td></tr>
<tr>
<td title='AutomationTestDemo.LoginTest.createNewUserTest.deleteMultipleUser_13734()'><b>deleteMultipleUser_13734</b><br>Test class: AutomationTestDemo.LoginTest.createNewUserTest<br>Parameters: deleteMultipleUser_13734, Successfully deleted 2 users.</td>
<td></td>
<td>55</td>
<td>AutomationTestDemo.LoginTest.createNewUserTest@278f8425</td></tr>
<tr>
<td title='AutomationTestDemo.LoginTest.createNewUserTest.crtSupUsrWthOutDtl_13720()'><b>crtSupUsrWthOutDtl_13720</b><br>Test class: AutomationTestDemo.LoginTest.createNewUserTest<br>Parameters: crtSupUsrWthOutDtl_13720, This field is required.</td>
<td></td>
<td>33</td>
<td>AutomationTestDemo.LoginTest.createNewUserTest@278f8425</td></tr>
<tr>
<td title='AutomationTestDemo.LoginTest.createNewUserTest.createSupUsrWithValDtl_13709()'><b>createSupUsrWithValDtl_13709</b><br>Test class: AutomationTestDemo.LoginTest.createNewUserTest<br>Parameters: createSupUsrWithValDtl_13709, The user “” was added successfully. You may edit it again below.</td>
<td></td>
<td>39</td>
<td>AutomationTestDemo.LoginTest.createNewUserTest@278f8425</td></tr>
<tr>
<td title='AutomationTestDemo.LoginTest.createNewUserTest.crtSupUsrWithDupEmail_13716()'><b>crtSupUsrWithDupEmail_13716</b><br>Test class: AutomationTestDemo.LoginTest.createNewUserTest<br>Parameters: crtSupUsrWithDupEmail_13716, User with this Email already exists.</td>
<td></td>
<td>33</td>
<td>AutomationTestDemo.LoginTest.createNewUserTest@278f8425</td></tr>
<tr>
<td title='AutomationTestDemo.LoginTest.LoginTest.loginWithWrongPassword_13705()'><b>loginWithWrongPassword_13705</b><br>Test class: AutomationTestDemo.LoginTest.LoginTest<br>Parameters: loginWithWrongPassword_13705, pravin.yadav@medivoxx.com, WrongPassEnter, Please enter the correct email and password for a staff account. Note that both fields may be case-sensitive.</td>
<td></td>
<td>1</td>
<td>AutomationTestDemo.LoginTest.LoginTest@59712875</td></tr>
<tr>
<td title='AutomationTestDemo.LoginTest.createNewUserTest.crtUsrInvDtSaveAddAno_13714()'><b>crtUsrInvDtSaveAddAno_13714</b><br>Test class: AutomationTestDemo.LoginTest.createNewUserTest<br>Parameters: crtUsrInvDtSaveAddAno_13714, Enter a valid email address.</td>
<td></td>
<td>34</td>
<td>AutomationTestDemo.LoginTest.createNewUserTest@278f8425</td></tr>
<tr>
<td title='AutomationTestDemo.LoginTest.createNewUserTest.viewExistUsrDtl_13722()'><b>viewExistUsrDtl_13722</b><br>Test class: AutomationTestDemo.LoginTest.createNewUserTest<br>Parameters: viewExistUsrDtl_13722, Sharad2 Bhalke</td>
<td></td>
<td>33</td>
<td>AutomationTestDemo.LoginTest.createNewUserTest@278f8425</td></tr>
<tr>
<td title='AutomationTestDemo.LoginTest.createNewUserTest.addUsrPerm_13739()'><b>addUsrPerm_13739</b><br>Test class: AutomationTestDemo.LoginTest.createNewUserTest<br>Parameters: createSupUsrWithValDtl_13709, The user “” was added successfully. You may edit it again below., , </td>
<td></td>
<td>89</td>
<td>AutomationTestDemo.LoginTest.createNewUserTest@278f8425</td></tr>
<tr>
<td title='AutomationTestDemo.LoginTest.createNewUserTest.crtUsrInvDtSaveConEdti_13715()'><b>crtUsrInvDtSaveConEdti_13715</b><br>Test class: AutomationTestDemo.LoginTest.createNewUserTest<br>Parameters: crtUsrInvDtSaveConEdti_13715, Enter a valid email address.</td>
<td></td>
<td>33</td>
<td>AutomationTestDemo.LoginTest.createNewUserTest@278f8425</td></tr>
<tr>
<td title='AutomationTestDemo.LoginTest.createNewUserTest.crtSupUsrWithBlkConPass_13722()'><b>crtSupUsrWithBlkConPass_13722</b><br>Test class: AutomationTestDemo.LoginTest.createNewUserTest<br>Parameters: crtSupUsrWithBlkConPass_13722, This field is required.</td>
<td></td>
<td>34</td>
<td>AutomationTestDemo.LoginTest.createNewUserTest@278f8425</td></tr>
<tr>
<td title='AutomationTestDemo.LoginTest.createNewUserTest.crtSupUsrSaveAddAno_13710()'><b>crtSupUsrSaveAddAno_13710</b><br>Test class: AutomationTestDemo.LoginTest.createNewUserTest<br>Parameters: crtSupUsrSaveAddAno_13710, The user “” was added successfully. You may add another user below.</td>
<td></td>
<td>36</td>
<td>AutomationTestDemo.LoginTest.createNewUserTest@278f8425</td></tr>
<tr>
<td title='AutomationTestDemo.LoginTest.LoginTest.loginWithWrongEmailAndPassword_13707()'><b>loginWithWrongEmailAndPassword_13707</b><br>Test class: AutomationTestDemo.LoginTest.LoginTest<br>Parameters: loginWithWrongEmailAndPassword_13707, WrongUserName, WrongPassWord, Please enter the correct email and password for a staff account. Note that both fields may be case-sensitive.</td>
<td></td>
<td>1</td>
<td>AutomationTestDemo.LoginTest.LoginTest@59712875</td></tr>
<tr>
<td title='AutomationTestDemo.LoginTest.createNewUserTest.crtSupUsrWithWkPass_13717()'><b>crtSupUsrWithWkPass_13717</b><br>Test class: AutomationTestDemo.LoginTest.createNewUserTest<br>Parameters: crtSupUsrWithWkPass_13717, This password is too common.</td>
<td></td>
<td>32</td>
<td>AutomationTestDemo.LoginTest.createNewUserTest@278f8425</td></tr>
<tr>
<td title='AutomationTestDemo.LoginTest.createNewUserTest.crtSupUsrWithBlkEmail_13719()'><b>crtSupUsrWithBlkEmail_13719</b><br>Test class: AutomationTestDemo.LoginTest.createNewUserTest<br>Parameters: crtSupUsrWithBlkEmail_13719, This field is required.</td>
<td></td>
<td>33</td>
<td>AutomationTestDemo.LoginTest.createNewUserTest@278f8425</td></tr>
<tr>
<td title='AutomationTestDemo.LoginTest.LoginTest.loginWithWrongEmail_13706()'><b>loginWithWrongEmail_13706</b><br>Test class: AutomationTestDemo.LoginTest.LoginTest<br>Parameters: loginWithWrongEmail_13706, asd@gmail.comm, Pass@2025, Please enter the correct email and password for a staff account. Note that both fields may be case-sensitive.</td>
<td></td>
<td>1</td>
<td>AutomationTestDemo.LoginTest.LoginTest@59712875</td></tr>
<tr>
<td title='AutomationTestDemo.LoginTest.createNewUserTest.crtSupUsrWithMisPass_13718()'><b>crtSupUsrWithMisPass_13718</b><br>Test class: AutomationTestDemo.LoginTest.createNewUserTest<br>Parameters: crtSupUsrWithMisPass_13718, The two password fields didn’t match.</td>
<td></td>
<td>33</td>
<td>AutomationTestDemo.LoginTest.createNewUserTest@278f8425</td></tr>
<tr>
<td title='AutomationTestDemo.LoginTest.createNewUserTest.updUsrDtl_13723()'><b>updUsrDtl_13723</b><br>Test class: AutomationTestDemo.LoginTest.createNewUserTest<br>Parameters: updUsrDtl_13723, The user “Sharad2 Bhalke” was changed successfully.</td>
<td></td>
<td>56</td>
<td>AutomationTestDemo.LoginTest.createNewUserTest@278f8425</td></tr>
<tr>
<td title='AutomationTestDemo.LoginTest.createNewUserTest.crtSupUsrSaveConEdti_13712()'><b>crtSupUsrSaveConEdti_13712</b><br>Test class: AutomationTestDemo.LoginTest.createNewUserTest<br>Parameters: crtSupUsrSaveConEdti_13712, The user “” was added successfully. You may edit it again below.</td>
<td></td>
<td>37</td>
<td>AutomationTestDemo.LoginTest.createNewUserTest@278f8425</td></tr>
<tr>
<td title='AutomationTestDemo.LoginTest.LoginTest.validLogin_13704()'><b>validLogin_13704</b><br>Test class: AutomationTestDemo.LoginTest.LoginTest</td>
<td></td>
<td>13</td>
<td>AutomationTestDemo.LoginTest.LoginTest@59712875</td></tr>
</table><p>
</body>
</html>